#
# There is insufficient memory for the Java Runtime Environment to continue.
# Native memory allocation (malloc) failed to allocate 1131856 bytes for Chunk::new
# Possible reasons:
#   The system is out of physical RAM or swap space
#   The process is running with CompressedOops enabled, and the Java Heap may be blocking the growth of the native heap
# Possible solutions:
#   Reduce memory load on the system
#   Increase physical memory or swap space
#   Check if swap backing store is full
#   Decrease Java heap size (-Xmx/-Xms)
#   Decrease number of Java threads
#   Decrease Java thread stack sizes (-Xss)
#   Set larger code cache with -XX:ReservedCodeCacheSize=
#   JVM is running with Unscaled Compressed Oops mode in which the Java heap is
#     placed in the first 4GB address space. The Java Heap base address is the
#     maximum limit for the native heap growth. Please use -XX:HeapBaseMinAddress
#     to set the Java Heap base and to place the Java Heap above 4GB virtual address.
# This output file may be truncated or incomplete.
#
#  Out of Memory Error (arena.cpp:184), pid=26324, tid=11952
#
# JRE version: Java(TM) SE Runtime Environment (20.0.2+9) (build 20.0.2+9-78)
# Java VM: Java HotSpot(TM) 64-Bit Server VM (20.0.2+9-78, mixed mode, sharing, tiered, compressed oops, compressed class ptrs, g1 gc, windows-amd64)
# No core dump will be written. Minidumps are not enabled by default on client versions of Windows
#

---------------  S U M M A R Y ------------

Command Line: -javaagent:C:\Program Files\JetBrains\IntelliJ IDEA Community Edition 2023.2\lib\idea_rt.jar=64104:C:\Program Files\JetBrains\IntelliJ IDEA Community Edition 2023.2\bin -Dfile.encoding=UTF-8 -Dsun.stdout.encoding=UTF-8 -Dsun.stderr.encoding=UTF-8 com.lcwd.electronic.store.ElectronicStoreApplication

Host: Intel(R) Core(TM) i5-8265U CPU @ 1.60GHz, 8 cores, 7G,  Windows 11 , 64 bit Build 22621 (10.0.22621.2506)
Time: Thu Jan 11 03:07:21 2024 India Standard Time elapsed time: 4.544023 seconds (0d 0h 0m 4s)

---------------  T H R E A D  ---------------

Current thread (0x000002429dd437f0):  JavaThread "C2 CompilerThread1" daemon [_thread_in_native, id=11952, stack(0x0000004408b00000,0x0000004408c00000)]


Current CompileTask:
C2:   4544 2000   !   4       java.net.URL::<init> (543 bytes)

Stack: [0x0000004408b00000,0x0000004408c00000]
Native frames: (J=compiled Java code, j=interpreted, Vv=VM code, C=native code)
V  [jvm.dll+0x6bc25a]
V  [jvm.dll+0x84971a]
V  [jvm.dll+0x84b315]
V  [jvm.dll+0x84ba13]
V  [jvm.dll+0x280e4f]
V  [jvm.dll+0xc2ab1]
V  [jvm.dll+0xc2dd5]
V  [jvm.dll+0x3bb612]
V  [jvm.dll+0x385b75]
V  [jvm.dll+0x384fea]
V  [jvm.dll+0x24b529]
V  [jvm.dll+0x24a921]
V  [jvm.dll+0x1ce761]
V  [jvm.dll+0x25a0eb]
V  [jvm.dll+0x2587c0]
V  [jvm.dll+0x3f2dd5]
V  [jvm.dll+0x7f5c76]
V  [jvm.dll+0x6baecb]
C  [ucrtbase.dll+0x29363]
C  [KERNEL32.DLL+0x1257d]
C  [ntdll.dll+0x5aa58]


---------------  P R O C E S S  ---------------

Threads class SMR info:
_java_thread_list=0x000002429d645c40, length=16, elements={
0x000002423b374250, 0x0000024257d480e0, 0x0000024257d48ee0, 0x0000024257d49f20,
0x0000024257d4ec70, 0x0000024257d4f6b0, 0x0000024257d4fff0, 0x0000024257d50c60,
0x0000024257d52d90, 0x000002429d0a5100, 0x000002429d333d30, 0x000002429d334280,
0x000002429d7d0030, 0x000002429d7e74a0, 0x000002429dd437f0, 0x000002429dd3af70
}

Java Threads: ( => current thread )
  0x000002423b374250 JavaThread "main" [_thread_blocked, id=20380, stack(0x0000004406f00000,0x0000004407000000)]
  0x0000024257d480e0 JavaThread "Reference Handler" daemon [_thread_blocked, id=8364, stack(0x0000004407600000,0x0000004407700000)]
  0x0000024257d48ee0 JavaThread "Finalizer" daemon [_thread_blocked, id=25732, stack(0x0000004407700000,0x0000004407800000)]
  0x0000024257d49f20 JavaThread "Signal Dispatcher" daemon [_thread_blocked, id=16564, stack(0x0000004407800000,0x0000004407900000)]
  0x0000024257d4ec70 JavaThread "Attach Listener" daemon [_thread_blocked, id=26668, stack(0x0000004407900000,0x0000004407a00000)]
  0x0000024257d4f6b0 JavaThread "Service Thread" daemon [_thread_blocked, id=27272, stack(0x0000004407a00000,0x0000004407b00000)]
  0x0000024257d4fff0 JavaThread "Monitor Deflation Thread" daemon [_thread_blocked, id=24976, stack(0x0000004407b00000,0x0000004407c00000)]
  0x0000024257d50c60 JavaThread "C2 CompilerThread0" daemon [_thread_in_native, id=19992, stack(0x0000004407c00000,0x0000004407d00000)]
  0x0000024257d52d90 JavaThread "C1 CompilerThread0" daemon [_thread_in_native, id=26156, stack(0x0000004407d00000,0x0000004407e00000)]
  0x000002429d0a5100 JavaThread "Common-Cleaner" daemon [_thread_blocked, id=26348, stack(0x0000004407e00000,0x0000004407f00000)]
  0x000002429d333d30 JavaThread "Monitor Ctrl-Break" daemon [_thread_in_native, id=24300, stack(0x0000004407f00000,0x0000004408000000)]
  0x000002429d334280 JavaThread "Notification Thread" daemon [_thread_blocked, id=11576, stack(0x0000004408000000,0x0000004408100000)]
  0x000002429d7d0030 JavaThread "Thread-0" [_thread_blocked, id=22300, stack(0x0000004408200000,0x0000004408300000)]
  0x000002429d7e74a0 JavaThread "restartedMain" [_thread_in_vm, id=7708, stack(0x0000004408300000,0x0000004408400000)]
=>0x000002429dd437f0 JavaThread "C2 CompilerThread1" daemon [_thread_in_native, id=11952, stack(0x0000004408b00000,0x0000004408c00000)]
  0x000002429dd3af70 JavaThread "background-preinit" [_thread_in_vm, id=16900, stack(0x0000004408c00000,0x0000004408d00000)]

Other Threads:
  0x0000024257d29ab0 VMThread "VM Thread" [stack: 0x0000004407500000,0x0000004407600000] [id=27052]
  0x000002429d3347d0 WatcherThread "VM Periodic Task Thread" [stack: 0x0000004408100000,0x0000004408200000] [id=25756]
  0x000002423b3d3e20 WorkerThread "GC Thread#0" [stack: 0x0000004407000000,0x0000004407100000] [id=27028]
  0x000002429d903460 WorkerThread "GC Thread#1" [stack: 0x0000004408400000,0x0000004408500000] [id=17908]
  0x000002429d8fc7b0 WorkerThread "GC Thread#2" [stack: 0x0000004408500000,0x0000004408600000] [id=24684]
  0x000002429d8fca80 WorkerThread "GC Thread#3" [stack: 0x0000004408600000,0x0000004408700000] [id=22720]
  0x000002429dc4f860 WorkerThread "GC Thread#4" [stack: 0x0000004408700000,0x0000004408800000] [id=10148]
  0x000002429dc4fb30 WorkerThread "GC Thread#5" [stack: 0x0000004408800000,0x0000004408900000] [id=3448]
  0x000002429dc4eff0 WorkerThread "GC Thread#6" [stack: 0x0000004408900000,0x0000004408a00000] [id=22848]
  0x000002429dc4f2c0 WorkerThread "GC Thread#7" [stack: 0x0000004408a00000,0x0000004408b00000] [id=9676]
  0x000002423b3e4970 ConcurrentGCThread "G1 Main Marker" [stack: 0x0000004407100000,0x0000004407200000] [id=19008]
  0x000002423b3e53a0 WorkerThread "G1 Conc#0" [stack: 0x0000004407200000,0x0000004407300000] [id=16016]
  0x0000024257bd7500 ConcurrentGCThread "G1 Refine#0" [stack: 0x0000004407300000,0x0000004407400000] [id=3480]
  0x0000024257bd7f50 ConcurrentGCThread "G1 Service" [stack: 0x0000004407400000,0x0000004407500000] [id=15304]

Threads with active compile tasks:
C2 CompilerThread0     4645 2156 %     4       java.util.Properties::load0 @ 29 (249 bytes)
C1 CompilerThread0     4645 2175   !   3       org.springframework.util.ConcurrentReferenceHashMap$Segment::doTask (179 bytes)
C2 CompilerThread1     4646 2000   !   4       java.net.URL::<init> (543 bytes)

VM state: not at safepoint (normal execution)

VM Mutex/Monitor currently owned by a thread:  ([mutex/lock_event])
[0x000002423b3701c0] MethodCompileQueue_lock - owner thread: 0x0000024257d52d90
[0x000002423b3705b0] CodeCache_lock - owner thread: 0x0000024257d52d90
[0x000002423b370a30] Compile_lock - owner thread: 0x0000024257d52d90

Heap address: 0x0000000081e00000, size: 2018 MB, Compressed Oops mode: 32-bit

CDS archive(s) mapped at: [0x0000024258000000-0x0000024258c60000-0x0000024258c60000), size 12976128, SharedBaseAddress: 0x0000024258000000, ArchiveRelocationMode: 1.
Compressed class space mapped at: 0x0000024259000000-0x0000024299000000, reserved size: 1073741824
Narrow klass base: 0x0000024258000000, Narrow klass shift: 0, Narrow klass range: 0x100000000

GC Precious Log:
 CardTable entry size: 512
 Card Set container configuration: InlinePtr #cards 5 size 8 Array Of Cards #cards 12 size 40 Howl #buckets 4 coarsen threshold 1843 Howl Bitmap #cards 512 size 80 coarsen threshold 460 Card regions per heap region 1 cards per card region 2048
 CPUs: 8 total, 8 available
 Memory: 8070M
 Large Page Support: Disabled
 NUMA Support: Disabled
 Compressed Oops: Enabled (32-bit)
 Heap Region Size: 1M
 Heap Min Capacity: 8M
 Heap Initial Capacity: 128M
 Heap Max Capacity: 2018M
 Pre-touch: Disabled
 Parallel Workers: 8
 Concurrent Workers: 2
 Concurrent Refinement Workers: 8
 Periodic GC: Disabled

Heap:
 garbage-first heap   total 131072K, used 27337K [0x0000000081e00000, 0x0000000100000000)
  region size 1024K, 22 young (22528K), 3 survivors (3072K)
 Metaspace       used 17560K, committed 17792K, reserved 1114112K
  class space    used 2146K, committed 2240K, reserved 1048576K

Heap Regions: E=young(eden), S=young(survivor), O=old, HS=humongous(starts), HC=humongous(continues), CS=collection set, F=free, OA=open archive, CA=closed archive, TAMS=top-at-mark-start, PB=parsable bottom
|   0|0x0000000081e00000, 0x0000000081f00000, 0x0000000081f00000|100%|HS|  |TAMS 0x0000000081e00000| PB 0x0000000081e00000| Complete 
|   1|0x0000000081f00000, 0x0000000082000000, 0x0000000082000000|100%| O|  |TAMS 0x0000000081f00000| PB 0x0000000081f00000| Untracked 
|   2|0x0000000082000000, 0x0000000082100000, 0x0000000082100000|100%| O|  |TAMS 0x0000000082000000| PB 0x0000000082000000| Untracked 
|   3|0x0000000082100000, 0x0000000082200000, 0x0000000082200000|100%| O|  |TAMS 0x0000000082100000| PB 0x0000000082100000| Untracked 
|   4|0x0000000082200000, 0x0000000082300000, 0x0000000082300000|100%| O|  |TAMS 0x0000000082200000| PB 0x0000000082200000| Untracked 
|   5|0x0000000082300000, 0x0000000082400000, 0x0000000082400000|100%| O|  |TAMS 0x0000000082300000| PB 0x0000000082300000| Untracked 
|   6|0x0000000082400000, 0x0000000082500000, 0x0000000082500000|100%| O|  |TAMS 0x0000000082400000| PB 0x0000000082400000| Untracked 
|   7|0x0000000082500000, 0x000000008254f000, 0x0000000082600000| 30%| O|  |TAMS 0x0000000082500000| PB 0x0000000082500000| Untracked 
|   8|0x0000000082600000, 0x0000000082600000, 0x0000000082700000|  0%| F|  |TAMS 0x0000000082600000| PB 0x0000000082600000| Untracked 
|   9|0x0000000082700000, 0x0000000082700000, 0x0000000082800000|  0%| F|  |TAMS 0x0000000082700000| PB 0x0000000082700000| Untracked 
|  10|0x0000000082800000, 0x0000000082800000, 0x0000000082900000|  0%| F|  |TAMS 0x0000000082800000| PB 0x0000000082800000| Untracked 
|  11|0x0000000082900000, 0x0000000082900000, 0x0000000082a00000|  0%| F|  |TAMS 0x0000000082900000| PB 0x0000000082900000| Untracked 
|  12|0x0000000082a00000, 0x0000000082a00000, 0x0000000082b00000|  0%| F|  |TAMS 0x0000000082a00000| PB 0x0000000082a00000| Untracked 
|  13|0x0000000082b00000, 0x0000000082b00000, 0x0000000082c00000|  0%| F|  |TAMS 0x0000000082b00000| PB 0x0000000082b00000| Untracked 
|  14|0x0000000082c00000, 0x0000000082c00000, 0x0000000082d00000|  0%| F|  |TAMS 0x0000000082c00000| PB 0x0000000082c00000| Untracked 
|  15|0x0000000082d00000, 0x0000000082d00000, 0x0000000082e00000|  0%| F|  |TAMS 0x0000000082d00000| PB 0x0000000082d00000| Untracked 
|  16|0x0000000082e00000, 0x0000000082e00000, 0x0000000082f00000|  0%| F|  |TAMS 0x0000000082e00000| PB 0x0000000082e00000| Untracked 
|  17|0x0000000082f00000, 0x0000000082f00000, 0x0000000083000000|  0%| F|  |TAMS 0x0000000082f00000| PB 0x0000000082f00000| Untracked 
|  18|0x0000000083000000, 0x0000000083000000, 0x0000000083100000|  0%| F|  |TAMS 0x0000000083000000| PB 0x0000000083000000| Untracked 
|  19|0x0000000083100000, 0x0000000083100000, 0x0000000083200000|  0%| F|  |TAMS 0x0000000083100000| PB 0x0000000083100000| Untracked 
|  20|0x0000000083200000, 0x0000000083200000, 0x0000000083300000|  0%| F|  |TAMS 0x0000000083200000| PB 0x0000000083200000| Untracked 
|  21|0x0000000083300000, 0x0000000083300000, 0x0000000083400000|  0%| F|  |TAMS 0x0000000083300000| PB 0x0000000083300000| Untracked 
|  22|0x0000000083400000, 0x0000000083400000, 0x0000000083500000|  0%| F|  |TAMS 0x0000000083400000| PB 0x0000000083400000| Untracked 
|  23|0x0000000083500000, 0x0000000083500000, 0x0000000083600000|  0%| F|  |TAMS 0x0000000083500000| PB 0x0000000083500000| Untracked 
|  24|0x0000000083600000, 0x0000000083600000, 0x0000000083700000|  0%| F|  |TAMS 0x0000000083600000| PB 0x0000000083600000| Untracked 
|  25|0x0000000083700000, 0x0000000083700000, 0x0000000083800000|  0%| F|  |TAMS 0x0000000083700000| PB 0x0000000083700000| Untracked 
|  26|0x0000000083800000, 0x0000000083800000, 0x0000000083900000|  0%| F|  |TAMS 0x0000000083800000| PB 0x0000000083800000| Untracked 
|  27|0x0000000083900000, 0x0000000083900000, 0x0000000083a00000|  0%| F|  |TAMS 0x0000000083900000| PB 0x0000000083900000| Untracked 
|  28|0x0000000083a00000, 0x0000000083a00000, 0x0000000083b00000|  0%| F|  |TAMS 0x0000000083a00000| PB 0x0000000083a00000| Untracked 
|  29|0x0000000083b00000, 0x0000000083b00000, 0x0000000083c00000|  0%| F|  |TAMS 0x0000000083b00000| PB 0x0000000083b00000| Untracked 
|  30|0x0000000083c00000, 0x0000000083c00000, 0x0000000083d00000|  0%| F|  |TAMS 0x0000000083c00000| PB 0x0000000083c00000| Untracked 
|  31|0x0000000083d00000, 0x0000000083d00000, 0x0000000083e00000|  0%| F|  |TAMS 0x0000000083d00000| PB 0x0000000083d00000| Untracked 
|  32|0x0000000083e00000, 0x0000000083e00000, 0x0000000083f00000|  0%| F|  |TAMS 0x0000000083e00000| PB 0x0000000083e00000| Untracked 
|  33|0x0000000083f00000, 0x0000000083f00000, 0x0000000084000000|  0%| F|  |TAMS 0x0000000083f00000| PB 0x0000000083f00000| Untracked 
|  34|0x0000000084000000, 0x0000000084000000, 0x0000000084100000|  0%| F|  |TAMS 0x0000000084000000| PB 0x0000000084000000| Untracked 
|  35|0x0000000084100000, 0x0000000084100000, 0x0000000084200000|  0%| F|  |TAMS 0x0000000084100000| PB 0x0000000084100000| Untracked 
|  36|0x0000000084200000, 0x0000000084200000, 0x0000000084300000|  0%| F|  |TAMS 0x0000000084200000| PB 0x0000000084200000| Untracked 
|  37|0x0000000084300000, 0x0000000084300000, 0x0000000084400000|  0%| F|  |TAMS 0x0000000084300000| PB 0x0000000084300000| Untracked 
|  38|0x0000000084400000, 0x0000000084400000, 0x0000000084500000|  0%| F|  |TAMS 0x0000000084400000| PB 0x0000000084400000| Untracked 
|  39|0x0000000084500000, 0x0000000084500000, 0x0000000084600000|  0%| F|  |TAMS 0x0000000084500000| PB 0x0000000084500000| Untracked 
|  40|0x0000000084600000, 0x0000000084600000, 0x0000000084700000|  0%| F|  |TAMS 0x0000000084600000| PB 0x0000000084600000| Untracked 
|  41|0x0000000084700000, 0x0000000084700000, 0x0000000084800000|  0%| F|  |TAMS 0x0000000084700000| PB 0x0000000084700000| Untracked 
|  42|0x0000000084800000, 0x0000000084800000, 0x0000000084900000|  0%| F|  |TAMS 0x0000000084800000| PB 0x0000000084800000| Untracked 
|  43|0x0000000084900000, 0x0000000084900000, 0x0000000084a00000|  0%| F|  |TAMS 0x0000000084900000| PB 0x0000000084900000| Untracked 
|  44|0x0000000084a00000, 0x0000000084a00000, 0x0000000084b00000|  0%| F|  |TAMS 0x0000000084a00000| PB 0x0000000084a00000| Untracked 
|  45|0x0000000084b00000, 0x0000000084b00000, 0x0000000084c00000|  0%| F|  |TAMS 0x0000000084b00000| PB 0x0000000084b00000| Untracked 
|  46|0x0000000084c00000, 0x0000000084c00000, 0x0000000084d00000|  0%| F|  |TAMS 0x0000000084c00000| PB 0x0000000084c00000| Untracked 
|  47|0x0000000084d00000, 0x0000000084d00000, 0x0000000084e00000|  0%| F|  |TAMS 0x0000000084d00000| PB 0x0000000084d00000| Untracked 
|  48|0x0000000084e00000, 0x0000000084e00000, 0x0000000084f00000|  0%| F|  |TAMS 0x0000000084e00000| PB 0x0000000084e00000| Untracked 
|  49|0x0000000084f00000, 0x0000000084f00000, 0x0000000085000000|  0%| F|  |TAMS 0x0000000084f00000| PB 0x0000000084f00000| Untracked 
|  50|0x0000000085000000, 0x0000000085000000, 0x0000000085100000|  0%| F|  |TAMS 0x0000000085000000| PB 0x0000000085000000| Untracked 
|  51|0x0000000085100000, 0x0000000085100000, 0x0000000085200000|  0%| F|  |TAMS 0x0000000085100000| PB 0x0000000085100000| Untracked 
|  52|0x0000000085200000, 0x0000000085200000, 0x0000000085300000|  0%| F|  |TAMS 0x0000000085200000| PB 0x0000000085200000| Untracked 
|  53|0x0000000085300000, 0x0000000085300000, 0x0000000085400000|  0%| F|  |TAMS 0x0000000085300000| PB 0x0000000085300000| Untracked 
|  54|0x0000000085400000, 0x0000000085400000, 0x0000000085500000|  0%| F|  |TAMS 0x0000000085400000| PB 0x0000000085400000| Untracked 
|  55|0x0000000085500000, 0x0000000085500000, 0x0000000085600000|  0%| F|  |TAMS 0x0000000085500000| PB 0x0000000085500000| Untracked 
|  56|0x0000000085600000, 0x0000000085600000, 0x0000000085700000|  0%| F|  |TAMS 0x0000000085600000| PB 0x0000000085600000| Untracked 
|  57|0x0000000085700000, 0x0000000085700000, 0x0000000085800000|  0%| F|  |TAMS 0x0000000085700000| PB 0x0000000085700000| Untracked 
|  58|0x0000000085800000, 0x0000000085800000, 0x0000000085900000|  0%| F|  |TAMS 0x0000000085800000| PB 0x0000000085800000| Untracked 
|  59|0x0000000085900000, 0x0000000085900000, 0x0000000085a00000|  0%| F|  |TAMS 0x0000000085900000| PB 0x0000000085900000| Untracked 
|  60|0x0000000085a00000, 0x0000000085a00000, 0x0000000085b00000|  0%| F|  |TAMS 0x0000000085a00000| PB 0x0000000085a00000| Untracked 
|  61|0x0000000085b00000, 0x0000000085b00000, 0x0000000085c00000|  0%| F|  |TAMS 0x0000000085b00000| PB 0x0000000085b00000| Untracked 
|  62|0x0000000085c00000, 0x0000000085c00000, 0x0000000085d00000|  0%| F|  |TAMS 0x0000000085c00000| PB 0x0000000085c00000| Untracked 
|  63|0x0000000085d00000, 0x0000000085d00000, 0x0000000085e00000|  0%| F|  |TAMS 0x0000000085d00000| PB 0x0000000085d00000| Untracked 
|  64|0x0000000085e00000, 0x0000000085e00000, 0x0000000085f00000|  0%| F|  |TAMS 0x0000000085e00000| PB 0x0000000085e00000| Untracked 
|  65|0x0000000085f00000, 0x0000000085f00000, 0x0000000086000000|  0%| F|  |TAMS 0x0000000085f00000| PB 0x0000000085f00000| Untracked 
|  66|0x0000000086000000, 0x0000000086000000, 0x0000000086100000|  0%| F|  |TAMS 0x0000000086000000| PB 0x0000000086000000| Untracked 
|  67|0x0000000086100000, 0x0000000086100000, 0x0000000086200000|  0%| F|  |TAMS 0x0000000086100000| PB 0x0000000086100000| Untracked 
|  68|0x0000000086200000, 0x0000000086200000, 0x0000000086300000|  0%| F|  |TAMS 0x0000000086200000| PB 0x0000000086200000| Untracked 
|  69|0x0000000086300000, 0x0000000086300000, 0x0000000086400000|  0%| F|  |TAMS 0x0000000086300000| PB 0x0000000086300000| Untracked 
|  70|0x0000000086400000, 0x0000000086400000, 0x0000000086500000|  0%| F|  |TAMS 0x0000000086400000| PB 0x0000000086400000| Untracked 
|  71|0x0000000086500000, 0x0000000086500000, 0x0000000086600000|  0%| F|  |TAMS 0x0000000086500000| PB 0x0000000086500000| Untracked 
|  72|0x0000000086600000, 0x0000000086600000, 0x0000000086700000|  0%| F|  |TAMS 0x0000000086600000| PB 0x0000000086600000| Untracked 
|  73|0x0000000086700000, 0x0000000086700000, 0x0000000086800000|  0%| F|  |TAMS 0x0000000086700000| PB 0x0000000086700000| Untracked 
|  74|0x0000000086800000, 0x0000000086800000, 0x0000000086900000|  0%| F|  |TAMS 0x0000000086800000| PB 0x0000000086800000| Untracked 
|  75|0x0000000086900000, 0x0000000086900000, 0x0000000086a00000|  0%| F|  |TAMS 0x0000000086900000| PB 0x0000000086900000| Untracked 
|  76|0x0000000086a00000, 0x0000000086a00000, 0x0000000086b00000|  0%| F|  |TAMS 0x0000000086a00000| PB 0x0000000086a00000| Untracked 
|  77|0x0000000086b00000, 0x0000000086b00000, 0x0000000086c00000|  0%| F|  |TAMS 0x0000000086b00000| PB 0x0000000086b00000| Untracked 
|  78|0x0000000086c00000, 0x0000000086c00000, 0x0000000086d00000|  0%| F|  |TAMS 0x0000000086c00000| PB 0x0000000086c00000| Untracked 
|  79|0x0000000086d00000, 0x0000000086d00000, 0x0000000086e00000|  0%| F|  |TAMS 0x0000000086d00000| PB 0x0000000086d00000| Untracked 
|  80|0x0000000086e00000, 0x0000000086e00000, 0x0000000086f00000|  0%| F|  |TAMS 0x0000000086e00000| PB 0x0000000086e00000| Untracked 
|  81|0x0000000086f00000, 0x0000000086f00000, 0x0000000087000000|  0%| F|  |TAMS 0x0000000086f00000| PB 0x0000000086f00000| Untracked 
|  82|0x0000000087000000, 0x0000000087000000, 0x0000000087100000|  0%| F|  |TAMS 0x0000000087000000| PB 0x0000000087000000| Untracked 
|  83|0x0000000087100000, 0x0000000087100000, 0x0000000087200000|  0%| F|  |TAMS 0x0000000087100000| PB 0x0000000087100000| Untracked 
|  84|0x0000000087200000, 0x0000000087200000, 0x0000000087300000|  0%| F|  |TAMS 0x0000000087200000| PB 0x0000000087200000| Untracked 
|  85|0x0000000087300000, 0x0000000087300000, 0x0000000087400000|  0%| F|  |TAMS 0x0000000087300000| PB 0x0000000087300000| Untracked 
|  86|0x0000000087400000, 0x0000000087400000, 0x0000000087500000|  0%| F|  |TAMS 0x0000000087400000| PB 0x0000000087400000| Untracked 
|  87|0x0000000087500000, 0x0000000087500000, 0x0000000087600000|  0%| F|  |TAMS 0x0000000087500000| PB 0x0000000087500000| Untracked 
|  88|0x0000000087600000, 0x0000000087600000, 0x0000000087700000|  0%| F|  |TAMS 0x0000000087600000| PB 0x0000000087600000| Untracked 
|  89|0x0000000087700000, 0x0000000087700000, 0x0000000087800000|  0%| F|  |TAMS 0x0000000087700000| PB 0x0000000087700000| Untracked 
|  90|0x0000000087800000, 0x0000000087800000, 0x0000000087900000|  0%| F|  |TAMS 0x0000000087800000| PB 0x0000000087800000| Untracked 
|  91|0x0000000087900000, 0x0000000087900000, 0x0000000087a00000|  0%| F|  |TAMS 0x0000000087900000| PB 0x0000000087900000| Untracked 
|  92|0x0000000087a00000, 0x0000000087a00000, 0x0000000087b00000|  0%| F|  |TAMS 0x0000000087a00000| PB 0x0000000087a00000| Untracked 
|  93|0x0000000087b00000, 0x0000000087b63608, 0x0000000087c00000| 38%| S|CS|TAMS 0x0000000087b00000| PB 0x0000000087b00000| Complete 
|  94|0x0000000087c00000, 0x0000000087d00000, 0x0000000087d00000|100%| S|CS|TAMS 0x0000000087c00000| PB 0x0000000087c00000| Complete 
|  95|0x0000000087d00000, 0x0000000087e00000, 0x0000000087e00000|100%| S|CS|TAMS 0x0000000087d00000| PB 0x0000000087d00000| Complete 
|  96|0x0000000087e00000, 0x0000000087e00000, 0x0000000087f00000|  0%| F|  |TAMS 0x0000000087e00000| PB 0x0000000087e00000| Untracked 
|  97|0x0000000087f00000, 0x0000000087f00000, 0x0000000088000000|  0%| F|  |TAMS 0x0000000087f00000| PB 0x0000000087f00000| Untracked 
|  98|0x0000000088000000, 0x0000000088000000, 0x0000000088100000|  0%| F|  |TAMS 0x0000000088000000| PB 0x0000000088000000| Untracked 
|  99|0x0000000088100000, 0x0000000088100000, 0x0000000088200000|  0%| F|  |TAMS 0x0000000088100000| PB 0x0000000088100000| Untracked 
| 100|0x0000000088200000, 0x0000000088200000, 0x0000000088300000|  0%| F|  |TAMS 0x0000000088200000| PB 0x0000000088200000| Untracked 
| 101|0x0000000088300000, 0x0000000088300000, 0x0000000088400000|  0%| F|  |TAMS 0x0000000088300000| PB 0x0000000088300000| Untracked 
| 102|0x0000000088400000, 0x0000000088400000, 0x0000000088500000|  0%| F|  |TAMS 0x0000000088400000| PB 0x0000000088400000| Untracked 
| 103|0x0000000088500000, 0x0000000088500000, 0x0000000088600000|  0%| F|  |TAMS 0x0000000088500000| PB 0x0000000088500000| Untracked 
| 104|0x0000000088600000, 0x0000000088600000, 0x0000000088700000|  0%| F|  |TAMS 0x0000000088600000| PB 0x0000000088600000| Untracked 
| 105|0x0000000088700000, 0x0000000088700000, 0x0000000088800000|  0%| F|  |TAMS 0x0000000088700000| PB 0x0000000088700000| Untracked 
| 106|0x0000000088800000, 0x0000000088800000, 0x0000000088900000|  0%| F|  |TAMS 0x0000000088800000| PB 0x0000000088800000| Untracked 
| 107|0x0000000088900000, 0x0000000088900000, 0x0000000088a00000|  0%| F|  |TAMS 0x0000000088900000| PB 0x0000000088900000| Untracked 
| 108|0x0000000088a00000, 0x0000000088a59b60, 0x0000000088b00000| 35%| E|  |TAMS 0x0000000088a00000| PB 0x0000000088a00000| Complete 
| 109|0x0000000088b00000, 0x0000000088c00000, 0x0000000088c00000|100%| E|CS|TAMS 0x0000000088b00000| PB 0x0000000088b00000| Complete 
| 110|0x0000000088c00000, 0x0000000088d00000, 0x0000000088d00000|100%| E|CS|TAMS 0x0000000088c00000| PB 0x0000000088c00000| Complete 
| 111|0x0000000088d00000, 0x0000000088e00000, 0x0000000088e00000|100%| E|CS|TAMS 0x0000000088d00000| PB 0x0000000088d00000| Complete 
| 112|0x0000000088e00000, 0x0000000088f00000, 0x0000000088f00000|100%| E|CS|TAMS 0x0000000088e00000| PB 0x0000000088e00000| Complete 
| 113|0x0000000088f00000, 0x0000000089000000, 0x0000000089000000|100%| E|CS|TAMS 0x0000000088f00000| PB 0x0000000088f00000| Complete 
| 114|0x0000000089000000, 0x0000000089100000, 0x0000000089100000|100%| E|CS|TAMS 0x0000000089000000| PB 0x0000000089000000| Complete 
| 115|0x0000000089100000, 0x0000000089200000, 0x0000000089200000|100%| E|CS|TAMS 0x0000000089100000| PB 0x0000000089100000| Complete 
| 116|0x0000000089200000, 0x0000000089300000, 0x0000000089300000|100%| E|CS|TAMS 0x0000000089200000| PB 0x0000000089200000| Complete 
| 117|0x0000000089300000, 0x0000000089400000, 0x0000000089400000|100%| E|CS|TAMS 0x0000000089300000| PB 0x0000000089300000| Complete 
| 118|0x0000000089400000, 0x0000000089500000, 0x0000000089500000|100%| E|CS|TAMS 0x0000000089400000| PB 0x0000000089400000| Complete 
| 119|0x0000000089500000, 0x0000000089600000, 0x0000000089600000|100%| E|CS|TAMS 0x0000000089500000| PB 0x0000000089500000| Complete 
| 120|0x0000000089600000, 0x0000000089700000, 0x0000000089700000|100%| E|CS|TAMS 0x0000000089600000| PB 0x0000000089600000| Complete 
| 121|0x0000000089700000, 0x0000000089800000, 0x0000000089800000|100%| E|CS|TAMS 0x0000000089700000| PB 0x0000000089700000| Complete 
| 122|0x0000000089800000, 0x0000000089900000, 0x0000000089900000|100%| E|CS|TAMS 0x0000000089800000| PB 0x0000000089800000| Complete 
| 123|0x0000000089900000, 0x0000000089a00000, 0x0000000089a00000|100%| E|CS|TAMS 0x0000000089900000| PB 0x0000000089900000| Complete 
| 124|0x0000000089a00000, 0x0000000089b00000, 0x0000000089b00000|100%| E|CS|TAMS 0x0000000089a00000| PB 0x0000000089a00000| Complete 
| 125|0x0000000089b00000, 0x0000000089c00000, 0x0000000089c00000|100%| E|CS|TAMS 0x0000000089b00000| PB 0x0000000089b00000| Complete 
| 126|0x0000000089c00000, 0x0000000089d00000, 0x0000000089d00000|100%| E|  |TAMS 0x0000000089c00000| PB 0x0000000089c00000| Complete 
| 127|0x0000000089d00000, 0x0000000089e00000, 0x0000000089e00000|100%| E|CS|TAMS 0x0000000089d00000| PB 0x0000000089d00000| Complete 

Card table byte_map: [0x0000024252b70000,0x0000024252f70000] _byte_map_base: 0x0000024252761000

Marking Bits: (CMBitMap*) 0x000002423b3d4450
 Bits: [0x0000024253370000, 0x00000242552f8000)

Polling page: 0x000002423ab30000

Metaspace:

Usage:
  Non-class:     15.09 MB used.
      Class:      2.10 MB used.
       Both:     17.19 MB used.

Virtual space:
  Non-class space:       64.00 MB reserved,      15.19 MB ( 24%) committed,  1 nodes.
      Class space:        1.00 GB reserved,       2.25 MB ( <1%) committed,  1 nodes.
             Both:        1.06 GB reserved,      17.44 MB (  2%) committed. 

Chunk freelists:
   Non-Class:  512.00 KB
       Class:  1.80 MB
        Both:  2.30 MB

MaxMetaspaceSize: unlimited
CompressedClassSpaceSize: 1.00 GB
Initial GC threshold: 21.00 MB
Current GC threshold: 21.00 MB
CDS: on
MetaspaceReclaimPolicy: balanced
 - commit_granule_bytes: 65536.
 - commit_granule_words: 8192.
 - virtual_space_node_default_size: 8388608.
 - enlarge_chunks_in_place: 1.
 - new_chunks_are_fully_committed: 0.
 - uncommit_free_chunks: 1.
 - use_allocation_guard: 0.


Internal statistics:

num_allocs_failed_limit: 0.
num_arena_births: 226.
num_arena_deaths: 0.
num_vsnodes_births: 2.
num_vsnodes_deaths: 0.
num_space_committed: 279.
num_space_uncommitted: 0.
num_chunks_returned_to_freelist: 0.
num_chunks_taken_from_freelist: 773.
num_chunk_merges: 0.
num_chunk_splits: 532.
num_chunks_enlarged: 425.
num_inconsistent_stats: 0.

CodeHeap 'non-profiled nmethods': size=120000Kb used=731Kb max_used=731Kb free=119268Kb
 bounds [0x000002424af10000, 0x000002424b180000, 0x0000024252440000]
CodeHeap 'profiled nmethods': size=120000Kb used=4086Kb max_used=4086Kb free=115913Kb
 bounds [0x0000024243440000, 0x0000024243840000, 0x000002424a970000]
CodeHeap 'non-nmethods': size=5760Kb used=1470Kb max_used=1495Kb free=4289Kb
 bounds [0x000002424a970000, 0x000002424abe0000, 0x000002424af10000]
 total_blobs=2671 nmethods=2170 adapters=411
 compilation: enabled
              stopped_count=0, restarted_count=0
 full_count=0

Compilation events (20 events):
Event: 4.526 Thread 0x0000024257d52d90 nmethod 2123 0x0000024243817a10 code [0x0000024243817be0, 0x0000024243817ff0]
Event: 4.526 Thread 0x0000024257d52d90 2124       3       sun.util.locale.LanguageTag::parseLanguage (55 bytes)
Event: 4.527 Thread 0x0000024257d52d90 nmethod 2124 0x0000024243818210 code [0x0000024243818400, 0x0000024243818a60]
Event: 4.528 Thread 0x0000024257d52d90 2128       3       sun.util.locale.InternalLocaleBuilder::clear (31 bytes)
Event: 4.528 Thread 0x0000024257d52d90 nmethod 2128 0x0000024243818c90 code [0x0000024243818e40, 0x0000024243819140]
Event: 4.528 Thread 0x0000024257d52d90 2134       3       sun.util.locale.LanguageTag::parseExtlangs (114 bytes)
Event: 4.530 Thread 0x0000024257d52d90 nmethod 2134 0x0000024243819210 code [0x0000024243819460, 0x0000024243819f18]
Event: 4.530 Thread 0x0000024257d52d90 2135       3       sun.util.locale.LanguageTag::parseScript (55 bytes)
Event: 4.531 Thread 0x0000024257d52d90 nmethod 2135 0x000002424381a290 code [0x000002424381a480, 0x000002424381aa90]
Event: 4.531 Thread 0x0000024257d52d90 2136       3       sun.util.locale.LanguageTag::parseRegion (55 bytes)
Event: 4.532 Thread 0x0000024257d52d90 nmethod 2136 0x000002424381ac90 code [0x000002424381ae60, 0x000002424381b260]
Event: 4.532 Thread 0x0000024257d52d90 2137       3       sun.util.locale.provider.LocaleProviderAdapter$$Lambda$67/0x80000006d::apply (8 bytes)
Event: 4.532 Thread 0x0000024257d52d90 nmethod 2137 0x000002424381b410 code [0x000002424381b5a0, 0x000002424381b7c8]
Event: 4.532 Thread 0x0000024257d52d90 2114       2       java.lang.ClassLoader::findLoadedClass (15 bytes)
Event: 4.533 Thread 0x0000024257d52d90 nmethod 2114 0x000002424381b890 code [0x000002424381ba40, 0x000002424381bbc0]
Event: 4.533 Thread 0x0000024257d52d90 2117       3       sun.util.locale.InternalLocaleBuilder::<init> (29 bytes)
Event: 4.533 Thread 0x0000024257d52d90 nmethod 2117 0x000002424381bc90 code [0x000002424381be40, 0x000002424381c168]
Event: 4.533 Thread 0x0000024257d52d90 2127       3       sun.util.locale.InternalLocaleBuilder::setLanguageTag (173 bytes)
Event: 4.538 Thread 0x0000024257d52d90 nmethod 2127 0x000002424381c210 code [0x000002424381c5e0, 0x000002424381e0d8]
Event: 4.539 Thread 0x0000024257d52d90 2129       3       sun.util.locale.LanguageTag::getExtlangs (24 bytes)

GC Heap History (4 events):
Event: 2.853 GC heap before
{Heap before GC invocations=0 (full 0):
 garbage-first heap   total 131072K, used 23552K [0x0000000081e00000, 0x0000000100000000)
  region size 1024K, 23 young (23552K), 0 survivors (0K)
 Metaspace       used 5673K, committed 5824K, reserved 1114112K
  class space    used 624K, committed 704K, reserved 1048576K
}
Event: 2.864 GC heap after
{Heap after GC invocations=1 (full 0):
 garbage-first heap   total 131072K, used 7712K [0x0000000081e00000, 0x0000000100000000)
  region size 1024K, 3 young (3072K), 3 survivors (3072K)
 Metaspace       used 5673K, committed 5824K, reserved 1114112K
  class space    used 624K, committed 704K, reserved 1048576K
}
Event: 4.138 GC heap before
{Heap before GC invocations=1 (full 0):
 garbage-first heap   total 131072K, used 37408K [0x0000000081e00000, 0x0000000100000000)
  region size 1024K, 32 young (32768K), 3 survivors (3072K)
 Metaspace       used 13109K, committed 13440K, reserved 1114112K
  class space    used 1700K, committed 1856K, reserved 1048576K
}
Event: 4.147 GC heap after
{Heap after GC invocations=2 (full 0):
 garbage-first heap   total 131072K, used 9929K [0x0000000081e00000, 0x0000000100000000)
  region size 1024K, 3 young (3072K), 3 survivors (3072K)
 Metaspace       used 13109K, committed 13440K, reserved 1114112K
  class space    used 1700K, committed 1856K, reserved 1048576K
}

Dll operation events (12 events):
Event: 0.035 Loaded shared library C:\Program Files\Java\jdk-20\bin\java.dll
Event: 0.091 Loaded shared library C:\Program Files\Java\jdk-20\bin\jsvml.dll
Event: 0.428 Loaded shared library C:\Program Files\Java\jdk-20\bin\zip.dll
Event: 0.437 Loaded shared library C:\Program Files\Java\jdk-20\bin\instrument.dll
Event: 0.451 Loaded shared library C:\Program Files\Java\jdk-20\bin\net.dll
Event: 0.456 Loaded shared library C:\Program Files\Java\jdk-20\bin\nio.dll
Event: 0.484 Loaded shared library C:\Program Files\Java\jdk-20\bin\zip.dll
Event: 0.848 Loaded shared library C:\Program Files\JetBrains\IntelliJ IDEA Community Edition 2023.2\bin\breakgen64.dll
Event: 0.873 Loaded shared library C:\Program Files\Java\jdk-20\bin\extnet.dll
Event: 0.947 Loaded shared library C:\Program Files\Java\jdk-20\bin\jimage.dll
Event: 2.476 Loaded shared library C:\Program Files\Java\jdk-20\bin\management.dll
Event: 2.487 Loaded shared library C:\Program Files\Java\jdk-20\bin\management_ext.dll

Deoptimization events (20 events):
Event: 4.269 Thread 0x000002429d7e74a0 Uncommon trap: trap_request=0xffffff45 fr.pc=0x000002424af94b1c relative=0x000000000000011c
Event: 4.269 Thread 0x000002429d7e74a0 Uncommon trap: reason=unstable_if action=reinterpret pc=0x000002424af94b1c method=java.util.Arrays.equals([Ljava/lang/Object;[Ljava/lang/Object;)Z @ 44 c2
Event: 4.269 Thread 0x000002429d7e74a0 DEOPT PACKING pc=0x000002424af94b1c sp=0x00000044083fd730
Event: 4.269 Thread 0x000002429d7e74a0 DEOPT UNPACKING pc=0x000002424a9d9d22 sp=0x00000044083fd6d0 mode 2
Event: 4.301 Thread 0x000002429d7e74a0 Uncommon trap: trap_request=0xffffff45 fr.pc=0x000002424afab524 relative=0x00000000000000a4
Event: 4.301 Thread 0x000002429d7e74a0 Uncommon trap: reason=unstable_if action=reinterpret pc=0x000002424afab524 method=java.lang.ref.ReferenceQueue.poll()Ljava/lang/ref/Reference; @ 4 c2
Event: 4.301 Thread 0x000002429d7e74a0 DEOPT PACKING pc=0x000002424afab524 sp=0x00000044083fe430
Event: 4.301 Thread 0x000002429d7e74a0 DEOPT UNPACKING pc=0x000002424a9d9d22 sp=0x00000044083fe318 mode 2
Event: 4.426 Thread 0x000002429d7e74a0 Uncommon trap: trap_request=0xffffff45 fr.pc=0x000002424af31fc8 relative=0x0000000000000688
Event: 4.426 Thread 0x000002429d7e74a0 Uncommon trap: reason=unstable_if action=reinterpret pc=0x000002424af31fc8 method=java.util.jar.Manifest$FastInputStream.readLine([BII)I @ 130 c2
Event: 4.426 Thread 0x000002429d7e74a0 DEOPT PACKING pc=0x000002424af31fc8 sp=0x00000044083fc3b0
Event: 4.426 Thread 0x000002429d7e74a0 DEOPT UNPACKING pc=0x000002424a9d9d22 sp=0x00000044083fc340 mode 2
Event: 4.532 Thread 0x000002429dd3af70 Uncommon trap: trap_request=0xffffff45 fr.pc=0x000002424af27790 relative=0x00000000000003f0
Event: 4.532 Thread 0x000002429dd3af70 Uncommon trap: reason=unstable_if action=reinterpret pc=0x000002424af27790 method=java.lang.StringLatin1.canEncode(I)Z @ 4 c2
Event: 4.532 Thread 0x000002429dd3af70 DEOPT PACKING pc=0x000002424af27790 sp=0x0000004408cfde10
Event: 4.532 Thread 0x000002429dd3af70 DEOPT UNPACKING pc=0x000002424a9d9d22 sp=0x0000004408cfdd38 mode 2
Event: 4.533 Thread 0x000002429dd3af70 Uncommon trap: trap_request=0xffffff45 fr.pc=0x000002424af280fc relative=0x00000000000003dc
Event: 4.533 Thread 0x000002429dd3af70 Uncommon trap: reason=unstable_if action=reinterpret pc=0x000002424af280fc method=java.lang.AbstractStringBuilder.isLatin1()Z @ 10 c2
Event: 4.533 Thread 0x000002429dd3af70 DEOPT PACKING pc=0x000002424af280fc sp=0x0000004408cfde20
Event: 4.533 Thread 0x000002429dd3af70 DEOPT UNPACKING pc=0x000002424a9d9d22 sp=0x0000004408cfdda0 mode 2

Classes loaded (20 events):
Event: 4.423 Loading class java/beans/ConstructorProperties
Event: 4.423 Loading class java/beans/ConstructorProperties done
Event: 4.429 Loading class java/io/InvalidObjectException
Event: 4.429 Loading class java/io/InvalidObjectException done
Event: 4.433 Loading class java/util/concurrent/ConcurrentLinkedQueue
Event: 4.433 Loading class java/util/concurrent/ConcurrentLinkedQueue done
Event: 4.434 Loading class java/util/concurrent/ConcurrentLinkedQueue$Node
Event: 4.434 Loading class java/util/concurrent/ConcurrentLinkedQueue$Node done
Event: 4.438 Loading class java/util/concurrent/atomic/AtomicLongArray
Event: 4.438 Loading class java/util/concurrent/atomic/AtomicLongArray done
Event: 4.438 Loading class java/lang/invoke/VarHandleLongs$Array
Event: 4.438 Loading class java/lang/invoke/VarHandleLongs$Array done
Event: 4.439 Loading class java/util/concurrent/atomic/AtomicReferenceArray
Event: 4.439 Loading class java/util/concurrent/atomic/AtomicReferenceArray done
Event: 4.439 Loading class java/lang/invoke/VarHandleReferences$Array
Event: 4.439 Loading class java/lang/invoke/VarHandleReferences$Array done
Event: 4.526 Loading class sun/text/resources/cldr/FormatData_en
Event: 4.528 Loading class sun/text/resources/cldr/FormatData_en done
Event: 4.528 Loading class sun/text/resources/cldr/FormatData_en_US
Event: 4.528 Loading class sun/text/resources/cldr/FormatData_en_US done

Classes unloaded (0 events):
No events

Classes redefined (0 events):
No events

Internal exceptions (20 events):
Event: 3.367 Thread 0x000002429d7e74a0 Exception <a 'java/lang/NoSuchMethodError'{0x00000000895ab398}: 'java.lang.Object java.lang.invoke.DirectMethodHandle$Holder.invokeSpecial(java.lang.Object, java.lang.Object, java.lang.Object, int, java.lang.Object)'> (0x00000000895ab398) 
thrown [s\open\src\hotspot\share\interpreter\linkResolver.cpp, line 773]
Event: 3.369 Thread 0x000002429d7e74a0 Exception <a 'java/lang/NoSuchMethodError'{0x00000000895b3738}: 'java.lang.Object java.lang.invoke.DirectMethodHandle$Holder.newInvokeSpecial(java.lang.Object, java.lang.Object, java.lang.Object, int, java.lang.Object)'> (0x00000000895b3738) 
thrown [s\open\src\hotspot\share\interpreter\linkResolver.cpp, line 773]
Event: 3.370 Thread 0x000002429d7e74a0 Exception <a 'java/lang/NoSuchMethodError'{0x00000000895baf58}: 'java.lang.Object java.lang.invoke.Invokers$Holder.linkToTargetMethod(java.lang.Object, java.lang.Object, int, java.lang.Object, java.lang.Object)'> (0x00000000895baf58) 
thrown [s\open\src\hotspot\share\interpreter\linkResolver.cpp, line 773]
Event: 3.372 Thread 0x000002429d7e74a0 Exception <a 'java/lang/NoSuchMethodError'{0x00000000895ca200}: 'java.lang.Object java.lang.invoke.DirectMethodHandle$Holder.newInvokeSpecial(java.lang.Object, int, java.lang.Object)'> (0x00000000895ca200) 
thrown [s\open\src\hotspot\share\interpreter\linkResolver.cpp, line 773]
Event: 3.374 Thread 0x000002429d7e74a0 Exception <a 'java/lang/NoSuchMethodError'{0x00000000895cebb0}: 'int java.lang.invoke.DirectMethodHandle$Holder.invokeSpecialIFC(java.lang.Object, java.lang.Object, java.lang.Object, java.lang.Object)'> (0x00000000895cebb0) 
thrown [s\open\src\hotspot\share\interpreter\linkResolver.cpp, line 773]
Event: 3.419 Thread 0x000002429d7e74a0 Exception <a 'java/lang/NoSuchMethodError'{0x00000000894a27f8}: 'void java.lang.invoke.DirectMethodHandle$Holder.invokeInterface(java.lang.Object, java.lang.Object, java.lang.Object)'> (0x00000000894a27f8) 
thrown [s\open\src\hotspot\share\interpreter\linkResolver.cpp, line 773]
Event: 3.456 Thread 0x000002429d7e74a0 Exception <a 'java/lang/NoSuchMethodError'{0x0000000089338c20}: 'void java.lang.invoke.DirectMethodHandle$Holder.invokeStaticInit(java.lang.Object, java.lang.Object)'> (0x0000000089338c20) 
thrown [s\open\src\hotspot\share\interpreter\linkResolver.cpp, line 773]
Event: 3.459 Thread 0x000002429d7e74a0 Exception <a 'java/lang/NoSuchMethodError'{0x0000000089347308}: 'void java.lang.invoke.DirectMethodHandle$Holder.invokeStaticInit(java.lang.Object, java.lang.Object, java.lang.Object)'> (0x0000000089347308) 
thrown [s\open\src\hotspot\share\interpreter\linkResolver.cpp, line 773]
Event: 3.467 Thread 0x000002429d7e74a0 Exception <a 'java/lang/NoSuchMethodError'{0x0000000089384c50}: 'java.lang.Object java.lang.invoke.DirectMethodHandle$Holder.invokeStatic(java.lang.Object, long, java.lang.Object)'> (0x0000000089384c50) 
thrown [s\open\src\hotspot\share\interpreter\linkResolver.cpp, line 773]
Event: 3.468 Thread 0x000002429d7e74a0 Exception <a 'java/lang/NoSuchMethodError'{0x00000000893882a8}: 'java.lang.Object java.lang.invoke.DirectMethodHandle$Holder.invokeStaticInit(java.lang.Object, long, java.lang.Object)'> (0x00000000893882a8) 
thrown [s\open\src\hotspot\share\interpreter\linkResolver.cpp, line 773]
Event: 3.469 Thread 0x000002429d7e74a0 Exception <a 'java/lang/NoSuchMethodError'{0x000000008938dfd0}: 'java.lang.Object java.lang.invoke.DirectMethodHandle$Holder.newInvokeSpecial(java.lang.Object, long)'> (0x000000008938dfd0) 
thrown [s\open\src\hotspot\share\interpreter\linkResolver.cpp, line 773]
Event: 3.500 Thread 0x000002429d7e74a0 Exception <a 'java/lang/NoSuchMethodError'{0x00000000893de848}: 'void java.lang.invoke.DirectMethodHandle$Holder.invokeVirtual(java.lang.Object, java.lang.Object, java.lang.Object, java.lang.Object)'> (0x00000000893de848) 
thrown [s\open\src\hotspot\share\interpreter\linkResolver.cpp, line 773]
Event: 3.574 Thread 0x000002429d7e74a0 Exception <a 'java/lang/NoSuchMethodError'{0x0000000089110828}: 'void java.lang.invoke.DirectMethodHandle$Holder.invokeSpecial(java.lang.Object, java.lang.Object, java.lang.Object, java.lang.Object, java.lang.Object)'> (0x0000000089110828) 
thrown [s\open\src\hotspot\share\interpreter\linkResolver.cpp, line 773]
Event: 3.586 Thread 0x000002429d7e74a0 Exception <a 'java/lang/IncompatibleClassChangeError'{0x000000008915be68}: Found class java.lang.Object, but interface was expected> (0x000000008915be68) 
thrown [s\open\src\hotspot\share\interpreter\linkResolver.cpp, line 840]
Event: 3.597 Thread 0x000002429d7e74a0 Exception <a 'java/lang/NoSuchMethodError'{0x00000000891708a0}: 'java.lang.Object java.lang.invoke.DirectMethodHandle$Holder.invokeStaticInit(java.lang.Object, int)'> (0x00000000891708a0) 
thrown [s\open\src\hotspot\share\interpreter\linkResolver.cpp, line 773]
Event: 3.600 Thread 0x000002429d7e74a0 Exception <a 'java/lang/NoSuchMethodError'{0x000000008917b8f0}: 'java.lang.Object java.lang.invoke.DirectMethodHandle$Holder.invokeStatic(java.lang.Object, int, java.lang.Object)'> (0x000000008917b8f0) 
thrown [s\open\src\hotspot\share\interpreter\linkResolver.cpp, line 773]
Event: 3.601 Thread 0x000002429d7e74a0 Exception <a 'java/lang/NoSuchMethodError'{0x000000008917ef40}: 'java.lang.Object java.lang.invoke.DirectMethodHandle$Holder.invokeStaticInit(java.lang.Object, int, java.lang.Object)'> (0x000000008917ef40) 
thrown [s\open\src\hotspot\share\interpreter\linkResolver.cpp, line 773]
Event: 3.779 Thread 0x000002429d7e74a0 Exception <a 'java/lang/NoSuchMethodError'{0x0000000088ab7cd8}: 'int java.lang.invoke.Invokers$Holder.invokeExact_MT(java.lang.Object, java.lang.Object)'> (0x0000000088ab7cd8) 
thrown [s\open\src\hotspot\share\interpreter\linkResolver.cpp, line 773]
Event: 4.192 Thread 0x000002429d7e74a0 Exception <a 'java/lang/NoSuchMethodError'{0x0000000089c59008}: 'int java.lang.invoke.DirectMethodHandle$Holder.invokeSpecial(java.lang.Object, java.lang.Object, java.lang.Object, java.lang.Object, java.lang.Object)'> (0x0000000089c59008) 
thrown [s\open\src\hotspot\share\interpreter\linkResolver.cpp, line 773]
Event: 4.197 Thread 0x000002429d7e74a0 Exception <a 'java/lang/NoSuchMethodError'{0x0000000089c61b38}: 'void java.lang.invoke.DirectMethodHandle$Holder.invokeVirtual(java.lang.Object, java.lang.Object)'> (0x0000000089c61b38) 
thrown [s\open\src\hotspot\share\interpreter\linkResolver.cpp, line 773]

VM Operations (20 events):
Event: 3.310 Executing VM operation: HandshakeAllThreads
Event: 3.310 Executing VM operation: HandshakeAllThreads done
Event: 3.406 Executing VM operation: HandshakeAllThreads
Event: 3.406 Executing VM operation: HandshakeAllThreads done
Event: 3.557 Executing VM operation: HandshakeAllThreads
Event: 3.557 Executing VM operation: HandshakeAllThreads done
Event: 3.567 Executing VM operation: HandshakeAllThreads
Event: 3.567 Executing VM operation: HandshakeAllThreads done
Event: 3.567 Executing VM operation: HandshakeAllThreads
Event: 3.567 Executing VM operation: HandshakeAllThreads done
Event: 3.780 Executing VM operation: HandshakeAllThreads
Event: 3.780 Executing VM operation: HandshakeAllThreads done
Event: 3.849 Executing VM operation: ICBufferFull
Event: 3.849 Executing VM operation: ICBufferFull done
Event: 4.008 Executing VM operation: HandshakeAllThreads
Event: 4.008 Executing VM operation: HandshakeAllThreads done
Event: 4.138 Executing VM operation: G1CollectForAllocation
Event: 4.147 Executing VM operation: G1CollectForAllocation done
Event: 4.155 Executing VM operation: HandshakeAllThreads
Event: 4.155 Executing VM operation: HandshakeAllThreads done

Events (20 events):
Event: 0.091 Thread 0x000002423b374250 Thread added: 0x000002423b374250
Event: 0.125 Thread 0x0000024257d480e0 Thread added: 0x0000024257d480e0
Event: 0.125 Thread 0x0000024257d48ee0 Thread added: 0x0000024257d48ee0
Event: 0.126 Thread 0x0000024257d49f20 Thread added: 0x0000024257d49f20
Event: 0.126 Thread 0x0000024257d4ec70 Thread added: 0x0000024257d4ec70
Event: 0.126 Thread 0x0000024257d4f6b0 Thread added: 0x0000024257d4f6b0
Event: 0.126 Thread 0x0000024257d4fff0 Thread added: 0x0000024257d4fff0
Event: 0.127 Thread 0x0000024257d50c60 Thread added: 0x0000024257d50c60
Event: 0.127 Thread 0x0000024257d52d90 Thread added: 0x0000024257d52d90
Event: 0.375 Thread 0x000002429d0a5100 Thread added: 0x000002429d0a5100
Event: 0.850 Thread 0x000002429d333d30 Thread added: 0x000002429d333d30
Event: 0.850 Thread 0x000002429d334280 Thread added: 0x000002429d334280
Event: 1.125 Thread 0x000002429d590520 Thread added: 0x000002429d590520
Event: 1.585 Thread 0x000002429d590520 Thread exited: 0x000002429d590520
Event: 2.679 Thread 0x000002429d7d0030 Thread added: 0x000002429d7d0030
Event: 2.685 Thread 0x000002429d7e74a0 Thread added: 0x000002429d7e74a0
Event: 3.302 Thread 0x000002429dd437f0 Thread added: 0x000002429dd437f0
Event: 3.580 Thread 0x000002429dd3af70 Thread added: 0x000002429dd3af70
Event: 4.362 Thread 0x000002429dd3b4c0 Thread added: 0x000002429dd3b4c0
Event: 4.520 Thread 0x000002429dd3b4c0 Thread exited: 0x000002429dd3b4c0


Dynamic libraries:
0x00007ff7eeca0000 - 0x00007ff7eecb0000 	C:\Program Files\Java\jdk-20\bin\java.exe
0x00007ff90b7d0000 - 0x00007ff90b9e7000 	C:\WINDOWS\SYSTEM32\ntdll.dll
0x00007ff90a4c0000 - 0x00007ff90a584000 	C:\WINDOWS\System32\KERNEL32.DLL
0x00007ff909100000 - 0x00007ff9094a6000 	C:\WINDOWS\System32\KERNELBASE.dll
0x00007ff908ec0000 - 0x00007ff908fd1000 	C:\WINDOWS\System32\ucrtbase.dll
0x00007ff903e20000 - 0x00007ff903e39000 	C:\Program Files\Java\jdk-20\bin\jli.dll
0x00007ff909940000 - 0x00007ff9099f1000 	C:\WINDOWS\System32\ADVAPI32.dll
0x00007ff90a860000 - 0x00007ff90a907000 	C:\WINDOWS\System32\msvcrt.dll
0x00007ff90a590000 - 0x00007ff90a635000 	C:\WINDOWS\System32\sechost.dll
0x00007ff90aa50000 - 0x00007ff90ab67000 	C:\WINDOWS\System32\RPCRT4.dll
0x00007ff90a310000 - 0x00007ff90a4be000 	C:\WINDOWS\System32\USER32.dll
0x00007ff908e90000 - 0x00007ff908eb6000 	C:\WINDOWS\System32\win32u.dll
0x00007ff90b400000 - 0x00007ff90b429000 	C:\WINDOWS\System32\GDI32.dll
0x00007ff908fe0000 - 0x00007ff9090f8000 	C:\WINDOWS\System32\gdi32full.dll
0x00007ff908c00000 - 0x00007ff908c9a000 	C:\WINDOWS\System32\msvcp_win.dll
0x00007ff903e50000 - 0x00007ff903e6b000 	C:\Program Files\Java\jdk-20\bin\VCRUNTIME140.dll
0x00007ff8f2950000 - 0x00007ff8f2be3000 	C:\WINDOWS\WinSxS\amd64_microsoft.windows.common-controls_6595b64144ccf1df_6.0.22621.2506_none_270c5ae97388e100\COMCTL32.dll
0x00007ff8ffb80000 - 0x00007ff8ffb8a000 	C:\WINDOWS\SYSTEM32\VERSION.dll
0x00007ff90b430000 - 0x00007ff90b461000 	C:\WINDOWS\System32\IMM32.DLL
0x00007ff905a20000 - 0x00007ff905a2c000 	C:\Program Files\Java\jdk-20\bin\vcruntime140_1.dll
0x00007ff8e5090000 - 0x00007ff8e511e000 	C:\Program Files\Java\jdk-20\bin\msvcp140.dll
0x00007ff8ac960000 - 0x00007ff8ad5f8000 	C:\Program Files\Java\jdk-20\bin\server\jvm.dll
0x00007ff8dc320000 - 0x00007ff8dc329000 	C:\WINDOWS\SYSTEM32\WSOCK32.dll
0x00007ff90b470000 - 0x00007ff90b4e1000 	C:\WINDOWS\System32\WS2_32.dll
0x00007ff901360000 - 0x00007ff901394000 	C:\WINDOWS\SYSTEM32\WINMM.dll
0x00007ff907b40000 - 0x00007ff907b58000 	C:\WINDOWS\SYSTEM32\kernel.appcore.dll
0x00007ff903e00000 - 0x00007ff903e0a000 	C:\Program Files\Java\jdk-20\bin\jimage.dll
0x00007ff9066c0000 - 0x00007ff9068f3000 	C:\WINDOWS\SYSTEM32\DBGHELP.DLL
0x00007ff90abf0000 - 0x00007ff90af79000 	C:\WINDOWS\System32\combase.dll
0x00007ff90b4f0000 - 0x00007ff90b5c7000 	C:\WINDOWS\System32\OLEAUT32.dll
0x00007ff8f4960000 - 0x00007ff8f4992000 	C:\WINDOWS\SYSTEM32\dbgcore.DLL
0x00007ff908e10000 - 0x00007ff908e8a000 	C:\WINDOWS\System32\bcryptPrimitives.dll
0x00007ff905a40000 - 0x00007ff905a4e000 	C:\Program Files\Java\jdk-20\bin\instrument.dll
0x00007ff903db0000 - 0x00007ff903dd6000 	C:\Program Files\Java\jdk-20\bin\java.dll
0x00007ff8d8eb0000 - 0x00007ff8d8f87000 	C:\Program Files\Java\jdk-20\bin\jsvml.dll
0x00007ff909a00000 - 0x00007ff90a25a000 	C:\WINDOWS\System32\SHELL32.dll
0x00007ff906a60000 - 0x00007ff907356000 	C:\WINDOWS\SYSTEM32\windows.storage.dll
0x00007ff906920000 - 0x00007ff906a5e000 	C:\WINDOWS\SYSTEM32\wintypes.dll
0x00007ff90b5d0000 - 0x00007ff90b6c3000 	C:\WINDOWS\System32\SHCORE.dll
0x00007ff90a800000 - 0x00007ff90a85e000 	C:\WINDOWS\System32\shlwapi.dll
0x00007ff908a70000 - 0x00007ff908a96000 	C:\WINDOWS\SYSTEM32\profapi.dll
0x00007ff8f6260000 - 0x00007ff8f6278000 	C:\Program Files\Java\jdk-20\bin\zip.dll
0x00007ff902710000 - 0x00007ff902723000 	C:\Program Files\Java\jdk-20\bin\net.dll
0x00007ff901760000 - 0x00007ff901897000 	C:\WINDOWS\SYSTEM32\WINHTTP.dll
0x00007ff907fc0000 - 0x00007ff908029000 	C:\WINDOWS\system32\mswsock.dll
0x00007ff9020b0000 - 0x00007ff9020c6000 	C:\Program Files\Java\jdk-20\bin\nio.dll
0x00007ff903d80000 - 0x00007ff903d9a000 	C:\Program Files\JetBrains\IntelliJ IDEA Community Edition 2023.2\bin\breakgen64.dll
0x00007ff902700000 - 0x00007ff902707000 	C:\Program Files\Java\jdk-20\bin\extnet.dll
0x00007ff905a30000 - 0x00007ff905a3a000 	C:\Program Files\Java\jdk-20\bin\management.dll
0x00007ff905a10000 - 0x00007ff905a1b000 	C:\Program Files\Java\jdk-20\bin\management_ext.dll
0x00007ff90b6d0000 - 0x00007ff90b6d8000 	C:\WINDOWS\System32\PSAPI.DLL

dbghelp: loaded successfully - version: 4.0.5 - missing functions: none
symbol engine: initialized successfully - sym options: 0x614 - pdb path: .;C:\Program Files\Java\jdk-20\bin;C:\WINDOWS\SYSTEM32;C:\WINDOWS\WinSxS\amd64_microsoft.windows.common-controls_6595b64144ccf1df_6.0.22621.2506_none_270c5ae97388e100;C:\Program Files\Java\jdk-20\bin\server;C:\Program Files\JetBrains\IntelliJ IDEA Community Edition 2023.2\bin

VM Arguments:
jvm_args: -javaagent:C:\Program Files\JetBrains\IntelliJ IDEA Community Edition 2023.2\lib\idea_rt.jar=64104:C:\Program Files\JetBrains\IntelliJ IDEA Community Edition 2023.2\bin -Dfile.encoding=UTF-8 -Dsun.stdout.encoding=UTF-8 -Dsun.stderr.encoding=UTF-8 
java_command: com.lcwd.electronic.store.ElectronicStoreApplication
java_class_path (initial): E:\code\Electronic-Store\target\classes;C:\Users\91931\.m2\repository\org\springframework\boot\spring-boot-starter-data-jpa\3.1.2\spring-boot-starter-data-jpa-3.1.2.jar;C:\Users\91931\.m2\repository\org\springframework\boot\spring-boot-starter-aop\3.1.2\spring-boot-starter-aop-3.1.2.jar;C:\Users\91931\.m2\repository\org\springframework\spring-aop\6.0.11\spring-aop-6.0.11.jar;C:\Users\91931\.m2\repository\org\aspectj\aspectjweaver\1.9.19\aspectjweaver-1.9.19.jar;C:\Users\91931\.m2\repository\org\springframework\boot\spring-boot-starter-jdbc\3.1.2\spring-boot-starter-jdbc-3.1.2.jar;C:\Users\91931\.m2\repository\com\zaxxer\HikariCP\5.0.1\HikariCP-5.0.1.jar;C:\Users\91931\.m2\repository\org\springframework\spring-jdbc\6.0.11\spring-jdbc-6.0.11.jar;C:\Users\91931\.m2\repository\org\springframework\data\spring-data-jpa\3.1.2\spring-data-jpa-3.1.2.jar;C:\Users\91931\.m2\repository\org\springframework\data\spring-data-commons\3.1.2\spring-data-commons-3.1.2.jar;C:\Users\91931\.m2\repository\org\springframework\spring-orm\6.0.11\spring-orm-6.0.11.jar;C:\Users\91931\.m2\repository\org\springframework\spring-context\6.0.11\spring-context-6.0.11.jar;C:\Users\91931\.m2\repository\org\springframework\spring-tx\6.0.11\spring-tx-6.0.11.jar;C:\Users\91931\.m2\repository\org\springframework\spring-beans\6.0.11\spring-beans-6.0.11.jar;C:\Users\91931\.m2\repository\jakarta\annotation\jakarta.annotation-api\2.1.1\jakarta.annotation-api-2.1.1.jar;C:\Users\91931\.m2\repository\org\slf4j\slf4j-api\2.0.7\slf4j-api-2.0.7.jar;C:\Users\91931\.m2\repository\org\springframework\spring-aspects\6.0.11\spring-aspects-6.0.11.jar;C:\Users\91931\.m2\repository\org\springframework\boot\spring-boot-starter-web\3.1.2\spring-boot-starter-web-3.1.2.jar;C:\Users\91931\.m2\repository\org\springframework\boot\spring-boot-starter\3.1.2\spring-boot-starter-3.1.2.jar;C:\Users\91931\.m2\repository\org\springframework\boot\spring-boot-starter-logging\3.1.2\spring-boot-starter-logging-3.1.2.jar;C:\Users\91931\.m2\repository\ch\qos\logback\logback-classic\1.4.8\logback-classic-1.4.8.jar;C:\Users\91931\.m2\repository\ch\qos\logback\logback-core\1.4.8\logback-core-1.4.8.jar;C:\Users\91931\.m2\repository\org\apache\logging\log4j\log4j-to-slf4j\2.20.0\log4j-to-slf4j-2.20.0.jar;C:\Users\91931\.m2\repository\org\apache\logging\log4j\log4j-api\2.20.0\log4j-api-2.20.0.jar;C:\Users\91931\.m2\repository\org\slf4j\jul-to-slf4j\2.0.7\jul-to-slf4j-2.0.7.jar;C:\Users\91931\.m2\repository\org\yaml\snakeyaml\1.33\snakeyaml-1.33.jar;C:\Users\91931\.m2\repository\org\springframework\boot\spring-boot-starter-json\3.1.2\spring-boot-starter-json-3.1.2.jar;C:\Users\91931\.m2\repository\com\fasterxml\jackson\core\jackson-databind\2.15.2\jackson-databind-2.15.2.jar;C:\Users\91931\.m2\repository\com\fasterxml\jackson\core\jackson-annotations\2.15.2\jackson-annotations-2.15.2.jar;C:\Users\91931\.m2\repository\com\fasterxml\jackson\core\jackson-core\2.15.2\jackson-core-2.15.2.jar;C:\Users\91931\.m2\repository\com\fasterxml\jackson\datatype\jackson-datatype-jdk8\2.15.2\jackson-datatype-jdk8-2.15.2.jar;C:\Users\91931\.m2\repository\com\fasterxml\jackson\datatype\jackson-datatype-jsr310\2.15.2\jackson-datatype-jsr310-2.15.2.jar;C:\Users\91931\.m2\repository\com\fasterxml\jackson\module\jackson-module-parameter-names\2.15.2\jackson-module-parameter-names-2.15.2.jar;C:\Users\91931\.m2\repository\org\springframework\boot\spring-boot-starter-tomcat\3.1.2\spring-boot-starter-tomcat-3.1.2.jar;C:\Users\91931\.m2\repository\org\apache\tomcat\embed\tomcat-embed-core\10.1.11\tomcat-embed-core-10.1.11.jar;C:\Users\91931\.m2\repository\org\apache\tomcat\embed\tomcat-embed-websocket\10.1.11\tomcat-embed-websocket-10.1.11.jar;C:\Users\91931\.m2\repository\org\springframework\spring-web\6.0.11\spring-web-6.0.11.jar;C:\Users\91931\.m2\repository\io\micrometer\micrometer-observation\1.11.2\micrometer-observation-1.11.2.jar;C:\Users\91931\.m2\repository\io\micrometer\micrometer-commons\1.11.2\micrometer-commons-1.11.2.jar;C:\Users\91931\.m2\repository\org\springframework\spring-webmvc\6.0.11\spring-webmvc-6.0.11.jar;C:\Users\91931\.m2\repository\org\springframework\spring-expression\6.0.11\spring-expression-6.0.11.jar;C:\Users\91931\.m2\repository\org\springframework\boot\spring-boot-devtools\3.1.2\spring-boot-devtools-3.1.2.jar;C:\Users\91931\.m2\repository\org\springframework\boot\spring-boot\3.1.2\spring-boot-3.1.2.jar;C:\Users\91931\.m2\repository\org\springframework\boot\spring-boot-autoconfigure\3.1.2\spring-boot-autoconfigure-3.1.2.jar;C:\Users\91931\.m2\repository\com\mysql\mysql-connector-j\8.0.33\mysql-connector-j-8.0.33.jar;C:\Users\91931\.m2\repository\org\projectlombok\lombok\1.18.30\lombok-1.18.30.jar;C:\Users\91931\.m2\repository\jakarta\xml\bind\jakarta.xml.bind-api\4.0.0\jakarta.xml.bind-api-4.0.0.jar;C:\Users\91931\.m2\repository\jakarta\activation\jakarta.activation-api\2.1.2\jakarta.activation-api-2.1.2.jar;C:\Users\91931\.m2\repository\org\springframework\spring-core\6.0.11\spring-core-6.0.11.jar;C:\Users\91931\.m2\repository\org\springframework\spring-jcl\6.0.11\spring-jcl-6.0.11.jar;C:\Users\91931\.m2\repository\com\h2database\h2\1.4.200\h2-1.4.200.jar;C:\Users\91931\.m2\repository\org\hibernate\orm\hibernate-core\6.2.6.Final\hibernate-core-6.2.6.Final.jar;C:\Users\91931\.m2\repository\jakarta\persistence\jakarta.persistence-api\3.1.0\jakarta.persistence-api-3.1.0.jar;C:\Users\91931\.m2\repository\jakarta\transaction\jakarta.transaction-api\2.0.1\jakarta.transaction-api-2.0.1.jar;C:\Users\91931\.m2\repository\org\jboss\logging\jboss-logging\3.5.3.Final\jboss-logging-3.5.3.Final.jar;C:\Users\91931\.m2\repository\org\hibernate\common\hibernate-commons-annotations\6.0.6.Final\hibernate-commons-annotations-6.0.6.Final.jar;C:\Users\91931\.m2\repository\io\smallrye\jandex\3.0.5\jandex-3.0.5.jar;C:\Users\91931\.m2\repository\com\fasterxml\classmate\1.5.1\classmate-1.5.1.jar;C:\Users\91931\.m2\repository\net\bytebuddy\byte-buddy\1.14.5\byte-buddy-1.14.5.jar;C:\Users\91931\.m2\repository\org\glassfish\jaxb\jaxb-runtime\4.0.3\jaxb-runtime-4.0.3.jar;C:\Users\91931\.m2\repository\org\glassfish\jaxb\jaxb-core\4.0.3\jaxb-core-4.0.3.jar;C:\Users\91931\.m2\repository\org\eclipse\angus\angus-activation\2.0.1\angus-activation-2.0.1.jar;C:\Users\91931\.m2\repository\org\glassfish\jaxb\txw2\4.0.3\txw2-4.0.3.jar;C:\Users\91931\.m2\repository\com\sun\istack\istack-commons-runtime\4.1.2\istack-commons-runtime-4.1.2.jar;C:\Users\91931\.m2\repository\jakarta\inject\jakarta.inject-api\2.0.1\jakarta.inject-api-2.0.1.jar;C:\Users\91931\.m2\repository\org\antlr\antlr4-runtime\4.10.1\antlr4-runtime-4.10.1.jar;C:\Users\91931\.m2\repository\org\modelmapper\modelmapper\3.0.0\modelmapper-3.0.0.jar;C:\Users\91931\.m2\repository\org\springframework\boot\spring-boot-starter-validation\3.1.2\spring-boot-starter-validation-3.1.2.jar;C:\Users\91931\.m2\repository\org\apache\tomcat\embed\tomcat-embed-el\10.1.11\tomcat-embed-el-10.1.11.jar;C:\Users\91931\.m2\repository\org\hibernate\validator\hibernate-validator\8.0.1.Final\hibernate-validator-8.0.1.Final.jar;C:\Users\91931\.m2\repository\jakarta\validation\jakarta.validation-api\3.0.2\jakarta.validation-api-3.0.2.jar
Launcher Type: SUN_STANDARD

[Global flags]
     intx CICompilerCount                          = 4                                         {product} {ergonomic}
     uint ConcGCThreads                            = 2                                         {product} {ergonomic}
     uint G1ConcRefinementThreads                  = 8                                         {product} {ergonomic}
   size_t G1HeapRegionSize                         = 1048576                                   {product} {ergonomic}
    uintx GCDrainStackTargetSize                   = 64                                        {product} {ergonomic}
   size_t InitialHeapSize                          = 134217728                                 {product} {ergonomic}
   size_t MarkStackSize                            = 4194304                                   {product} {ergonomic}
   size_t MaxHeapSize                              = 2116026368                                {product} {ergonomic}
   size_t MaxNewSize                               = 1268776960                                {product} {ergonomic}
   size_t MinHeapDeltaBytes                        = 1048576                                   {product} {ergonomic}
   size_t MinHeapSize                              = 8388608                                   {product} {ergonomic}
    uintx NonNMethodCodeHeapSize                   = 5839372                                {pd product} {ergonomic}
    uintx NonProfiledCodeHeapSize                  = 122909434                              {pd product} {ergonomic}
    uintx ProfiledCodeHeapSize                     = 122909434                              {pd product} {ergonomic}
    uintx ReservedCodeCacheSize                    = 251658240                              {pd product} {ergonomic}
     bool SegmentedCodeCache                       = true                                      {product} {ergonomic}
   size_t SoftMaxHeapSize                          = 2116026368                             {manageable} {ergonomic}
     bool UseCompressedClassPointers               = true                           {product lp64_product} {ergonomic}
     bool UseCompressedOops                        = true                           {product lp64_product} {ergonomic}
     bool UseG1GC                                  = true                                      {product} {ergonomic}
     bool UseLargePagesIndividualAllocation        = false                                  {pd product} {ergonomic}

Logging:
Log output configuration:
 #0: stdout all=warning uptime,level,tags foldmultilines=false
 #1: stderr all=off uptime,level,tags foldmultilines=false

Environment Variables:
JAVA_HOME=C:\Program Files\Java\jdk-11.0.10
PATH=C:\Python311\Scripts\;C:\Python311\;C:\Program Files\Common Files\Oracle\Java\javapath;C:\Program Files (x86)\Common Files\Oracle\Java\javapath;C:\Program Files\Java\jdk1.8.0_171\bin;C:\WINDOWS\system32;C:\WINDOWS;C:\WINDOWS\System32\Wbem;C:\WINDOWS\System32\WindowsPowerShell\v1.0\;C:\WINDOWS\System32\OpenSSH\;C:\Program Files\Microsoft SQL Server\Client SDK\ODBC\170\Tools\Binn\;C:\Program Files (x86)\Microsoft SQL Server\150\Tools\Binn\;C:\Program Files\Microsoft SQL Server\150\Tools\Binn\;C:\Program Files\Microsoft SQL Server\150\DTS\Binn\;C:\Maven\apache-maven-3.6.3\bin;C:\Program Files\nodejs\;C:\ProgramData\chocolatey\bin;C:\Program Files\Git\cmd;C:\Program Files\Java\jdk-20\bin;C:\Users\91931\AppData\Local\Microsoft\WindowsApps;C:\Users\91931\AppData\Local\Programs\Microsoft VS Code\bin;C:\Users\91931\AppData\Local\GitHubDesktop\bin;C:\Users\91931\AppData\Roaming\npm;
USERNAME=91931
OS=Windows_NT
PROCESSOR_IDENTIFIER=Intel64 Family 6 Model 142 Stepping 11, GenuineIntel
TMP=C:\Users\91931\AppData\Local\Temp
TEMP=C:\Users\91931\AppData\Local\Temp




---------------  S Y S T E M  ---------------

OS:
 Windows 11 , 64 bit Build 22621 (10.0.22621.2506)
OS uptime: 0 days 15:24 hours

CPU: total 8 (initial active 8) (4 cores per cpu, 2 threads per core) family 6 model 142 stepping 11 microcode 0xde, cx8, cmov, fxsr, ht, mmx, 3dnowpref, sse, sse2, sse3, ssse3, sse4.1, sse4.2, popcnt, lzcnt, tsc, tscinvbit, avx, avx2, aes, erms, clmul, bmi1, bmi2, adx, fma, vzeroupper, clflush, clflushopt, rdtscp, f16c

Memory: 4k page, system-wide physical 8070M (398M free)
TotalPageFile size 15070M (AvailPageFile size 0M)
current process WorkingSet (physical memory assigned to process): 126M, peak: 126M
current process commit charge ("private bytes"): 255M, peak: 255M

vm_info: Java HotSpot(TM) 64-Bit Server VM (20.0.2+9-78) for windows-amd64 JRE (20.0.2+9-78), built on 2023-06-14T10:08:48Z by "mach5one" with MS VC++ 17.1 (VS2022)

END.
