#
# There is insufficient memory for the Java Runtime Environment to continue.
# Native memory allocation (mmap) failed to map 65536 bytes for Failed to commit metaspace.
# Possible reasons:
#   The system is out of physical RAM or swap space
#   The process is running with CompressedOops enabled, and the Java Heap may be blocking the growth of the native heap
# Possible solutions:
#   Reduce memory load on the system
#   Increase physical memory or swap space
#   Check if swap backing store is full
#   Decrease Java heap size (-Xmx/-Xms)
#   Decrease number of Java threads
#   Decrease Java thread stack sizes (-Xss)
#   Set larger code cache with -XX:ReservedCodeCacheSize=
#   JVM is running with Unscaled Compressed Oops mode in which the Java heap is
#     placed in the first 4GB address space. The Java Heap base address is the
#     maximum limit for the native heap growth. Please use -XX:HeapBaseMinAddress
#     to set the Java Heap base and to place the Java Heap above 4GB virtual address.
# This output file may be truncated or incomplete.
#
#  Out of Memory Error (virtualSpaceNode.cpp:110), pid=26876, tid=26880
#
# JRE version: Java(TM) SE Runtime Environment (20.0.2+9) (build 20.0.2+9-78)
# Java VM: Java HotSpot(TM) 64-Bit Server VM (20.0.2+9-78, mixed mode, sharing, tiered, compressed oops, compressed class ptrs, g1 gc, windows-amd64)
# No core dump will be written. Minidumps are not enabled by default on client versions of Windows
#

---------------  S U M M A R Y ------------

Command Line: -javaagent:C:\Program Files\JetBrains\IntelliJ IDEA Community Edition 2023.2\lib\idea_rt.jar=64124:C:\Program Files\JetBrains\IntelliJ IDEA Community Edition 2023.2\bin -Dfile.encoding=UTF-8 -Dsun.stdout.encoding=UTF-8 -Dsun.stderr.encoding=UTF-8 com.lcwd.electronic.store.ElectronicStoreApplication

Host: Intel(R) Core(TM) i5-8265U CPU @ 1.60GHz, 8 cores, 7G,  Windows 11 , 64 bit Build 22621 (10.0.22621.2506)
Time: Thu Jan 11 03:07:45 2024 India Standard Time elapsed time: 2.889304 seconds (0d 0h 0m 2s)

---------------  T H R E A D  ---------------

Current thread (0x0000025b152dd6d0):  JavaThread "background-preinit" [_thread_in_vm, id=26880, stack(0x0000008129f00000,0x000000812a000000)]

Stack: [0x0000008129f00000,0x000000812a000000]
Native frames: (J=compiled Java code, j=interpreted, Vv=VM code, C=native code)
V  [jvm.dll+0x6bc25a]
V  [jvm.dll+0x84971a]
V  [jvm.dll+0x84b315]
V  [jvm.dll+0x84ba13]
V  [jvm.dll+0x280e4f]
V  [jvm.dll+0x84565b]
V  [jvm.dll+0x660616]
V  [jvm.dll+0x1eb7b7]
V  [jvm.dll+0x663032]
V  [jvm.dll+0x662e1e]
V  [jvm.dll+0x66102e]
V  [jvm.dll+0x26c9df]
V  [jvm.dll+0x66b665]
V  [jvm.dll+0x21b712]
V  [jvm.dll+0x21bc45]
V  [jvm.dll+0x21c631]
V  [jvm.dll+0x211a50]
V  [jvm.dll+0x59c7cc]
V  [jvm.dll+0x7c42a3]
V  [jvm.dll+0x7c4384]
V  [jvm.dll+0x46ca64]
V  [jvm.dll+0x471fc8]
C  [java.dll+0x17ec]

Java frames: (J=compiled Java code, j=interpreted, Vv=VM code)
J 777  java.lang.ClassLoader.defineClass1(Ljava/lang/ClassLoader;Ljava/lang/String;[BIILjava/security/ProtectionDomain;Ljava/lang/String;)Ljava/lang/Class; java.base@20.0.2 (0 bytes) @ 0x0000025ac23153f1 [0x0000025ac2315320+0x00000000000000d1]
J 1158 c1 java.lang.ClassLoader.defineClass(Ljava/lang/String;[BIILjava/security/ProtectionDomain;)Ljava/lang/Class; java.base@20.0.2 (43 bytes) @ 0x0000025aba9f375c [0x0000025aba9f3400+0x000000000000035c]
J 1253 c1 java.security.SecureClassLoader.defineClass(Ljava/lang/String;[BIILjava/security/CodeSource;)Ljava/lang/Class; java.base@20.0.2 (16 bytes) @ 0x0000025abaa1b7f4 [0x0000025abaa1b720+0x00000000000000d4]
J 780 c1 jdk.internal.loader.BuiltinClassLoader.defineClass(Ljava/lang/String;Ljdk/internal/loader/Resource;)Ljava/lang/Class; java.base@20.0.2 (121 bytes) @ 0x0000025aba93f3c4 [0x0000025aba93e480+0x0000000000000f44]
J 854 c1 jdk.internal.loader.BuiltinClassLoader.findClassOnClassPathOrNull(Ljava/lang/String;)Ljava/lang/Class; java.base@20.0.2 (64 bytes) @ 0x0000025aba9661f4 [0x0000025aba9654e0+0x0000000000000d14]
J 465 c1 jdk.internal.loader.BuiltinClassLoader.loadClassOrNull(Ljava/lang/String;Z)Ljava/lang/Class; java.base@20.0.2 (143 bytes) @ 0x0000025aba8980b4 [0x0000025aba897640+0x0000000000000a74]
J 649 c1 jdk.internal.loader.ClassLoaders$AppClassLoader.loadClass(Ljava/lang/String;Z)Ljava/lang/Class; java.base@20.0.2 (40 bytes) @ 0x0000025aba8e954c [0x0000025aba8e9360+0x00000000000001ec]
J 648 c1 java.lang.ClassLoader.loadClass(Ljava/lang/String;)Ljava/lang/Class; java.base@20.0.2 (7 bytes) @ 0x0000025aba8e9034 [0x0000025aba8e8f20+0x0000000000000114]
v  ~StubRoutines::call_stub 0x0000025ac1d3100d
J 777  java.lang.ClassLoader.defineClass1(Ljava/lang/ClassLoader;Ljava/lang/String;[BIILjava/security/ProtectionDomain;Ljava/lang/String;)Ljava/lang/Class; java.base@20.0.2 (0 bytes) @ 0x0000025ac23153f1 [0x0000025ac2315320+0x00000000000000d1]
J 1158 c1 java.lang.ClassLoader.defineClass(Ljava/lang/String;[BIILjava/security/ProtectionDomain;)Ljava/lang/Class; java.base@20.0.2 (43 bytes) @ 0x0000025aba9f375c [0x0000025aba9f3400+0x000000000000035c]
J 1253 c1 java.security.SecureClassLoader.defineClass(Ljava/lang/String;[BIILjava/security/CodeSource;)Ljava/lang/Class; java.base@20.0.2 (16 bytes) @ 0x0000025abaa1b7f4 [0x0000025abaa1b720+0x00000000000000d4]
J 780 c1 jdk.internal.loader.BuiltinClassLoader.defineClass(Ljava/lang/String;Ljdk/internal/loader/Resource;)Ljava/lang/Class; java.base@20.0.2 (121 bytes) @ 0x0000025aba93f3c4 [0x0000025aba93e480+0x0000000000000f44]
J 854 c1 jdk.internal.loader.BuiltinClassLoader.findClassOnClassPathOrNull(Ljava/lang/String;)Ljava/lang/Class; java.base@20.0.2 (64 bytes) @ 0x0000025aba9661f4 [0x0000025aba9654e0+0x0000000000000d14]
J 465 c1 jdk.internal.loader.BuiltinClassLoader.loadClassOrNull(Ljava/lang/String;Z)Ljava/lang/Class; java.base@20.0.2 (143 bytes) @ 0x0000025aba8980b4 [0x0000025aba897640+0x0000000000000a74]
J 649 c1 jdk.internal.loader.ClassLoaders$AppClassLoader.loadClass(Ljava/lang/String;Z)Ljava/lang/Class; java.base@20.0.2 (40 bytes) @ 0x0000025aba8e954c [0x0000025aba8e9360+0x00000000000001ec]
J 648 c1 java.lang.ClassLoader.loadClass(Ljava/lang/String;)Ljava/lang/Class; java.base@20.0.2 (7 bytes) @ 0x0000025aba8e9034 [0x0000025aba8e8f20+0x0000000000000114]
v  ~StubRoutines::call_stub 0x0000025ac1d3100d
j  org.springframework.http.converter.json.Jackson2ObjectMapperBuilder.build()Lcom/fasterxml/jackson/databind/ObjectMapper;+77
j  org.springframework.http.converter.json.MappingJackson2HttpMessageConverter.<init>()V+4
j  org.springframework.http.converter.support.AllEncompassingFormHttpMessageConverter.<init>()V+55
j  org.springframework.boot.autoconfigure.BackgroundPreinitializer$MessageConverterInitializer.run()V+4
j  org.springframework.boot.autoconfigure.BackgroundPreinitializer$1.runSafely(Ljava/lang/Runnable;)Z+1
j  org.springframework.boot.autoconfigure.BackgroundPreinitializer$1.run()V+32
j  java.lang.Thread.runWith(Ljava/lang/Object;Ljava/lang/Runnable;)V+5 java.base@20.0.2
j  java.lang.Thread.run()V+19 java.base@20.0.2
v  ~StubRoutines::call_stub 0x0000025ac1d3100d

Compiled method (n/a)    2938  777     n 0       java.lang.ClassLoader::defineClass1 (native)
 total in heap  [0x0000025ac2315190,0x0000025ac23157c0] = 1584
 relocation     [0x0000025ac23152d8,0x0000025ac2315310] = 56
 main code      [0x0000025ac2315320,0x0000025ac23157be] = 1182
 stub code      [0x0000025ac23157be,0x0000025ac23157c0] = 2

[Constant Pool (empty)]

[MachCode]
[Entry Point]
  # {method} {0x0000025acf838da8} 'defineClass1' '(Ljava/lang/ClassLoader;Ljava/lang/String;[BIILjava/security/ProtectionDomain;Ljava/lang/String;)Ljava/lang/Class;' in 'java/lang/ClassLoader'
  # parm0:    rdx:rdx   = 'java/lang/ClassLoader'
  # parm1:    r8:r8     = 'java/lang/String'
  # parm2:    r9:r9     = '[B'
  # parm3:    rdi       = int
  # parm4:    rsi       = int
  # parm5:    rcx:rcx   = 'java/security/ProtectionDomain'
  # parm6:    [sp+0xa0]   = 'java/lang/String'  (sp of caller)
  0x0000025ac2315320: 448b 5208 | 49bb 0000 | 40cf 5a02 | 0000 4d03 | d349 3bc2 | 0f84 0600 

  0x0000025ac2315338: ;   {runtime_call ic_miss_stub}
  0x0000025ac2315338: 0000 e9c1 | eaa7 ff90 
[Verified Entry Point]
  0x0000025ac2315340: 8984 2400 | 80ff ff55 | 488b ec48 | 81ec 9000 | 0000 6690 | 4181 7f20 | 0100 0000 

  0x0000025ac231535c: ;   {runtime_call StubRoutines (2)}
  0x0000025ac231535c: 7405 e8bd | 49a6 ff48 | 837d 1000 | 488d 4510 | 480f 4445 | 1048 8944 | 2440 4889 | 4c24 7048 
  0x0000025ac231537c: 83f9 0048 | 8d44 2470 | 480f 4444 | 2470 4889 | 4424 3848 | 8974 2430 | 4889 7c24 | 284c 894c 
  0x0000025ac231539c: 2458 4983 | f900 488d | 4424 5848 | 0f44 4424 | 5848 8944 | 2420 4c89 | 4424 5049 | 83f8 004c 
  0x0000025ac23153bc: 8d4c 2450 | 4c0f 444c | 2450 4889 | 5424 4848 | 83fa 004c | 8d44 2448 | 4c0f 4444 

  0x0000025ac23153d8: ;   {oop(a 'java/lang/Class'{0x000000008222b308} = 'java/lang/ClassLoader')}
  0x0000025ac23153d8: 2448 49be | 08b3 2282 | 0000 0000 | 4c89 7424 | 784c 8d74 | 2478 498b | d6c5 f877 

  0x0000025ac23153f4: ;   {internal_word}
  0x0000025ac23153f4: 49ba f153 | 31c2 5a02 | 0000 4d89 | 97c8 0200 | 0049 89a7 | c002 0000 

  0x0000025ac231540c: ;   {external_word}
  0x0000025ac231540c: 49ba 5d1a | 51ad f87f | 0000 4180 | 3a00 0f84 | 4e00 0000 | 5241 5041 

  0x0000025ac2315424: ;   {metadata({method} {0x0000025acf838da8} 'defineClass1' '(Ljava/lang/ClassLoader;Ljava/lang/String;[BIILjava/security/ProtectionDomain;Ljava/lang/String;)Ljava/lang/Class;' in 'java/lang/ClassLoader')}
  0x0000025ac2315424: 5148 baa0 | 8d83 cf5a | 0200 0049 | 8bcf 4883 | ec20 40f6 | c40f 0f84 | 1900 0000 | 4883 ec08 
  0x0000025ac2315444: ;   {runtime_call}
  0x0000025ac2315444: 48b8 f011 | 08ad f87f | 0000 ffd0 | 4883 c408 | e90c 0000 

  0x0000025ac2315458: ;   {runtime_call}
  0x0000025ac2315458: 0048 b8f0 | 1108 adf8 | 7f00 00ff | d048 83c4 | 2041 5941 | 585a 498d | 8fe0 0200 | 0041 c787 
  0x0000025ac2315478: 7403 0000 | 0400 0000 

  0x0000025ac2315480: ;   {runtime_call}
  0x0000025ac2315480: 48b8 ac16 | db03 f97f | 0000 ffd0 | c5f8 7741 | c787 7403 | 0000 0500 | 0000 f083 | 4424 c000 
  0x0000025ac23154a0: 493b af78 | 0300 000f | 870e 0000 | 0041 83bf | 7003 0000 | 000f 842b | 0000 00c5 | f877 4889 
  0x0000025ac23154c0: 45f8 498b | cf4c 8be4 | 4883 ec20 | 4883 e4f0 

  0x0000025ac23154d0: ;   {runtime_call}
  0x0000025ac23154d0: 48b8 a001 | d5ac f87f | 0000 ffd0 | 498b e44d | 33e4 488b | 45f8 41c7 | 8774 0300 | 0008 0000 
  0x0000025ac23154f0: 0041 83bf | f003 0000 | 020f 8492 

  0x0000025ac23154fc: ;   {external_word}
  0x0000025ac23154fc: 0200 0049 | ba5d 1a51 | adf8 7f00 | 0041 803a | 000f 844c | 0000 0048 

  0x0000025ac2315514: ;   {metadata({method} {0x0000025acf838da8} 'defineClass1' '(Ljava/lang/ClassLoader;Ljava/lang/String;[BIILjava/security/ProtectionDomain;Ljava/lang/String;)Ljava/lang/Class;' in 'java/lang/ClassLoader')}
  0x0000025ac2315514: 8945 f848 | baa0 8d83 | cf5a 0200 | 0049 8bcf | 4883 ec20 | 40f6 c40f | 0f84 1900 | 0000 4883 
  0x0000025ac2315534: ;   {runtime_call}
  0x0000025ac2315534: ec08 48b8 | f011 08ad | f87f 0000 | ffd0 4883 | c408 e90c 

  0x0000025ac2315548: ;   {runtime_call}
  0x0000025ac2315548: 0000 0048 | b8f0 1108 | adf8 7f00 | 00ff d048 | 83c4 2048 | 8b45 f849 | c787 c002 | 0000 0000 
  0x0000025ac2315568: 0000 49c7 | 87c8 0200 | 0000 0000 | 00c5 f877 | 4885 c00f | 84ed 0100 | 00a8 010f | 84e2 0100 
  0x0000025ac2315588: 0048 8b40 | ff41 807f | 4000 0f84 | ce01 0000 | 4883 f800 | 0f84 c401 | 0000 498b | 4f28 4883 
  0x0000025ac23155a8: f900 0f84 | 1400 0000 | 4883 e908 | 4989 4f28 | 4903 4f38 | 4889 01e9 | a201 0000 | 4881 ecd0 
  0x0000025ac23155c8: 0000 0048 | 8904 2448 | 894c 2408 | 4889 5424 | 1048 8974 | 2418 4889 | 7c24 204c | 8944 2428 
  0x0000025ac23155e8: 4c89 4c24 | 304c 8954 | 2438 4c89 | 5c24 40c5 | fb11 4424 | 50c5 fb11 | 4c24 58c5 | fb11 5424 
  0x0000025ac2315608: 60c5 fb11 | 5c24 68c5 | fb11 6424 | 70c5 fb11 | 6c24 78c5 | fb11 b424 | 8000 0000 | c5fb 11bc 
  0x0000025ac2315628: 2488 0000 | 00c5 7b11 | 8424 9000 | 0000 c57b | 118c 2498 | 0000 00c5 | 7b11 9424 | a000 0000 
  0x0000025ac2315648: c57b 119c | 24a8 0000 | 00c5 7b11 | a424 b000 | 0000 c57b | 11ac 24b8 | 0000 00c5 | 7b11 b424 
  0x0000025ac2315668: c000 0000 | c57b 11bc | 24c8 0000 | 0049 8bd7 | 488b c848 | 83ec 2040 | f6c4 0f0f | 8419 0000 
  0x0000025ac2315688: 0048 83ec 

  0x0000025ac231568c: ;   {runtime_call}
  0x0000025ac231568c: 0848 b860 | 40c8 acf8 | 7f00 00ff | d048 83c4 | 08e9 0c00 

  0x0000025ac23156a0: ;   {runtime_call}
  0x0000025ac23156a0: 0000 48b8 | 6040 c8ac | f87f 0000 | ffd0 4883 | c420 c57b | 10bc 24c8 | 0000 00c5 | 7b10 b424 
  0x0000025ac23156c0: c000 0000 | c57b 10ac | 24b8 0000 | 00c5 7b10 | a424 b000 | 0000 c57b | 109c 24a8 | 0000 00c5 
  0x0000025ac23156e0: 7b10 9424 | a000 0000 | c57b 108c | 2498 0000 | 00c5 7b10 | 8424 9000 | 0000 c5fb | 10bc 2488 
  0x0000025ac2315700: 0000 00c5 | fb10 b424 | 8000 0000 | c5fb 106c | 2478 c5fb | 1064 2470 | c5fb 105c | 2468 c5fb 
  0x0000025ac2315720: 1054 2460 | c5fb 104c | 2458 c5fb | 1044 2450 | 4c8b 5c24 | 404c 8b54 | 2438 4c8b | 4c24 304c 
  0x0000025ac2315740: 8b44 2428 | 488b 7c24 | 2048 8b74 | 2418 488b | 5424 1048 | 8b4c 2408 | 488b 0424 | 4881 c4d0 
  0x0000025ac2315760: 0000 00c5 | f877 e903 | 0000 0048 | 8b00 498b | 8f50 0300 | 00c7 8100 | 0100 0000 | 0000 00c9 
  0x0000025ac2315780: 4983 7f08 | 000f 8501 | 0000 00c3 

  0x0000025ac231578c: ;   {runtime_call StubRoutines (1)}
  0x0000025ac231578c: e96f b7a1 | ffc5 f877 | 4889 45f8 | 4c8b e448 | 83ec 2048 

  0x0000025ac23157a0: ;   {runtime_call}
  0x0000025ac23157a0: 83e4 f048 | b830 4608 | adf8 7f00 | 00ff d049 | 8be4 4d33 | e448 8b45 | f8e9 41fd | ffff f4f4 
[/MachCode]


Compiled method (c1)    2955 1158       3       java.lang.ClassLoader::defineClass (43 bytes)
 total in heap  [0x0000025aba9f3210,0x0000025aba9f3b38] = 2344
 relocation     [0x0000025aba9f3358,0x0000025aba9f33f0] = 152
 main code      [0x0000025aba9f3400,0x0000025aba9f3890] = 1168
 stub code      [0x0000025aba9f3890,0x0000025aba9f3908] = 120
 metadata       [0x0000025aba9f3908,0x0000025aba9f3938] = 48
 scopes data    [0x0000025aba9f3938,0x0000025aba9f3a28] = 240
 scopes pcs     [0x0000025aba9f3a28,0x0000025aba9f3b08] = 224
 dependencies   [0x0000025aba9f3b08,0x0000025aba9f3b10] = 8
 nul chk table  [0x0000025aba9f3b10,0x0000025aba9f3b38] = 40

[Constant Pool (empty)]

[MachCode]
[Entry Point]
  # {method} {0x0000025acf8390d0} 'defineClass' '(Ljava/lang/String;[BIILjava/security/ProtectionDomain;)Ljava/lang/Class;' in 'java/lang/ClassLoader'
  # this:     rdx:rdx   = 'java/lang/ClassLoader'
  # parm0:    r8:r8     = 'java/lang/String'
  # parm1:    r9:r9     = '[B'
  # parm2:    rdi       = int
  # parm3:    rsi       = int
  # parm4:    rcx:rcx   = 'java/security/ProtectionDomain'
  #           [sp+0xc0]  (sp of caller)
  0x0000025aba9f3400: 448b 5208 | 49bb 0000 | 40cf 5a02 | 0000 4d03 | d34c 3bd0 

  0x0000025aba9f3414: ;   {runtime_call ic_miss_stub}
  0x0000025aba9f3414: 0f85 e609 | 3a07 660f | 1f44 0000 
[Verified Entry Point]
  0x0000025aba9f3420: 8984 2400 | 80ff ff55 | 4881 ecb0 | 0000 0090 | 4181 7f20 | 0100 0000 

  0x0000025aba9f3438: ;   {runtime_call StubRoutines (2)}
  0x0000025aba9f3438: 7405 e8e1 | 6838 0748 | 8954 2478 

  0x0000025aba9f3444: ;   {metadata(method data for {method} {0x0000025acf8390d0} 'defineClass' '(Ljava/lang/String;[BIILjava/security/ProtectionDomain;)Ljava/lang/Class;' in 'java/lang/ClassLoader')}
  0x0000025aba9f3444: 48bb e0d0 | 7010 5b02 | 0000 8b83 | cc00 0000 | 83c0 0289 | 83cc 0000 | 0025 fe07 | 0000 83f8 
  0x0000025aba9f3464: 000f 8447 | 0300 0089 | b424 9400 | 0000 89bc | 2490 0000 | 004c 898c | 2488 0000 | 0048 8bda 
  0x0000025aba9f3484: ;   {metadata(method data for {method} {0x0000025acf8390d0} 'defineClass' '(Ljava/lang/String;[BIILjava/security/ProtectionDomain;)Ljava/lang/Class;' in 'java/lang/ClassLoader')}
  0x0000025aba9f3484: 48b8 e0d0 | 7010 5b02 | 0000 4883 | 8010 0100 | 0001 498b | d84c 8bc3 | 4c8b c948 | 8bca 488b 
  0x0000025aba9f34a4: d148 899c | 2480 0000 

  0x0000025aba9f34ac: ;   {optimized virtual_call}
  0x0000025aba9f34ac: 0066 90e8 

  0x0000025aba9f34b0: ; ImmutableOopMap {[120]=Oop [128]=Oop [136]=Oop }
                      ;*invokevirtual preDefineClass {reexecute=0 rethrow=0 return_oop=0}
                      ; - java.lang.ClassLoader::defineClass@4 (line 1011)
  0x0000025aba9f34b0: acb5 ffff | 4889 8424 | 9800 0000 | 488b 5424 

  0x0000025aba9f34c0: ;   {metadata(method data for {method} {0x0000025acf8390d0} 'defineClass' '(Ljava/lang/String;[BIILjava/security/ProtectionDomain;)Ljava/lang/Class;' in 'java/lang/ClassLoader')}
  0x0000025aba9f34c0: 7849 b8e0 | d070 105b | 0200 0049 | 8380 4801 

  0x0000025aba9f34d0: ;   {metadata(method data for {method} {0x0000025acf838e10} 'defineClassSourceLocation' '(Ljava/security/ProtectionDomain;)Ljava/lang/String;' in 'java/lang/ClassLoader')}
  0x0000025aba9f34d0: 0000 0149 | b8a8 c970 | 105b 0200 | 0041 8b90 | cc00 0000 | 83c2 0241 | 8990 cc00 | 0000 81e2 
  0x0000025aba9f34f0: feff 1f00 | 83fa 000f | 84d6 0200 | 0048 3b00 

  0x0000025aba9f3500: ;   {metadata(method data for {method} {0x0000025acf838e10} 'defineClassSourceLocation' '(Ljava/security/ProtectionDomain;)Ljava/lang/String;' in 'java/lang/ClassLoader')}
  0x0000025aba9f3500: 4c8b c048 | baa8 c970 | 105b 0200 | 0048 8382 | 1001 0000 | 0144 8b40 | 1049 83f8 

  0x0000025aba9f351c: ;   {metadata(method data for {method} {0x0000025acf838e10} 'defineClassSourceLocation' '(Ljava/security/ProtectionDomain;)Ljava/lang/String;' in 'java/lang/ClassLoader')}
  0x0000025aba9f351c: 0048 baa8 | c970 105b | 0200 0048 | be58 0100 | 0000 0000 | 000f 850a | 0000 0048 | be48 0100 
  0x0000025aba9f353c: 0000 0000 | 0048 8b3c | 3248 8d7f | 0148 893c | 320f 850f 

  0x0000025aba9f3550: ;   {oop(NULL)}
  0x0000025aba9f3550: 0000 0048 | bb00 0000 | 0000 0000 | 00e9 a501 | 0000 493b | 0049 8bd0 

  0x0000025aba9f3568: ;   {metadata(method data for {method} {0x0000025acf838e10} 'defineClassSourceLocation' '(Ljava/security/ProtectionDomain;)Ljava/lang/String;' in 'java/lang/ClassLoader')}
  0x0000025aba9f3568: 48be a8c9 | 7010 5b02 | 0000 4883 | 8668 0100 | 0001 418b | 500c 4883 

  0x0000025aba9f3580: ;   {metadata(method data for {method} {0x0000025acf838e10} 'defineClassSourceLocation' '(Ljava/security/ProtectionDomain;)Ljava/lang/String;' in 'java/lang/ClassLoader')}
  0x0000025aba9f3580: fa00 48be | a8c9 7010 | 5b02 0000 | 48bf b001 | 0000 0000 | 0000 0f85 | 0a00 0000 | 48bf a001 
  0x0000025aba9f35a0: 0000 0000 | 0000 488b | 1c3e 488d | 5b01 4889 | 1c3e 0f85 | 0f00 0000 

  0x0000025aba9f35b8: ;   {oop(NULL)}
  0x0000025aba9f35b8: 48bb 0000 | 0000 0000 | 0000 e940 

  0x0000025aba9f35c4: ;   {metadata(method data for {method} {0x0000025acf838e10} 'defineClassSourceLocation' '(Ljava/security/ProtectionDomain;)Ljava/lang/String;' in 'java/lang/ClassLoader')}
  0x0000025aba9f35c4: 0100 0048 | bea8 c970 | 105b 0200 | 0048 8386 | c001 0000 | 0148 3b02 

  0x0000025aba9f35dc: ;   {metadata(method data for {method} {0x0000025acf838e10} 'defineClassSourceLocation' '(Ljava/security/ProtectionDomain;)Ljava/lang/String;' in 'java/lang/ClassLoader')}
  0x0000025aba9f35dc: 4c8b c248 | bea8 c970 | 105b 0200 | 0048 8386 | f801 0000 

  0x0000025aba9f35f0: ;   {metadata(method data for {method} {0x0000025acf41b3e0} 'toString' '()Ljava/lang/String;' in 'java/net/URL')}
  0x0000025aba9f35f0: 0149 b8b0 | 8e59 105b | 0200 0041 | 8bb0 cc00 | 0000 83c6 | 0241 89b0 | cc00 0000 | 81e6 feff 
  0x0000025aba9f3610: 1f00 83fe | 000f 84e8 | 0100 004c 

  0x0000025aba9f361c: ;   {metadata(method data for {method} {0x0000025acf41b3e0} 'toString' '()Ljava/lang/String;' in 'java/net/URL')}
  0x0000025aba9f361c: 8bc2 48be | b08e 5910 | 5b02 0000 | 4883 8610 | 0100 0001 

  0x0000025aba9f3630: ;   {metadata(method data for {method} {0x0000025acf82c908} 'toExternalForm' '()Ljava/lang/String;' in 'java/net/URL')}
  0x0000025aba9f3630: 49b8 3890 | 5910 5b02 | 0000 418b | b0cc 0000 | 0083 c602 | 4189 b0cc | 0000 0081 | e6fe ff1f 
  0x0000025aba9f3650: 0083 fe00 | 0f84 ca01 | 0000 8b72 | 3848 3b06 

  0x0000025aba9f3660: ;   {metadata(method data for {method} {0x0000025acf82c908} 'toExternalForm' '()Ljava/lang/String;' in 'java/net/URL')}
  0x0000025aba9f3660: 4c8b c648 | bf38 9059 | 105b 0200 | 0045 8b40 | 0849 ba00 | 0040 cf5a | 0200 004d | 03c2 4c3b 
  0x0000025aba9f3680: 8720 0100 | 0075 0d48 | 8387 2801 | 0000 01e9 | 6000 0000 | 4c3b 8730 | 0100 0075 | 0d48 8387 
  0x0000025aba9f36a0: 3801 0000 | 01e9 4a00 | 0000 4883 | bf20 0100 | 0000 7517 | 4c89 8720 | 0100 0048 | c787 2801 
  0x0000025aba9f36c0: 0000 0100 | 0000 e929 | 0000 0048 | 83bf 3001 | 0000 0075 | 174c 8987 | 3001 0000 | 48c7 8738 
  0x0000025aba9f36e0: 0100 0001 | 0000 00e9 | 0800 0000 | 4883 8710 | 0100 0001 | 4c8b c248 | 8bd6 0f1f 

  0x0000025aba9f36fc: ;   {optimized virtual_call}
  0x0000025aba9f36fc: 4400 00e8 

  0x0000025aba9f3700: ; ImmutableOopMap {[120]=Oop [128]=Oop [136]=Oop [152]=Oop }
                      ;*invokevirtual toExternalForm {reexecute=0 rethrow=0 return_oop=0}
                      ; - java.net.URL::toExternalForm@5 (line 1195)
                      ; - java.net.URL::toString@1 (line 1181)
                      ; - java.lang.ClassLoader::defineClassSourceLocation@22 (line 913)
                      ; - java.lang.ClassLoader::defineClass@12 (line 1012)
  0x0000025aba9f3700: 5c73 f6ff | 488b d848 | 8b84 2498 | 0000 008b | b424 9400 | 0000 8bbc | 2490 0000 | 004c 8b8c 
  0x0000025aba9f3720: 2488 0000 | 004c 8b84 | 2480 0000 | 0048 8b54 

  0x0000025aba9f3730: ;   {metadata(method data for {method} {0x0000025acf8390d0} 'defineClass' '(Ljava/lang/String;[BIILjava/security/ProtectionDomain;)Ljava/lang/Class;' in 'java/lang/ClassLoader')}
  0x0000025aba9f3730: 2478 48b9 | e0d0 7010 | 5b02 0000 | 4883 8180 | 0100 0001 | 4c8b da49 | 8bd3 488b | c848 891c 
  0x0000025aba9f3750: 2466 0f1f 

  0x0000025aba9f3754: ;   {static_call}
  0x0000025aba9f3754: 4400 00e8 

  0x0000025aba9f3758: ; ImmutableOopMap {[120]=Oop [152]=Oop }
                      ;*invokestatic defineClass1 {reexecute=0 rethrow=0 return_oop=0}
                      ; - java.lang.ClassLoader::defineClass@27 (line 1013)
  0x0000025aba9f3758: e41b 9207 | 488b 5424 

  0x0000025aba9f3760: ;   {metadata(method data for {method} {0x0000025acf8390d0} 'defineClass' '(Ljava/lang/String;[BIILjava/security/ProtectionDomain;)Ljava/lang/Class;' in 'java/lang/ClassLoader')}
  0x0000025aba9f3760: 7849 b8e0 | d070 105b | 0200 0049 | 8380 9001 | 0000 014c | 8bc0 4c8b | 8c24 9800 | 0000 488b 
  0x0000025aba9f3780: 5424 7848 | 8984 24a0 | 0000 000f 

  0x0000025aba9f378c: ;   {optimized virtual_call}
  0x0000025aba9f378c: 1f40 00e8 

  0x0000025aba9f3790: ; ImmutableOopMap {[160]=Oop }
                      ;*invokevirtual postDefineClass {reexecute=0 rethrow=0 return_oop=0}
                      ; - java.lang.ClassLoader::defineClass@37 (line 1014)
  0x0000025aba9f3790: ece9 ffff | 488b 8424 | a000 0000 | 4881 c4b0 | 0000 005d 

  0x0000025aba9f37a4: ;   {poll_return}
  0x0000025aba9f37a4: 493b a778 | 0300 000f | 8799 0000 

  0x0000025aba9f37b0: ;   {metadata({method} {0x0000025acf8390d0} 'defineClass' '(Ljava/lang/String;[BIILjava/security/ProtectionDomain;)Ljava/lang/Class;' in 'java/lang/ClassLoader')}
  0x0000025aba9f37b0: 00c3 49ba | c890 83cf | 5a02 0000 | 4c89 5424 | 0848 c704 | 24ff ffff 

  0x0000025aba9f37c8: ;   {runtime_call counter_overflow Runtime1 stub}
  0x0000025aba9f37c8: ffe8 b23c 

  0x0000025aba9f37cc: ; ImmutableOopMap {rdx=Oop r8=Oop r9=Oop rcx=Oop [120]=Oop }
                      ;*synchronization entry
                      ; - java.lang.ClassLoader::defineClass@-1 (line 1011)
  0x0000025aba9f37cc: 4607 e998 

  0x0000025aba9f37d0: ;   {metadata({method} {0x0000025acf838e10} 'defineClassSourceLocation' '(Ljava/security/ProtectionDomain;)Ljava/lang/String;' in 'java/lang/ClassLoader')}
  0x0000025aba9f37d0: fcff ff49 | ba08 8e83 | cf5a 0200 | 004c 8954 | 2408 48c7 | 0424 ffff 

  0x0000025aba9f37e8: ;   {runtime_call counter_overflow Runtime1 stub}
  0x0000025aba9f37e8: ffff e891 

  0x0000025aba9f37ec: ; ImmutableOopMap {rax=Oop [120]=Oop [128]=Oop [136]=Oop [152]=Oop }
                      ;*synchronization entry
                      ; - java.lang.ClassLoader::defineClassSourceLocation@-1 (line 910)
                      ; - java.lang.ClassLoader::defineClass@12 (line 1012)
  0x0000025aba9f37ec: 3c46 07e9 | 09fd ffff 

  0x0000025aba9f37f4: ;   {runtime_call throw_null_pointer_exception Runtime1 stub}
  0x0000025aba9f37f4: e807 d045 

  0x0000025aba9f37f8: ; ImmutableOopMap {rax=Oop [120]=Oop [128]=Oop [136]=Oop [152]=Oop }
                      ;*invokevirtual getCodeSource {reexecute=0 rethrow=0 return_oop=0}
                      ; - java.lang.ClassLoader::defineClassSourceLocation@1 (line 910)
                      ; - java.lang.ClassLoader::defineClass@12 (line 1012)
                      ;   {runtime_call throw_null_pointer_exception Runtime1 stub}
  0x0000025aba9f37f8: 07e8 02d0 

  0x0000025aba9f37fc: ; ImmutableOopMap {rax=Oop r8=Oop [120]=Oop [128]=Oop [136]=Oop [152]=Oop }
                      ;*invokevirtual getLocation {reexecute=0 rethrow=0 return_oop=0}
                      ; - java.lang.ClassLoader::defineClassSourceLocation@12 (line 912)
                      ; - java.lang.ClassLoader::defineClass@12 (line 1012)
                      ;   {runtime_call throw_null_pointer_exception Runtime1 stub}
  0x0000025aba9f37fc: 4507 e8fd 

  0x0000025aba9f3800: ; ImmutableOopMap {rdx=Oop [120]=Oop [128]=Oop [136]=Oop [152]=Oop }
                      ;*invokevirtual toString {reexecute=0 rethrow=0 return_oop=0}
                      ; - java.lang.ClassLoader::defineClassSourceLocation@22 (line 913)
                      ; - java.lang.ClassLoader::defineClass@12 (line 1012)
                      ;   {metadata({method} {0x0000025acf41b3e0} 'toString' '()Ljava/lang/String;' in 'java/net/URL')}
  0x0000025aba9f3800: cf45 0749 | bad8 b341 | cf5a 0200 | 004c 8954 | 2408 48c7 | 0424 ffff 

  0x0000025aba9f3818: ;   {runtime_call counter_overflow Runtime1 stub}
  0x0000025aba9f3818: ffff e861 

  0x0000025aba9f381c: ; ImmutableOopMap {rdx=Oop [120]=Oop [128]=Oop [136]=Oop [152]=Oop }
                      ;*synchronization entry
                      ; - java.net.URL::toString@-1 (line 1181)
                      ; - java.lang.ClassLoader::defineClassSourceLocation@22 (line 913)
                      ; - java.lang.ClassLoader::defineClass@12 (line 1012)
  0x0000025aba9f381c: 3c46 07e9 | f7fd ffff 

  0x0000025aba9f3824: ;   {metadata({method} {0x0000025acf82c908} 'toExternalForm' '()Ljava/lang/String;' in 'java/net/URL')}
  0x0000025aba9f3824: 49ba 00c9 | 82cf 5a02 | 0000 4c89 | 5424 0848 | c704 24ff 

  0x0000025aba9f3838: ;   {runtime_call counter_overflow Runtime1 stub}
  0x0000025aba9f3838: ffff ffe8 

  0x0000025aba9f383c: ; ImmutableOopMap {rdx=Oop [120]=Oop [128]=Oop [136]=Oop [152]=Oop }
                      ;*synchronization entry
                      ; - java.net.URL::toExternalForm@-1 (line 1195)
                      ; - java.net.URL::toString@1 (line 1181)
                      ; - java.lang.ClassLoader::defineClassSourceLocation@22 (line 913)
                      ; - java.lang.ClassLoader::defineClass@12 (line 1012)
  0x0000025aba9f383c: 403c 4607 | e915 feff 

  0x0000025aba9f3844: ;   {runtime_call throw_null_pointer_exception Runtime1 stub}
  0x0000025aba9f3844: ffe8 b6cf 

  0x0000025aba9f3848: ; ImmutableOopMap {rdx=Oop rsi=Oop [120]=Oop [128]=Oop [136]=Oop [152]=Oop }
                      ;*invokevirtual toExternalForm {reexecute=0 rethrow=0 return_oop=0}
                      ; - java.net.URL::toExternalForm@5 (line 1195)
                      ; - java.net.URL::toString@1 (line 1181)
                      ; - java.lang.ClassLoader::defineClassSourceLocation@22 (line 913)
                      ; - java.lang.ClassLoader::defineClass@12 (line 1012)
                      ;   {internal_word}
  0x0000025aba9f3848: 4507 49ba | a437 9fba | 5a02 0000 | 4d89 9790 

  0x0000025aba9f3858: ;   {runtime_call SafepointBlob}
  0x0000025aba9f3858: 0300 00e9 | 2075 3a07 | 498b 8728 | 0400 0049 | c787 2804 | 0000 0000 | 0000 49c7 | 8730 0400 
  0x0000025aba9f3878: 0000 0000 | 0048 81c4 | b000 0000 

  0x0000025aba9f3884: ;   {runtime_call unwind_exception Runtime1 stub}
  0x0000025aba9f3884: 5de9 f6b5 | 4507 f4f4 | f4f4 f4f4 
[Stub Code]
  0x0000025aba9f3890: ;   {no_reloc}
  0x0000025aba9f3890: 0f1f 4400 

  0x0000025aba9f3894: ;   {static_stub}
  0x0000025aba9f3894: 0048 bb00 | 0000 0000 

  0x0000025aba9f389c: ;   {runtime_call}
  0x0000025aba9f389c: 0000 00e9 | fbff ffff 
[Exception Handler]
  0x0000025aba9f38a4: ;   {runtime_call handle_exception_from_callee Runtime1 stub}
  0x0000025aba9f38a4: e8d7 ff45 

  0x0000025aba9f38a8: ;   {external_word}
  0x0000025aba9f38a8: 0748 b9b0 | 332b adf8 | 7f00 0048 

  0x0000025aba9f38b4: ;   {runtime_call}
  0x0000025aba9f38b4: 83e4 f048 | b860 1df7 | acf8 7f00 | 00ff d0f4 
[Deopt Handler Code]
  0x0000025aba9f38c4: ;   {section_word}
  0x0000025aba9f38c4: 49ba c438 | 9fba 5a02 | 0000 4152 

  0x0000025aba9f38d0: ;   {runtime_call DeoptimizationBlob}
  0x0000025aba9f38d0: e94b 673a 

  0x0000025aba9f38d4: ;   {static_stub}
  0x0000025aba9f38d4: 0748 bb00 | 0000 0000 

  0x0000025aba9f38dc: ;   {runtime_call}
  0x0000025aba9f38dc: 0000 00e9 | fbff ffff 

  0x0000025aba9f38e4: ;   {static_stub}
  0x0000025aba9f38e4: 48bb 0000 | 0000 0000 

  0x0000025aba9f38ec: ;   {runtime_call}
  0x0000025aba9f38ec: 0000 e9fb 

  0x0000025aba9f38f0: ;   {static_stub}
  0x0000025aba9f38f0: ffff ff48 | bb00 0000 | 0000 0000 

  0x0000025aba9f38fc: ;   {runtime_call}
  0x0000025aba9f38fc: 00e9 fbff | ffff f4f4 | f4f4 f4f4 
[/MachCode]


Compiled method (c1)    2973 1253       3       java.security.SecureClassLoader::defineClass (16 bytes)
 total in heap  [0x0000025abaa1b590,0x0000025abaa1b960] = 976
 relocation     [0x0000025abaa1b6d8,0x0000025abaa1b720] = 72
 main code      [0x0000025abaa1b720,0x0000025abaa1b868] = 328
 stub code      [0x0000025abaa1b868,0x0000025abaa1b8b8] = 80
 metadata       [0x0000025abaa1b8b8,0x0000025abaa1b8c0] = 8
 scopes data    [0x0000025abaa1b8c0,0x0000025abaa1b908] = 72
 scopes pcs     [0x0000025abaa1b908,0x0000025abaa1b958] = 80
 dependencies   [0x0000025abaa1b958,0x0000025abaa1b960] = 8

[Constant Pool (empty)]

[MachCode]
[Entry Point]
  # {method} {0x0000025acf44dc48} 'defineClass' '(Ljava/lang/String;[BIILjava/security/CodeSource;)Ljava/lang/Class;' in 'java/security/SecureClassLoader'
  # this:     rdx:rdx   = 'java/security/SecureClassLoader'
  # parm0:    r8:r8     = 'java/lang/String'
  # parm1:    r9:r9     = '[B'
  # parm2:    rdi       = int
  # parm3:    rsi       = int
  # parm4:    rcx:rcx   = 'java/security/CodeSource'
  #           [sp+0x80]  (sp of caller)
  0x0000025abaa1b720: 448b 5208 | 49bb 0000 | 40cf 5a02 | 0000 4d03 | d34c 3bd0 

  0x0000025abaa1b734: ;   {runtime_call ic_miss_stub}
  0x0000025abaa1b734: 0f85 c686 | 3707 660f | 1f44 0000 
[Verified Entry Point]
  0x0000025abaa1b740: 8984 2400 | 80ff ff55 | 4883 ec70 | 4181 7f20 | 0100 0000 

  0x0000025abaa1b754: ;   {runtime_call StubRoutines (2)}
  0x0000025abaa1b754: 7405 e8c5 

  0x0000025abaa1b758: ;   {metadata(method data for {method} {0x0000025acf44dc48} 'defineClass' '(Ljava/lang/String;[BIILjava/security/CodeSource;)Ljava/lang/Class;' in 'java/security/SecureClassLoader')}
  0x0000025abaa1b758: e535 0748 | bbd8 405f | 105b 0200 | 008b 83cc | 0000 0083 | c002 8983 | cc00 0000 | 25fe 0700 
  0x0000025abaa1b778: 0083 f800 | 0f84 8500 | 0000 8974 | 245c 897c | 2458 4c89 | 4c24 504c | 8944 2448 

  0x0000025abaa1b794: ;   {metadata(method data for {method} {0x0000025acf44dc48} 'defineClass' '(Ljava/lang/String;[BIILjava/security/CodeSource;)Ljava/lang/Class;' in 'java/security/SecureClassLoader')}
  0x0000025abaa1b794: 488b da48 | b8d8 405f | 105b 0200 | 0048 8380 | 1001 0000 | 014c 8bc1 | 488b c248 | 8bd0 4889 
  0x0000025abaa1b7b4: ;   {optimized virtual_call}
  0x0000025abaa1b7b4: 4424 40e8 

  0x0000025abaa1b7b8: ; ImmutableOopMap {[64]=Oop [72]=Oop [80]=Oop }
                      ;*invokevirtual getProtectionDomain {reexecute=0 rethrow=0 return_oop=0}
                      ; - java.security.SecureClassLoader::defineClass@9 (line 150)
  0x0000025abaa1b7b8: e482 faff | 488b 5424 

  0x0000025abaa1b7c0: ;   {metadata(method data for {method} {0x0000025acf44dc48} 'defineClass' '(Ljava/lang/String;[BIILjava/security/CodeSource;)Ljava/lang/Class;' in 'java/security/SecureClassLoader')}
  0x0000025abaa1b7c0: 4049 b8d8 | 405f 105b | 0200 0049 | 8380 4801 | 0000 014c | 8b44 2448 | 4c8b 4c24 | 508b 7c24 
  0x0000025abaa1b7e0: 588b 7424 | 5c48 8bc8 | 488b 5424 

  0x0000025abaa1b7ec: ;   {optimized virtual_call}
  0x0000025abaa1b7ec: 4066 90e8 

  0x0000025abaa1b7f0: ; ImmutableOopMap {}
                      ;*invokevirtual defineClass {reexecute=0 rethrow=0 return_oop=0}
                      ; - java.security.SecureClassLoader::defineClass@12 (line 150)
  0x0000025abaa1b7f0: 2c7c fdff | 4883 c470 

  0x0000025abaa1b7f8: ;   {poll_return}
  0x0000025abaa1b7f8: 5d49 3ba7 | 7803 0000 | 0f87 2200 

  0x0000025abaa1b804: ;   {metadata({method} {0x0000025acf44dc48} 'defineClass' '(Ljava/lang/String;[BIILjava/security/CodeSource;)Ljava/lang/Class;' in 'java/security/SecureClassLoader')}
  0x0000025abaa1b804: 0000 c349 | ba40 dc44 | cf5a 0200 | 004c 8954 | 2408 48c7 | 0424 ffff 

  0x0000025abaa1b81c: ;   {runtime_call counter_overflow Runtime1 stub}
  0x0000025abaa1b81c: ffff e85d 

  0x0000025abaa1b820: ; ImmutableOopMap {rdx=Oop r8=Oop r9=Oop rcx=Oop }
                      ;*synchronization entry
                      ; - java.security.SecureClassLoader::defineClass@-1 (line 150)
  0x0000025abaa1b820: bc43 07e9 | 5aff ffff 

  0x0000025abaa1b828: ;   {internal_word}
  0x0000025abaa1b828: 49ba f9b7 | a1ba 5a02 | 0000 4d89 | 9790 0300 

  0x0000025abaa1b838: ;   {runtime_call SafepointBlob}
  0x0000025abaa1b838: 00e9 42f5 | 3707 498b | 8728 0400 | 0049 c787 | 2804 0000 | 0000 0000 | 49c7 8730 | 0400 0000 
  0x0000025abaa1b858: 0000 0048 | 83c4 705d 

  0x0000025abaa1b860: ;   {runtime_call unwind_exception Runtime1 stub}
  0x0000025abaa1b860: e91b 3643 | 07f4 f4f4 
[Exception Handler]
  0x0000025abaa1b868: ;   {no_reloc}
  0x0000025abaa1b868: e813 8043 

  0x0000025abaa1b86c: ;   {external_word}
  0x0000025abaa1b86c: 0748 b9b0 | 332b adf8 | 7f00 0048 

  0x0000025abaa1b878: ;   {runtime_call}
  0x0000025abaa1b878: 83e4 f048 | b860 1df7 | acf8 7f00 | 00ff d0f4 
[Deopt Handler Code]
  0x0000025abaa1b888: ;   {section_word}
  0x0000025abaa1b888: 49ba 88b8 | a1ba 5a02 | 0000 4152 

  0x0000025abaa1b894: ;   {runtime_call DeoptimizationBlob}
  0x0000025abaa1b894: e987 e737 

  0x0000025abaa1b898: ;   {static_stub}
  0x0000025abaa1b898: 0748 bb00 | 0000 0000 

  0x0000025abaa1b8a0: ;   {runtime_call}
  0x0000025abaa1b8a0: 0000 00e9 | fbff ffff 

  0x0000025abaa1b8a8: ;   {static_stub}
  0x0000025abaa1b8a8: 48bb 0000 | 0000 0000 

  0x0000025abaa1b8b0: ;   {runtime_call}
  0x0000025abaa1b8b0: 0000 e9fb | ffff fff4 
[/MachCode]


---------------  P R O C E S S  ---------------

Threads class SMR info:
_java_thread_list=0x0000025b15282d80, length=16, elements={
0x0000025ab2735220, 0x0000025acf0fb390, 0x0000025acf0fc230, 0x0000025acf101780,
0x0000025acf103430, 0x0000025acf103d70, 0x0000025acf1047e0, 0x0000025acf108010,
0x0000025acf13cff0, 0x0000025b14507180, 0x0000025b1485efc0, 0x0000025b149a1330,
0x0000025b1502c440, 0x0000025b14bbfd00, 0x0000025b152dd6d0, 0x0000025b153dd630
}

Java Threads: ( => current thread )
  0x0000025ab2735220 JavaThread "main" [_thread_blocked, id=21044, stack(0x0000008128400000,0x0000008128500000)]
  0x0000025acf0fb390 JavaThread "Reference Handler" daemon [_thread_blocked, id=12312, stack(0x0000008128b00000,0x0000008128c00000)]
  0x0000025acf0fc230 JavaThread "Finalizer" daemon [_thread_blocked, id=21616, stack(0x0000008128c00000,0x0000008128d00000)]
  0x0000025acf101780 JavaThread "Signal Dispatcher" daemon [_thread_blocked, id=9604, stack(0x0000008128d00000,0x0000008128e00000)]
  0x0000025acf103430 JavaThread "Attach Listener" daemon [_thread_blocked, id=18660, stack(0x0000008128e00000,0x0000008128f00000)]
  0x0000025acf103d70 JavaThread "Service Thread" daemon [_thread_blocked, id=1536, stack(0x0000008128f00000,0x0000008129000000)]
  0x0000025acf1047e0 JavaThread "Monitor Deflation Thread" daemon [_thread_blocked, id=18980, stack(0x0000008129000000,0x0000008129100000)]
  0x0000025acf108010 JavaThread "C2 CompilerThread0" daemon [_thread_blocked, id=3420, stack(0x0000008129100000,0x0000008129200000)]
  0x0000025acf13cff0 JavaThread "C1 CompilerThread0" daemon [_thread_blocked, id=19912, stack(0x0000008129200000,0x0000008129300000)]
  0x0000025b14507180 JavaThread "Common-Cleaner" daemon [_thread_blocked, id=1292, stack(0x0000008129300000,0x0000008129400000)]
  0x0000025b1485efc0 JavaThread "Monitor Ctrl-Break" daemon [_thread_in_native, id=24136, stack(0x0000008129500000,0x0000008129600000)]
  0x0000025b149a1330 JavaThread "Notification Thread" daemon [_thread_blocked, id=8744, stack(0x0000008129600000,0x0000008129700000)]
  0x0000025b1502c440 JavaThread "Thread-0" [_thread_blocked, id=14640, stack(0x0000008129800000,0x0000008129900000)]
  0x0000025b14bbfd00 JavaThread "restartedMain" [_thread_in_vm, id=1604, stack(0x0000008129900000,0x0000008129a00000)]
=>0x0000025b152dd6d0 JavaThread "background-preinit" [_thread_in_vm, id=26880, stack(0x0000008129f00000,0x000000812a000000)]
  0x0000025b153dd630 JavaThread "C2 CompilerThread1" daemon [_thread_in_native, id=26696, stack(0x0000008129400000,0x0000008129500000)]

Other Threads:
  0x0000025acf0dec00 VMThread "VM Thread" [stack: 0x0000008128a00000,0x0000008128b00000] [id=21632]
  0x0000025b148397c0 WatcherThread "VM Periodic Task Thread" [stack: 0x0000008129700000,0x0000008129800000] [id=17612]
  0x0000025ab2794200 WorkerThread "GC Thread#0" [stack: 0x0000008128500000,0x0000008128600000] [id=25556]
  0x0000025b14cd36f0 WorkerThread "GC Thread#1" [stack: 0x0000008129a00000,0x0000008129b00000] [id=15620]
  0x0000025b14cd39c0 WorkerThread "GC Thread#2" [stack: 0x0000008129b00000,0x0000008129c00000] [id=9168]
  0x0000025b14cd3c90 WorkerThread "GC Thread#3" [stack: 0x0000008129c00000,0x0000008129d00000] [id=18192]
  0x0000025b15068d60 WorkerThread "GC Thread#4" [stack: 0x0000008129d00000,0x0000008129e00000] [id=2192]
  0x0000025b15069e40 WorkerThread "GC Thread#5" [stack: 0x0000008129e00000,0x0000008129f00000] [id=21584]
  0x0000025b150695d0 WorkerThread "GC Thread#6" [stack: 0x000000812a000000,0x000000812a100000] [id=15240]
  0x0000025b1506a110 WorkerThread "GC Thread#7" [stack: 0x000000812a100000,0x000000812a200000] [id=22792]
  0x0000025ab27a5e10 ConcurrentGCThread "G1 Main Marker" [stack: 0x0000008128600000,0x0000008128700000] [id=22248]
  0x0000025ab27a6ef0 WorkerThread "G1 Conc#0" [stack: 0x0000008128700000,0x0000008128800000] [id=27620]
  0x0000025ab27eea30 ConcurrentGCThread "G1 Refine#0" [stack: 0x0000008128800000,0x0000008128900000] [id=6008]
  0x0000025acef8b670 ConcurrentGCThread "G1 Service" [stack: 0x0000008128900000,0x0000008128a00000] [id=10132]

Threads with active compile tasks:
C2 CompilerThread1     2982 1994   !   4       java.net.URL::<init> (543 bytes)

VM state: not at safepoint (normal execution)

VM Mutex/Monitor currently owned by a thread:  ([mutex/lock_event])
[0x0000025ab272eb40] Metaspace_lock - owner thread: 0x0000025b152dd6d0

Heap address: 0x0000000081e00000, size: 2018 MB, Compressed Oops mode: 32-bit

CDS archive(s) mapped at: [0x0000025acf400000-0x0000025ad0060000-0x0000025ad0060000), size 12976128, SharedBaseAddress: 0x0000025acf400000, ArchiveRelocationMode: 1.
Compressed class space mapped at: 0x0000025ad0400000-0x0000025b10400000, reserved size: 1073741824
Narrow klass base: 0x0000025acf400000, Narrow klass shift: 0, Narrow klass range: 0x100000000

GC Precious Log:
 CardTable entry size: 512
 Card Set container configuration: InlinePtr #cards 5 size 8 Array Of Cards #cards 12 size 40 Howl #buckets 4 coarsen threshold 1843 Howl Bitmap #cards 512 size 80 coarsen threshold 460 Card regions per heap region 1 cards per card region 2048
 CPUs: 8 total, 8 available
 Memory: 8070M
 Large Page Support: Disabled
 NUMA Support: Disabled
 Compressed Oops: Enabled (32-bit)
 Heap Region Size: 1M
 Heap Min Capacity: 8M
 Heap Initial Capacity: 128M
 Heap Max Capacity: 2018M
 Pre-touch: Disabled
 Parallel Workers: 8
 Concurrent Workers: 2
 Concurrent Refinement Workers: 8
 Periodic GC: Disabled

Heap:
 garbage-first heap   total 131072K, used 16267K [0x0000000081e00000, 0x0000000100000000)
  region size 1024K, 10 young (10240K), 3 survivors (3072K)
 Metaspace       used 14776K, committed 15040K, reserved 1114112K
  class space    used 1897K, committed 2048K, reserved 1048576K

Heap Regions: E=young(eden), S=young(survivor), O=old, HS=humongous(starts), HC=humongous(continues), CS=collection set, F=free, OA=open archive, CA=closed archive, TAMS=top-at-mark-start, PB=parsable bottom
|   0|0x0000000081e00000, 0x0000000081f00000, 0x0000000081f00000|100%|HS|  |TAMS 0x0000000081e00000| PB 0x0000000081e00000| Complete 
|   1|0x0000000081f00000, 0x0000000082000000, 0x0000000082000000|100%| O|  |TAMS 0x0000000081f00000| PB 0x0000000081f00000| Untracked 
|   2|0x0000000082000000, 0x0000000082100000, 0x0000000082100000|100%| O|  |TAMS 0x0000000082000000| PB 0x0000000082000000| Untracked 
|   3|0x0000000082100000, 0x0000000082200000, 0x0000000082200000|100%| O|  |TAMS 0x0000000082100000| PB 0x0000000082100000| Untracked 
|   4|0x0000000082200000, 0x0000000082300000, 0x0000000082300000|100%| O|  |TAMS 0x0000000082200000| PB 0x0000000082200000| Untracked 
|   5|0x0000000082300000, 0x0000000082400000, 0x0000000082400000|100%| O|  |TAMS 0x0000000082300000| PB 0x0000000082300000| Untracked 
|   6|0x0000000082400000, 0x0000000082500000, 0x0000000082500000|100%| O|  |TAMS 0x0000000082400000| PB 0x0000000082400000| Untracked 
|   7|0x0000000082500000, 0x0000000082539a00, 0x0000000082600000| 22%| O|  |TAMS 0x0000000082500000| PB 0x0000000082500000| Untracked 
|   8|0x0000000082600000, 0x0000000082600000, 0x0000000082700000|  0%| F|  |TAMS 0x0000000082600000| PB 0x0000000082600000| Untracked 
|   9|0x0000000082700000, 0x0000000082700000, 0x0000000082800000|  0%| F|  |TAMS 0x0000000082700000| PB 0x0000000082700000| Untracked 
|  10|0x0000000082800000, 0x0000000082800000, 0x0000000082900000|  0%| F|  |TAMS 0x0000000082800000| PB 0x0000000082800000| Untracked 
|  11|0x0000000082900000, 0x0000000082900000, 0x0000000082a00000|  0%| F|  |TAMS 0x0000000082900000| PB 0x0000000082900000| Untracked 
|  12|0x0000000082a00000, 0x0000000082a00000, 0x0000000082b00000|  0%| F|  |TAMS 0x0000000082a00000| PB 0x0000000082a00000| Untracked 
|  13|0x0000000082b00000, 0x0000000082b00000, 0x0000000082c00000|  0%| F|  |TAMS 0x0000000082b00000| PB 0x0000000082b00000| Untracked 
|  14|0x0000000082c00000, 0x0000000082c00000, 0x0000000082d00000|  0%| F|  |TAMS 0x0000000082c00000| PB 0x0000000082c00000| Untracked 
|  15|0x0000000082d00000, 0x0000000082d00000, 0x0000000082e00000|  0%| F|  |TAMS 0x0000000082d00000| PB 0x0000000082d00000| Untracked 
|  16|0x0000000082e00000, 0x0000000082e00000, 0x0000000082f00000|  0%| F|  |TAMS 0x0000000082e00000| PB 0x0000000082e00000| Untracked 
|  17|0x0000000082f00000, 0x0000000082f00000, 0x0000000083000000|  0%| F|  |TAMS 0x0000000082f00000| PB 0x0000000082f00000| Untracked 
|  18|0x0000000083000000, 0x0000000083000000, 0x0000000083100000|  0%| F|  |TAMS 0x0000000083000000| PB 0x0000000083000000| Untracked 
|  19|0x0000000083100000, 0x0000000083100000, 0x0000000083200000|  0%| F|  |TAMS 0x0000000083100000| PB 0x0000000083100000| Untracked 
|  20|0x0000000083200000, 0x0000000083200000, 0x0000000083300000|  0%| F|  |TAMS 0x0000000083200000| PB 0x0000000083200000| Untracked 
|  21|0x0000000083300000, 0x0000000083300000, 0x0000000083400000|  0%| F|  |TAMS 0x0000000083300000| PB 0x0000000083300000| Untracked 
|  22|0x0000000083400000, 0x0000000083400000, 0x0000000083500000|  0%| F|  |TAMS 0x0000000083400000| PB 0x0000000083400000| Untracked 
|  23|0x0000000083500000, 0x0000000083500000, 0x0000000083600000|  0%| F|  |TAMS 0x0000000083500000| PB 0x0000000083500000| Untracked 
|  24|0x0000000083600000, 0x0000000083600000, 0x0000000083700000|  0%| F|  |TAMS 0x0000000083600000| PB 0x0000000083600000| Untracked 
|  25|0x0000000083700000, 0x0000000083700000, 0x0000000083800000|  0%| F|  |TAMS 0x0000000083700000| PB 0x0000000083700000| Untracked 
|  26|0x0000000083800000, 0x0000000083800000, 0x0000000083900000|  0%| F|  |TAMS 0x0000000083800000| PB 0x0000000083800000| Untracked 
|  27|0x0000000083900000, 0x0000000083900000, 0x0000000083a00000|  0%| F|  |TAMS 0x0000000083900000| PB 0x0000000083900000| Untracked 
|  28|0x0000000083a00000, 0x0000000083a00000, 0x0000000083b00000|  0%| F|  |TAMS 0x0000000083a00000| PB 0x0000000083a00000| Untracked 
|  29|0x0000000083b00000, 0x0000000083b00000, 0x0000000083c00000|  0%| F|  |TAMS 0x0000000083b00000| PB 0x0000000083b00000| Untracked 
|  30|0x0000000083c00000, 0x0000000083c00000, 0x0000000083d00000|  0%| F|  |TAMS 0x0000000083c00000| PB 0x0000000083c00000| Untracked 
|  31|0x0000000083d00000, 0x0000000083d00000, 0x0000000083e00000|  0%| F|  |TAMS 0x0000000083d00000| PB 0x0000000083d00000| Untracked 
|  32|0x0000000083e00000, 0x0000000083e00000, 0x0000000083f00000|  0%| F|  |TAMS 0x0000000083e00000| PB 0x0000000083e00000| Untracked 
|  33|0x0000000083f00000, 0x0000000083f00000, 0x0000000084000000|  0%| F|  |TAMS 0x0000000083f00000| PB 0x0000000083f00000| Untracked 
|  34|0x0000000084000000, 0x0000000084000000, 0x0000000084100000|  0%| F|  |TAMS 0x0000000084000000| PB 0x0000000084000000| Untracked 
|  35|0x0000000084100000, 0x0000000084100000, 0x0000000084200000|  0%| F|  |TAMS 0x0000000084100000| PB 0x0000000084100000| Untracked 
|  36|0x0000000084200000, 0x0000000084200000, 0x0000000084300000|  0%| F|  |TAMS 0x0000000084200000| PB 0x0000000084200000| Untracked 
|  37|0x0000000084300000, 0x0000000084300000, 0x0000000084400000|  0%| F|  |TAMS 0x0000000084300000| PB 0x0000000084300000| Untracked 
|  38|0x0000000084400000, 0x0000000084400000, 0x0000000084500000|  0%| F|  |TAMS 0x0000000084400000| PB 0x0000000084400000| Untracked 
|  39|0x0000000084500000, 0x0000000084500000, 0x0000000084600000|  0%| F|  |TAMS 0x0000000084500000| PB 0x0000000084500000| Untracked 
|  40|0x0000000084600000, 0x0000000084600000, 0x0000000084700000|  0%| F|  |TAMS 0x0000000084600000| PB 0x0000000084600000| Untracked 
|  41|0x0000000084700000, 0x0000000084700000, 0x0000000084800000|  0%| F|  |TAMS 0x0000000084700000| PB 0x0000000084700000| Untracked 
|  42|0x0000000084800000, 0x0000000084800000, 0x0000000084900000|  0%| F|  |TAMS 0x0000000084800000| PB 0x0000000084800000| Untracked 
|  43|0x0000000084900000, 0x0000000084900000, 0x0000000084a00000|  0%| F|  |TAMS 0x0000000084900000| PB 0x0000000084900000| Untracked 
|  44|0x0000000084a00000, 0x0000000084a00000, 0x0000000084b00000|  0%| F|  |TAMS 0x0000000084a00000| PB 0x0000000084a00000| Untracked 
|  45|0x0000000084b00000, 0x0000000084b00000, 0x0000000084c00000|  0%| F|  |TAMS 0x0000000084b00000| PB 0x0000000084b00000| Untracked 
|  46|0x0000000084c00000, 0x0000000084c00000, 0x0000000084d00000|  0%| F|  |TAMS 0x0000000084c00000| PB 0x0000000084c00000| Untracked 
|  47|0x0000000084d00000, 0x0000000084d00000, 0x0000000084e00000|  0%| F|  |TAMS 0x0000000084d00000| PB 0x0000000084d00000| Untracked 
|  48|0x0000000084e00000, 0x0000000084e00000, 0x0000000084f00000|  0%| F|  |TAMS 0x0000000084e00000| PB 0x0000000084e00000| Untracked 
|  49|0x0000000084f00000, 0x0000000084f00000, 0x0000000085000000|  0%| F|  |TAMS 0x0000000084f00000| PB 0x0000000084f00000| Untracked 
|  50|0x0000000085000000, 0x0000000085000000, 0x0000000085100000|  0%| F|  |TAMS 0x0000000085000000| PB 0x0000000085000000| Untracked 
|  51|0x0000000085100000, 0x0000000085100000, 0x0000000085200000|  0%| F|  |TAMS 0x0000000085100000| PB 0x0000000085100000| Untracked 
|  52|0x0000000085200000, 0x0000000085200000, 0x0000000085300000|  0%| F|  |TAMS 0x0000000085200000| PB 0x0000000085200000| Untracked 
|  53|0x0000000085300000, 0x0000000085300000, 0x0000000085400000|  0%| F|  |TAMS 0x0000000085300000| PB 0x0000000085300000| Untracked 
|  54|0x0000000085400000, 0x0000000085400000, 0x0000000085500000|  0%| F|  |TAMS 0x0000000085400000| PB 0x0000000085400000| Untracked 
|  55|0x0000000085500000, 0x0000000085500000, 0x0000000085600000|  0%| F|  |TAMS 0x0000000085500000| PB 0x0000000085500000| Untracked 
|  56|0x0000000085600000, 0x0000000085600000, 0x0000000085700000|  0%| F|  |TAMS 0x0000000085600000| PB 0x0000000085600000| Untracked 
|  57|0x0000000085700000, 0x0000000085700000, 0x0000000085800000|  0%| F|  |TAMS 0x0000000085700000| PB 0x0000000085700000| Untracked 
|  58|0x0000000085800000, 0x0000000085800000, 0x0000000085900000|  0%| F|  |TAMS 0x0000000085800000| PB 0x0000000085800000| Untracked 
|  59|0x0000000085900000, 0x0000000085900000, 0x0000000085a00000|  0%| F|  |TAMS 0x0000000085900000| PB 0x0000000085900000| Untracked 
|  60|0x0000000085a00000, 0x0000000085a00000, 0x0000000085b00000|  0%| F|  |TAMS 0x0000000085a00000| PB 0x0000000085a00000| Untracked 
|  61|0x0000000085b00000, 0x0000000085b00000, 0x0000000085c00000|  0%| F|  |TAMS 0x0000000085b00000| PB 0x0000000085b00000| Untracked 
|  62|0x0000000085c00000, 0x0000000085c00000, 0x0000000085d00000|  0%| F|  |TAMS 0x0000000085c00000| PB 0x0000000085c00000| Untracked 
|  63|0x0000000085d00000, 0x0000000085d00000, 0x0000000085e00000|  0%| F|  |TAMS 0x0000000085d00000| PB 0x0000000085d00000| Untracked 
|  64|0x0000000085e00000, 0x0000000085e00000, 0x0000000085f00000|  0%| F|  |TAMS 0x0000000085e00000| PB 0x0000000085e00000| Untracked 
|  65|0x0000000085f00000, 0x0000000085f00000, 0x0000000086000000|  0%| F|  |TAMS 0x0000000085f00000| PB 0x0000000085f00000| Untracked 
|  66|0x0000000086000000, 0x0000000086000000, 0x0000000086100000|  0%| F|  |TAMS 0x0000000086000000| PB 0x0000000086000000| Untracked 
|  67|0x0000000086100000, 0x0000000086100000, 0x0000000086200000|  0%| F|  |TAMS 0x0000000086100000| PB 0x0000000086100000| Untracked 
|  68|0x0000000086200000, 0x0000000086200000, 0x0000000086300000|  0%| F|  |TAMS 0x0000000086200000| PB 0x0000000086200000| Untracked 
|  69|0x0000000086300000, 0x0000000086300000, 0x0000000086400000|  0%| F|  |TAMS 0x0000000086300000| PB 0x0000000086300000| Untracked 
|  70|0x0000000086400000, 0x0000000086400000, 0x0000000086500000|  0%| F|  |TAMS 0x0000000086400000| PB 0x0000000086400000| Untracked 
|  71|0x0000000086500000, 0x0000000086500000, 0x0000000086600000|  0%| F|  |TAMS 0x0000000086500000| PB 0x0000000086500000| Untracked 
|  72|0x0000000086600000, 0x0000000086600000, 0x0000000086700000|  0%| F|  |TAMS 0x0000000086600000| PB 0x0000000086600000| Untracked 
|  73|0x0000000086700000, 0x0000000086700000, 0x0000000086800000|  0%| F|  |TAMS 0x0000000086700000| PB 0x0000000086700000| Untracked 
|  74|0x0000000086800000, 0x0000000086800000, 0x0000000086900000|  0%| F|  |TAMS 0x0000000086800000| PB 0x0000000086800000| Untracked 
|  75|0x0000000086900000, 0x0000000086900000, 0x0000000086a00000|  0%| F|  |TAMS 0x0000000086900000| PB 0x0000000086900000| Untracked 
|  76|0x0000000086a00000, 0x0000000086a00000, 0x0000000086b00000|  0%| F|  |TAMS 0x0000000086a00000| PB 0x0000000086a00000| Untracked 
|  77|0x0000000086b00000, 0x0000000086b00000, 0x0000000086c00000|  0%| F|  |TAMS 0x0000000086b00000| PB 0x0000000086b00000| Untracked 
|  78|0x0000000086c00000, 0x0000000086c00000, 0x0000000086d00000|  0%| F|  |TAMS 0x0000000086c00000| PB 0x0000000086c00000| Untracked 
|  79|0x0000000086d00000, 0x0000000086d00000, 0x0000000086e00000|  0%| F|  |TAMS 0x0000000086d00000| PB 0x0000000086d00000| Untracked 
|  80|0x0000000086e00000, 0x0000000086e00000, 0x0000000086f00000|  0%| F|  |TAMS 0x0000000086e00000| PB 0x0000000086e00000| Untracked 
|  81|0x0000000086f00000, 0x0000000086f00000, 0x0000000087000000|  0%| F|  |TAMS 0x0000000086f00000| PB 0x0000000086f00000| Untracked 
|  82|0x0000000087000000, 0x0000000087000000, 0x0000000087100000|  0%| F|  |TAMS 0x0000000087000000| PB 0x0000000087000000| Untracked 
|  83|0x0000000087100000, 0x0000000087100000, 0x0000000087200000|  0%| F|  |TAMS 0x0000000087100000| PB 0x0000000087100000| Untracked 
|  84|0x0000000087200000, 0x0000000087200000, 0x0000000087300000|  0%| F|  |TAMS 0x0000000087200000| PB 0x0000000087200000| Untracked 
|  85|0x0000000087300000, 0x0000000087300000, 0x0000000087400000|  0%| F|  |TAMS 0x0000000087300000| PB 0x0000000087300000| Untracked 
|  86|0x0000000087400000, 0x0000000087400000, 0x0000000087500000|  0%| F|  |TAMS 0x0000000087400000| PB 0x0000000087400000| Untracked 
|  87|0x0000000087500000, 0x0000000087500000, 0x0000000087600000|  0%| F|  |TAMS 0x0000000087500000| PB 0x0000000087500000| Untracked 
|  88|0x0000000087600000, 0x0000000087600000, 0x0000000087700000|  0%| F|  |TAMS 0x0000000087600000| PB 0x0000000087600000| Untracked 
|  89|0x0000000087700000, 0x0000000087700000, 0x0000000087800000|  0%| F|  |TAMS 0x0000000087700000| PB 0x0000000087700000| Untracked 
|  90|0x0000000087800000, 0x0000000087800000, 0x0000000087900000|  0%| F|  |TAMS 0x0000000087800000| PB 0x0000000087800000| Untracked 
|  91|0x0000000087900000, 0x0000000087900000, 0x0000000087a00000|  0%| F|  |TAMS 0x0000000087900000| PB 0x0000000087900000| Untracked 
|  92|0x0000000087a00000, 0x0000000087a00000, 0x0000000087b00000|  0%| F|  |TAMS 0x0000000087a00000| PB 0x0000000087a00000| Untracked 
|  93|0x0000000087b00000, 0x0000000087ba9458, 0x0000000087c00000| 66%| S|CS|TAMS 0x0000000087b00000| PB 0x0000000087b00000| Complete 
|  94|0x0000000087c00000, 0x0000000087d00000, 0x0000000087d00000|100%| S|CS|TAMS 0x0000000087c00000| PB 0x0000000087c00000| Complete 
|  95|0x0000000087d00000, 0x0000000087e00000, 0x0000000087e00000|100%| S|CS|TAMS 0x0000000087d00000| PB 0x0000000087d00000| Complete 
|  96|0x0000000087e00000, 0x0000000087e00000, 0x0000000087f00000|  0%| F|  |TAMS 0x0000000087e00000| PB 0x0000000087e00000| Untracked 
|  97|0x0000000087f00000, 0x0000000087f00000, 0x0000000088000000|  0%| F|  |TAMS 0x0000000087f00000| PB 0x0000000087f00000| Untracked 
|  98|0x0000000088000000, 0x0000000088000000, 0x0000000088100000|  0%| F|  |TAMS 0x0000000088000000| PB 0x0000000088000000| Untracked 
|  99|0x0000000088100000, 0x0000000088100000, 0x0000000088200000|  0%| F|  |TAMS 0x0000000088100000| PB 0x0000000088100000| Untracked 
| 100|0x0000000088200000, 0x0000000088200000, 0x0000000088300000|  0%| F|  |TAMS 0x0000000088200000| PB 0x0000000088200000| Untracked 
| 101|0x0000000088300000, 0x0000000088300000, 0x0000000088400000|  0%| F|  |TAMS 0x0000000088300000| PB 0x0000000088300000| Untracked 
| 102|0x0000000088400000, 0x0000000088400000, 0x0000000088500000|  0%| F|  |TAMS 0x0000000088400000| PB 0x0000000088400000| Untracked 
| 103|0x0000000088500000, 0x0000000088500000, 0x0000000088600000|  0%| F|  |TAMS 0x0000000088500000| PB 0x0000000088500000| Untracked 
| 104|0x0000000088600000, 0x0000000088600000, 0x0000000088700000|  0%| F|  |TAMS 0x0000000088600000| PB 0x0000000088600000| Untracked 
| 105|0x0000000088700000, 0x0000000088700000, 0x0000000088800000|  0%| F|  |TAMS 0x0000000088700000| PB 0x0000000088700000| Untracked 
| 106|0x0000000088800000, 0x0000000088800000, 0x0000000088900000|  0%| F|  |TAMS 0x0000000088800000| PB 0x0000000088800000| Untracked 
| 107|0x0000000088900000, 0x0000000088900000, 0x0000000088a00000|  0%| F|  |TAMS 0x0000000088900000| PB 0x0000000088900000| Untracked 
| 108|0x0000000088a00000, 0x0000000088a00000, 0x0000000088b00000|  0%| F|  |TAMS 0x0000000088a00000| PB 0x0000000088a00000| Untracked 
| 109|0x0000000088b00000, 0x0000000088b00000, 0x0000000088c00000|  0%| F|  |TAMS 0x0000000088b00000| PB 0x0000000088b00000| Untracked 
| 110|0x0000000088c00000, 0x0000000088c00000, 0x0000000088d00000|  0%| F|  |TAMS 0x0000000088c00000| PB 0x0000000088c00000| Untracked 
| 111|0x0000000088d00000, 0x0000000088d00000, 0x0000000088e00000|  0%| F|  |TAMS 0x0000000088d00000| PB 0x0000000088d00000| Untracked 
| 112|0x0000000088e00000, 0x0000000088e00000, 0x0000000088f00000|  0%| F|  |TAMS 0x0000000088e00000| PB 0x0000000088e00000| Untracked 
| 113|0x0000000088f00000, 0x0000000088f00000, 0x0000000089000000|  0%| F|  |TAMS 0x0000000088f00000| PB 0x0000000088f00000| Untracked 
| 114|0x0000000089000000, 0x0000000089000000, 0x0000000089100000|  0%| F|  |TAMS 0x0000000089000000| PB 0x0000000089000000| Untracked 
| 115|0x0000000089100000, 0x0000000089100000, 0x0000000089200000|  0%| F|  |TAMS 0x0000000089100000| PB 0x0000000089100000| Untracked 
| 116|0x0000000089200000, 0x0000000089200000, 0x0000000089300000|  0%| F|  |TAMS 0x0000000089200000| PB 0x0000000089200000| Untracked 
| 117|0x0000000089300000, 0x0000000089300000, 0x0000000089400000|  0%| F|  |TAMS 0x0000000089300000| PB 0x0000000089300000| Untracked 
| 118|0x0000000089400000, 0x0000000089400000, 0x0000000089500000|  0%| F|  |TAMS 0x0000000089400000| PB 0x0000000089400000| Untracked 
| 119|0x0000000089500000, 0x0000000089500000, 0x0000000089600000|  0%| F|  |TAMS 0x0000000089500000| PB 0x0000000089500000| Untracked 
| 120|0x0000000089600000, 0x0000000089600000, 0x0000000089700000|  0%| F|  |TAMS 0x0000000089600000| PB 0x0000000089600000| Untracked 
| 121|0x0000000089700000, 0x0000000089759778, 0x0000000089800000| 34%| E|  |TAMS 0x0000000089700000| PB 0x0000000089700000| Complete 
| 122|0x0000000089800000, 0x0000000089900000, 0x0000000089900000|100%| E|CS|TAMS 0x0000000089800000| PB 0x0000000089800000| Complete 
| 123|0x0000000089900000, 0x0000000089a00000, 0x0000000089a00000|100%| E|CS|TAMS 0x0000000089900000| PB 0x0000000089900000| Complete 
| 124|0x0000000089a00000, 0x0000000089b00000, 0x0000000089b00000|100%| E|CS|TAMS 0x0000000089a00000| PB 0x0000000089a00000| Complete 
| 125|0x0000000089b00000, 0x0000000089c00000, 0x0000000089c00000|100%| E|CS|TAMS 0x0000000089b00000| PB 0x0000000089b00000| Complete 
| 126|0x0000000089c00000, 0x0000000089d00000, 0x0000000089d00000|100%| E|CS|TAMS 0x0000000089c00000| PB 0x0000000089c00000| Complete 
| 127|0x0000000089d00000, 0x0000000089e00000, 0x0000000089e00000|100%| E|CS|TAMS 0x0000000089d00000| PB 0x0000000089d00000| Complete 

Card table byte_map: [0x0000025ac9f30000,0x0000025aca330000] _byte_map_base: 0x0000025ac9b21000

Marking Bits: (CMBitMap*) 0x0000025ab2794740
 Bits: [0x0000025aca730000, 0x0000025acc6b8000)

Polling page: 0x0000025ab08a0000

Metaspace:

Usage:
  Non-class:     12.58 MB used.
      Class:      1.85 MB used.
       Both:     14.43 MB used.

Virtual space:
  Non-class space:       64.00 MB reserved,      12.69 MB ( 20%) committed,  1 nodes.
      Class space:        1.00 GB reserved,       2.00 MB ( <1%) committed,  1 nodes.
             Both:        1.06 GB reserved,      14.69 MB (  1%) committed. 

Chunk freelists:
   Non-Class:  2.80 MB
       Class:  2.05 MB
        Both:  4.84 MB

MaxMetaspaceSize: unlimited
CompressedClassSpaceSize: 1.00 GB
Initial GC threshold: 21.00 MB
Current GC threshold: 21.00 MB
CDS: on
MetaspaceReclaimPolicy: balanced
 - commit_granule_bytes: 65536.
 - commit_granule_words: 8192.
 - virtual_space_node_default_size: 8388608.
 - enlarge_chunks_in_place: 1.
 - new_chunks_are_fully_committed: 0.
 - uncommit_free_chunks: 1.
 - use_allocation_guard: 0.


Internal statistics:

num_allocs_failed_limit: 0.
num_arena_births: 230.
num_arena_deaths: 0.
num_vsnodes_births: 2.
num_vsnodes_deaths: 0.
num_space_committed: 235.
num_space_uncommitted: 0.
num_chunks_returned_to_freelist: 0.
num_chunks_taken_from_freelist: 695.
num_chunk_merges: 0.
num_chunk_splits: 448.
num_chunks_enlarged: 346.
num_inconsistent_stats: 0.

CodeHeap 'non-profiled nmethods': size=120000Kb used=697Kb max_used=697Kb free=119303Kb
 bounds [0x0000025ac22d0000, 0x0000025ac2540000, 0x0000025ac9800000]
CodeHeap 'profiled nmethods': size=120000Kb used=3612Kb max_used=3612Kb free=116387Kb
 bounds [0x0000025aba800000, 0x0000025abab90000, 0x0000025ac1d30000]
CodeHeap 'non-nmethods': size=5760Kb used=1453Kb max_used=1487Kb free=4306Kb
 bounds [0x0000025ac1d30000, 0x0000025ac1fa0000, 0x0000025ac22d0000]
 total_blobs=2479 nmethods=1995 adapters=394
 compilation: enabled
              stopped_count=0, restarted_count=0
 full_count=0

Compilation events (20 events):
Event: 2.868 Thread 0x0000025acf13cff0 1984       3       java.lang.Module::isExported (18 bytes)
Event: 2.869 Thread 0x0000025acf13cff0 nmethod 1984 0x0000025abab84b10 code [0x0000025abab84ce0, 0x0000025abab850d8]
Event: 2.869 Thread 0x0000025acf13cff0 1985       3       jdk.internal.org.objectweb.asm.Frame::addInitializedType (77 bytes)
Event: 2.869 Thread 0x0000025acf13cff0 nmethod 1985 0x0000025abab85290 code [0x0000025abab85440, 0x0000025abab85968]
Event: 2.874 Thread 0x0000025b153dd630 nmethod 1960 0x0000025ac237ae90 code [0x0000025ac237b060, 0x0000025ac237bf50]
Event: 2.874 Thread 0x0000025acf13cff0 1989       1       java.lang.reflect.AccessibleObject::isAccessible (5 bytes)
Event: 2.874 Thread 0x0000025acf13cff0 nmethod 1989 0x0000025ac237c610 code [0x0000025ac237c780, 0x0000025ac237c850]
Event: 2.875 Thread 0x0000025acf13cff0 1990       3       org.springframework.util.ConcurrentReferenceHashMap::put (8 bytes)
Event: 2.875 Thread 0x0000025acf13cff0 nmethod 1990 0x0000025abab85b10 code [0x0000025abab85ca0, 0x0000025abab85dd8]
Event: 2.876 Thread 0x0000025acf13cff0 1991       3       java.nio.ByteBuffer::position (6 bytes)
Event: 2.876 Thread 0x0000025acf13cff0 nmethod 1991 0x0000025abab85e90 code [0x0000025abab86020, 0x0000025abab861e8]
Event: 2.877 Thread 0x0000025b153dd630 1992       4       org.springframework.core.annotation.AttributeMethods::get (7 bytes)
Event: 2.877 Thread 0x0000025acf13cff0 1993       3       java.lang.ClassLoader::createOrGetClassLoaderValueMap (37 bytes)
Event: 2.877 Thread 0x0000025acf13cff0 nmethod 1993 0x0000025abab86290 code [0x0000025abab86440, 0x0000025abab867c0]
Event: 2.878 Thread 0x0000025b153dd630 nmethod 1992 0x0000025ac237c910 code [0x0000025ac237ca80, 0x0000025ac237cb40]
Event: 2.879 Thread 0x0000025b153dd630 1994   !   4       java.net.URL::<init> (543 bytes)
Event: 2.879 Thread 0x0000025acf13cff0 1995       3       java.nio.ByteOrder::nativeOrder (4 bytes)
Event: 2.880 Thread 0x0000025acf13cff0 nmethod 1995 0x0000025abab86910 code [0x0000025abab86aa0, 0x0000025abab86b98]
Event: 2.881 Thread 0x0000025acf13cff0 1996       3       sun.reflect.annotation.AnnotationParser::toArray (18 bytes)
Event: 2.882 Thread 0x0000025acf13cff0 nmethod 1996 0x0000025abab86c10 code [0x0000025abab86dc0, 0x0000025abab87148]

GC Heap History (4 events):
Event: 1.169 GC heap before
{Heap before GC invocations=0 (full 0):
 garbage-first heap   total 131072K, used 23552K [0x0000000081e00000, 0x0000000100000000)
  region size 1024K, 23 young (23552K), 0 survivors (0K)
 Metaspace       used 5643K, committed 5824K, reserved 1114112K
  class space    used 641K, committed 704K, reserved 1048576K
}
Event: 1.181 GC heap after
{Heap after GC invocations=1 (full 0):
 garbage-first heap   total 131072K, used 7225K [0x0000000081e00000, 0x0000000100000000)
  region size 1024K, 3 young (3072K), 3 survivors (3072K)
 Metaspace       used 5643K, committed 5824K, reserved 1114112K
  class space    used 641K, committed 704K, reserved 1048576K
}
Event: 2.682 GC heap before
{Heap before GC invocations=1 (full 0):
 garbage-first heap   total 131072K, used 35897K [0x0000000081e00000, 0x0000000100000000)
  region size 1024K, 32 young (32768K), 3 survivors (3072K)
 Metaspace       used 13037K, committed 13312K, reserved 1114112K
  class space    used 1701K, committed 1856K, reserved 1048576K
}
Event: 2.692 GC heap after
{Heap after GC invocations=2 (full 0):
 garbage-first heap   total 131072K, used 10123K [0x0000000081e00000, 0x0000000100000000)
  region size 1024K, 3 young (3072K), 3 survivors (3072K)
 Metaspace       used 13037K, committed 13312K, reserved 1114112K
  class space    used 1701K, committed 1856K, reserved 1048576K
}

Dll operation events (12 events):
Event: 0.017 Loaded shared library C:\Program Files\Java\jdk-20\bin\java.dll
Event: 0.053 Loaded shared library C:\Program Files\Java\jdk-20\bin\jsvml.dll
Event: 0.229 Loaded shared library C:\Program Files\Java\jdk-20\bin\zip.dll
Event: 0.233 Loaded shared library C:\Program Files\Java\jdk-20\bin\instrument.dll
Event: 0.238 Loaded shared library C:\Program Files\Java\jdk-20\bin\net.dll
Event: 0.241 Loaded shared library C:\Program Files\Java\jdk-20\bin\nio.dll
Event: 0.247 Loaded shared library C:\Program Files\Java\jdk-20\bin\zip.dll
Event: 0.401 Loaded shared library C:\Program Files\JetBrains\IntelliJ IDEA Community Edition 2023.2\bin\breakgen64.dll
Event: 0.418 Loaded shared library C:\Program Files\Java\jdk-20\bin\extnet.dll
Event: 0.466 Loaded shared library C:\Program Files\Java\jdk-20\bin\jimage.dll
Event: 0.824 Loaded shared library C:\Program Files\Java\jdk-20\bin\management.dll
Event: 0.828 Loaded shared library C:\Program Files\Java\jdk-20\bin\management_ext.dll

Deoptimization events (20 events):
Event: 2.759 Thread 0x0000025b14bbfd00 Uncommon trap: trap_request=0xffffff45 fr.pc=0x0000025ac2306f0c relative=0x000000000000040c
Event: 2.759 Thread 0x0000025b14bbfd00 Uncommon trap: reason=unstable_if action=reinterpret pc=0x0000025ac2306f0c method=java.util.zip.ZipCoder.hash(Ljava/lang/String;)I @ 23 c2
Event: 2.759 Thread 0x0000025b14bbfd00 DEOPT PACKING pc=0x0000025ac2306f0c sp=0x00000081299fe070
Event: 2.759 Thread 0x0000025b14bbfd00 DEOPT UNPACKING pc=0x0000025ac1d99d22 sp=0x00000081299fdf88 mode 2
Event: 2.759 Thread 0x0000025b14bbfd00 Uncommon trap: trap_request=0xffffff45 fr.pc=0x0000025ac23051a0 relative=0x0000000000000180
Event: 2.759 Thread 0x0000025b14bbfd00 Uncommon trap: reason=unstable_if action=reinterpret pc=0x0000025ac23051a0 method=java.util.zip.ZipCoder.hash(Ljava/lang/String;)I @ 23 c2
Event: 2.759 Thread 0x0000025b14bbfd00 DEOPT PACKING pc=0x0000025ac23051a0 sp=0x00000081299fe000
Event: 2.759 Thread 0x0000025b14bbfd00 DEOPT UNPACKING pc=0x0000025ac1d99d22 sp=0x00000081299fdf88 mode 2
Event: 2.765 Thread 0x0000025b14bbfd00 Uncommon trap: trap_request=0xffffff45 fr.pc=0x0000025ac22e8654 relative=0x0000000000000054
Event: 2.765 Thread 0x0000025b14bbfd00 Uncommon trap: reason=unstable_if action=reinterpret pc=0x0000025ac22e8654 method=sun.nio.fs.WindowsPathParser.isSlash(C)Z @ 9 c2
Event: 2.765 Thread 0x0000025b14bbfd00 DEOPT PACKING pc=0x0000025ac22e8654 sp=0x00000081299fe200
Event: 2.765 Thread 0x0000025b14bbfd00 DEOPT UNPACKING pc=0x0000025ac1d99d22 sp=0x00000081299fe188 mode 2
Event: 2.777 Thread 0x0000025b14bbfd00 Uncommon trap: trap_request=0xffffff45 fr.pc=0x0000025ac232e914 relative=0x00000000000006b4
Event: 2.777 Thread 0x0000025b14bbfd00 Uncommon trap: reason=unstable_if action=reinterpret pc=0x0000025ac232e914 method=java.util.regex.Matcher.search(I)Z @ 30 c2
Event: 2.777 Thread 0x0000025b14bbfd00 DEOPT PACKING pc=0x0000025ac232e914 sp=0x00000081299fdc20
Event: 2.777 Thread 0x0000025b14bbfd00 DEOPT UNPACKING pc=0x0000025ac1d99d22 sp=0x00000081299fdc00 mode 2
Event: 2.876 Thread 0x0000025b14bbfd00 Uncommon trap: trap_request=0xffffff45 fr.pc=0x0000025ac2357e9c relative=0x000000000000011c
Event: 2.876 Thread 0x0000025b14bbfd00 Uncommon trap: reason=unstable_if action=reinterpret pc=0x0000025ac2357e9c method=java.util.Arrays.equals([Ljava/lang/Object;[Ljava/lang/Object;)Z @ 44 c2
Event: 2.876 Thread 0x0000025b14bbfd00 DEOPT PACKING pc=0x0000025ac2357e9c sp=0x00000081299fd8c0
Event: 2.876 Thread 0x0000025b14bbfd00 DEOPT UNPACKING pc=0x0000025ac1d99d22 sp=0x00000081299fd860 mode 2

Classes loaded (20 events):
Event: 2.822 Loading class jdk/xml/internal/JdkProperty$State
Event: 2.822 Loading class jdk/xml/internal/JdkProperty$State done
Event: 2.822 Loading class com/sun/org/apache/xalan/internal/utils/XMLSecurityPropertyManager
Event: 2.822 Loading class com/sun/org/apache/xalan/internal/utils/FeaturePropertyBase
Event: 2.822 Loading class com/sun/org/apache/xalan/internal/utils/FeaturePropertyBase done
Event: 2.822 Loading class com/sun/org/apache/xalan/internal/utils/XMLSecurityPropertyManager done
Event: 2.823 Loading class com/sun/org/apache/xalan/internal/utils/FeaturePropertyBase$State
Event: 2.823 Loading class com/sun/org/apache/xalan/internal/utils/FeaturePropertyBase$State done
Event: 2.823 Loading class com/sun/org/apache/xalan/internal/utils/XMLSecurityPropertyManager$Property
Event: 2.823 Loading class com/sun/org/apache/xalan/internal/utils/XMLSecurityPropertyManager$Property done
Event: 2.823 Loading class jdk/xml/internal/XMLSecurityManager
Event: 2.823 Loading class jdk/xml/internal/XMLSecurityManager done
Event: 2.823 Loading class jdk/xml/internal/XMLSecurityManager$Limit
Event: 2.824 Loading class jdk/xml/internal/XMLSecurityManager$Limit done
Event: 2.824 Loading class jdk/xml/internal/XMLSecurityManager$Processor
Event: 2.824 Loading class jdk/xml/internal/XMLSecurityManager$Processor done
Event: 2.824 Loading class jdk/xml/internal/XMLSecurityManager$NameMap
Event: 2.824 Loading class jdk/xml/internal/XMLSecurityManager$NameMap done
Event: 2.824 Loading class jdk/xml/internal/JdkProperty
Event: 2.825 Loading class jdk/xml/internal/JdkProperty done

Classes unloaded (0 events):
No events

Classes redefined (0 events):
No events

Internal exceptions (20 events):
Event: 1.779 Thread 0x0000025b14bbfd00 Exception <a 'java/lang/NoSuchMethodError'{0x00000000895e4ba0}: 'java.lang.Object java.lang.invoke.DirectMethodHandle$Holder.invokeSpecial(java.lang.Object, java.lang.Object, java.lang.Object, int, java.lang.Object)'> (0x00000000895e4ba0) 
thrown [s\open\src\hotspot\share\interpreter\linkResolver.cpp, line 773]
Event: 1.780 Thread 0x0000025b14bbfd00 Exception <a 'java/lang/NoSuchMethodError'{0x00000000895ed1c0}: 'java.lang.Object java.lang.invoke.DirectMethodHandle$Holder.newInvokeSpecial(java.lang.Object, java.lang.Object, java.lang.Object, int, java.lang.Object)'> (0x00000000895ed1c0) 
thrown [s\open\src\hotspot\share\interpreter\linkResolver.cpp, line 773]
Event: 1.783 Thread 0x0000025b14bbfd00 Exception <a 'java/lang/NoSuchMethodError'{0x00000000895f4678}: 'java.lang.Object java.lang.invoke.Invokers$Holder.linkToTargetMethod(java.lang.Object, java.lang.Object, int, java.lang.Object, java.lang.Object)'> (0x00000000895f4678) 
thrown [s\open\src\hotspot\share\interpreter\linkResolver.cpp, line 773]
Event: 1.786 Thread 0x0000025b14bbfd00 Exception <a 'java/lang/NoSuchMethodError'{0x00000000894033e0}: 'java.lang.Object java.lang.invoke.DirectMethodHandle$Holder.newInvokeSpecial(java.lang.Object, int, java.lang.Object)'> (0x00000000894033e0) 
thrown [s\open\src\hotspot\share\interpreter\linkResolver.cpp, line 773]
Event: 1.787 Thread 0x0000025b14bbfd00 Exception <a 'java/lang/NoSuchMethodError'{0x0000000089407d90}: 'int java.lang.invoke.DirectMethodHandle$Holder.invokeSpecialIFC(java.lang.Object, java.lang.Object, java.lang.Object, java.lang.Object)'> (0x0000000089407d90) 
thrown [s\open\src\hotspot\share\interpreter\linkResolver.cpp, line 773]
Event: 1.858 Thread 0x0000025b14bbfd00 Exception <a 'java/lang/NoSuchMethodError'{0x00000000894d74f8}: 'void java.lang.invoke.DirectMethodHandle$Holder.invokeInterface(java.lang.Object, java.lang.Object, java.lang.Object)'> (0x00000000894d74f8) 
thrown [s\open\src\hotspot\share\interpreter\linkResolver.cpp, line 773]
Event: 1.925 Thread 0x0000025b14bbfd00 Exception <a 'java/lang/NoSuchMethodError'{0x0000000089361890}: 'void java.lang.invoke.DirectMethodHandle$Holder.invokeStaticInit(java.lang.Object, java.lang.Object)'> (0x0000000089361890) 
thrown [s\open\src\hotspot\share\interpreter\linkResolver.cpp, line 773]
Event: 1.932 Thread 0x0000025b14bbfd00 Exception <a 'java/lang/NoSuchMethodError'{0x000000008936da70}: 'void java.lang.invoke.DirectMethodHandle$Holder.invokeStaticInit(java.lang.Object, java.lang.Object, java.lang.Object)'> (0x000000008936da70) 
thrown [s\open\src\hotspot\share\interpreter\linkResolver.cpp, line 773]
Event: 1.948 Thread 0x0000025b14bbfd00 Exception <a 'java/lang/NoSuchMethodError'{0x00000000893a9a00}: 'java.lang.Object java.lang.invoke.DirectMethodHandle$Holder.invokeStatic(java.lang.Object, long, java.lang.Object)'> (0x00000000893a9a00) 
thrown [s\open\src\hotspot\share\interpreter\linkResolver.cpp, line 773]
Event: 1.949 Thread 0x0000025b14bbfd00 Exception <a 'java/lang/NoSuchMethodError'{0x00000000893ad058}: 'java.lang.Object java.lang.invoke.DirectMethodHandle$Holder.invokeStaticInit(java.lang.Object, long, java.lang.Object)'> (0x00000000893ad058) 
thrown [s\open\src\hotspot\share\interpreter\linkResolver.cpp, line 773]
Event: 1.950 Thread 0x0000025b14bbfd00 Exception <a 'java/lang/NoSuchMethodError'{0x00000000893b2fc8}: 'java.lang.Object java.lang.invoke.DirectMethodHandle$Holder.newInvokeSpecial(java.lang.Object, long)'> (0x00000000893b2fc8) 
thrown [s\open\src\hotspot\share\interpreter\linkResolver.cpp, line 773]
Event: 1.993 Thread 0x0000025b14bbfd00 Exception <a 'java/lang/NoSuchMethodError'{0x00000000893fa5b8}: 'void java.lang.invoke.DirectMethodHandle$Holder.invokeVirtual(java.lang.Object, java.lang.Object, java.lang.Object, java.lang.Object)'> (0x00000000893fa5b8) 
thrown [s\open\src\hotspot\share\interpreter\linkResolver.cpp, line 773]
Event: 2.078 Thread 0x0000025b14bbfd00 Exception <a 'java/lang/NoSuchMethodError'{0x000000008912bf08}: 'void java.lang.invoke.DirectMethodHandle$Holder.invokeSpecial(java.lang.Object, java.lang.Object, java.lang.Object, java.lang.Object, java.lang.Object)'> (0x000000008912bf08) 
thrown [s\open\src\hotspot\share\interpreter\linkResolver.cpp, line 773]
Event: 2.095 Thread 0x0000025b14bbfd00 Exception <a 'java/lang/IncompatibleClassChangeError'{0x0000000089158f50}: Found class java.lang.Object, but interface was expected> (0x0000000089158f50) 
thrown [s\open\src\hotspot\share\interpreter\linkResolver.cpp, line 840]
Event: 2.108 Thread 0x0000025b14bbfd00 Exception <a 'java/lang/NoSuchMethodError'{0x000000008916d988}: 'java.lang.Object java.lang.invoke.DirectMethodHandle$Holder.invokeStaticInit(java.lang.Object, int)'> (0x000000008916d988) 
thrown [s\open\src\hotspot\share\interpreter\linkResolver.cpp, line 773]
Event: 2.112 Thread 0x0000025b14bbfd00 Exception <a 'java/lang/NoSuchMethodError'{0x00000000891b42c0}: 'java.lang.Object java.lang.invoke.DirectMethodHandle$Holder.invokeStatic(java.lang.Object, int, java.lang.Object)'> (0x00000000891b42c0) 
thrown [s\open\src\hotspot\share\interpreter\linkResolver.cpp, line 773]
Event: 2.113 Thread 0x0000025b14bbfd00 Exception <a 'java/lang/NoSuchMethodError'{0x00000000891b7910}: 'java.lang.Object java.lang.invoke.DirectMethodHandle$Holder.invokeStaticInit(java.lang.Object, int, java.lang.Object)'> (0x00000000891b7910) 
thrown [s\open\src\hotspot\share\interpreter\linkResolver.cpp, line 773]
Event: 2.392 Thread 0x0000025b14bbfd00 Exception <a 'java/lang/NoSuchMethodError'{0x0000000088917d68}: 'int java.lang.invoke.Invokers$Holder.invokeExact_MT(java.lang.Object, java.lang.Object)'> (0x0000000088917d68) 
thrown [s\open\src\hotspot\share\interpreter\linkResolver.cpp, line 773]
Event: 2.766 Thread 0x0000025b14bbfd00 Exception <a 'java/lang/NoSuchMethodError'{0x0000000089b76be8}: 'int java.lang.invoke.DirectMethodHandle$Holder.invokeSpecial(java.lang.Object, java.lang.Object, java.lang.Object, java.lang.Object, java.lang.Object)'> (0x0000000089b76be8) 
thrown [s\open\src\hotspot\share\interpreter\linkResolver.cpp, line 773]
Event: 2.770 Thread 0x0000025b14bbfd00 Exception <a 'java/lang/NoSuchMethodError'{0x0000000089a01950}: 'void java.lang.invoke.DirectMethodHandle$Holder.invokeVirtual(java.lang.Object, java.lang.Object)'> (0x0000000089a01950) 
thrown [s\open\src\hotspot\share\interpreter\linkResolver.cpp, line 773]

VM Operations (20 events):
Event: 1.169 Executing VM operation: G1CollectForAllocation
Event: 1.181 Executing VM operation: G1CollectForAllocation done
Event: 1.721 Executing VM operation: HandshakeAllThreads
Event: 1.721 Executing VM operation: HandshakeAllThreads done
Event: 2.024 Executing VM operation: ICBufferFull
Event: 2.024 Executing VM operation: ICBufferFull done
Event: 2.060 Executing VM operation: HandshakeAllThreads
Event: 2.060 Executing VM operation: HandshakeAllThreads done
Event: 2.070 Executing VM operation: HandshakeAllThreads
Event: 2.070 Executing VM operation: HandshakeAllThreads done
Event: 2.071 Executing VM operation: HandshakeAllThreads
Event: 2.071 Executing VM operation: HandshakeAllThreads done
Event: 2.341 Executing VM operation: HandshakeAllThreads
Event: 2.342 Executing VM operation: HandshakeAllThreads done
Event: 2.614 Executing VM operation: HandshakeAllThreads
Event: 2.614 Executing VM operation: HandshakeAllThreads done
Event: 2.682 Executing VM operation: G1CollectForAllocation
Event: 2.693 Executing VM operation: G1CollectForAllocation done
Event: 2.731 Executing VM operation: HandshakeAllThreads
Event: 2.732 Executing VM operation: HandshakeAllThreads done

Events (18 events):
Event: 0.053 Thread 0x0000025ab2735220 Thread added: 0x0000025ab2735220
Event: 0.080 Thread 0x0000025acf0fb390 Thread added: 0x0000025acf0fb390
Event: 0.080 Thread 0x0000025acf0fc230 Thread added: 0x0000025acf0fc230
Event: 0.081 Thread 0x0000025acf101780 Thread added: 0x0000025acf101780
Event: 0.081 Thread 0x0000025acf103430 Thread added: 0x0000025acf103430
Event: 0.081 Thread 0x0000025acf103d70 Thread added: 0x0000025acf103d70
Event: 0.081 Thread 0x0000025acf1047e0 Thread added: 0x0000025acf1047e0
Event: 0.081 Thread 0x0000025acf108010 Thread added: 0x0000025acf108010
Event: 0.082 Thread 0x0000025acf13cff0 Thread added: 0x0000025acf13cff0
Event: 0.201 Thread 0x0000025b14507180 Thread added: 0x0000025b14507180
Event: 0.300 Thread 0x0000025b145da960 Thread added: 0x0000025b145da960
Event: 0.402 Thread 0x0000025b1485efc0 Thread added: 0x0000025b1485efc0
Event: 0.402 Thread 0x0000025b149a1330 Thread added: 0x0000025b149a1330
Event: 0.955 Thread 0x0000025b1502c440 Thread added: 0x0000025b1502c440
Event: 0.960 Thread 0x0000025b14bbfd00 Thread added: 0x0000025b14bbfd00
Event: 2.088 Thread 0x0000025b152dd6d0 Thread added: 0x0000025b152dd6d0
Event: 2.409 Thread 0x0000025b145da960 Thread exited: 0x0000025b145da960
Event: 2.529 Thread 0x0000025b153dd630 Thread added: 0x0000025b153dd630


Dynamic libraries:
0x00007ff7eeca0000 - 0x00007ff7eecb0000 	C:\Program Files\Java\jdk-20\bin\java.exe
0x00007ff90b7d0000 - 0x00007ff90b9e7000 	C:\WINDOWS\SYSTEM32\ntdll.dll
0x00007ff90a4c0000 - 0x00007ff90a584000 	C:\WINDOWS\System32\KERNEL32.DLL
0x00007ff909100000 - 0x00007ff9094a6000 	C:\WINDOWS\System32\KERNELBASE.dll
0x00007ff908ec0000 - 0x00007ff908fd1000 	C:\WINDOWS\System32\ucrtbase.dll
0x00007ff903e20000 - 0x00007ff903e39000 	C:\Program Files\Java\jdk-20\bin\jli.dll
0x00007ff903e50000 - 0x00007ff903e6b000 	C:\Program Files\Java\jdk-20\bin\VCRUNTIME140.dll
0x00007ff909940000 - 0x00007ff9099f1000 	C:\WINDOWS\System32\ADVAPI32.dll
0x00007ff90a860000 - 0x00007ff90a907000 	C:\WINDOWS\System32\msvcrt.dll
0x00007ff90a590000 - 0x00007ff90a635000 	C:\WINDOWS\System32\sechost.dll
0x00007ff90aa50000 - 0x00007ff90ab67000 	C:\WINDOWS\System32\RPCRT4.dll
0x00007ff90a310000 - 0x00007ff90a4be000 	C:\WINDOWS\System32\USER32.dll
0x00007ff908e90000 - 0x00007ff908eb6000 	C:\WINDOWS\System32\win32u.dll
0x00007ff8f2950000 - 0x00007ff8f2be3000 	C:\WINDOWS\WinSxS\amd64_microsoft.windows.common-controls_6595b64144ccf1df_6.0.22621.2506_none_270c5ae97388e100\COMCTL32.dll
0x00007ff90b400000 - 0x00007ff90b429000 	C:\WINDOWS\System32\GDI32.dll
0x00007ff908fe0000 - 0x00007ff9090f8000 	C:\WINDOWS\System32\gdi32full.dll
0x00007ff908c00000 - 0x00007ff908c9a000 	C:\WINDOWS\System32\msvcp_win.dll
0x00007ff8ffb80000 - 0x00007ff8ffb8a000 	C:\WINDOWS\SYSTEM32\VERSION.dll
0x00007ff90b430000 - 0x00007ff90b461000 	C:\WINDOWS\System32\IMM32.DLL
0x00007ff905a20000 - 0x00007ff905a2c000 	C:\Program Files\Java\jdk-20\bin\vcruntime140_1.dll
0x00007ff8e5090000 - 0x00007ff8e511e000 	C:\Program Files\Java\jdk-20\bin\msvcp140.dll
0x00007ff8ac960000 - 0x00007ff8ad5f8000 	C:\Program Files\Java\jdk-20\bin\server\jvm.dll
0x00007ff901360000 - 0x00007ff901394000 	C:\WINDOWS\SYSTEM32\WINMM.dll
0x00007ff8dc320000 - 0x00007ff8dc329000 	C:\WINDOWS\SYSTEM32\WSOCK32.dll
0x00007ff90b470000 - 0x00007ff90b4e1000 	C:\WINDOWS\System32\WS2_32.dll
0x00007ff907b40000 - 0x00007ff907b58000 	C:\WINDOWS\SYSTEM32\kernel.appcore.dll
0x00007ff903e00000 - 0x00007ff903e0a000 	C:\Program Files\Java\jdk-20\bin\jimage.dll
0x00007ff9066c0000 - 0x00007ff9068f3000 	C:\WINDOWS\SYSTEM32\DBGHELP.DLL
0x00007ff90abf0000 - 0x00007ff90af79000 	C:\WINDOWS\System32\combase.dll
0x00007ff90b4f0000 - 0x00007ff90b5c7000 	C:\WINDOWS\System32\OLEAUT32.dll
0x00007ff8f4960000 - 0x00007ff8f4992000 	C:\WINDOWS\SYSTEM32\dbgcore.DLL
0x00007ff908e10000 - 0x00007ff908e8a000 	C:\WINDOWS\System32\bcryptPrimitives.dll
0x00007ff905a40000 - 0x00007ff905a4e000 	C:\Program Files\Java\jdk-20\bin\instrument.dll
0x00007ff903db0000 - 0x00007ff903dd6000 	C:\Program Files\Java\jdk-20\bin\java.dll
0x00007ff8d8eb0000 - 0x00007ff8d8f87000 	C:\Program Files\Java\jdk-20\bin\jsvml.dll
0x00007ff909a00000 - 0x00007ff90a25a000 	C:\WINDOWS\System32\SHELL32.dll
0x00007ff906a60000 - 0x00007ff907356000 	C:\WINDOWS\SYSTEM32\windows.storage.dll
0x00007ff906920000 - 0x00007ff906a5e000 	C:\WINDOWS\SYSTEM32\wintypes.dll
0x00007ff90b5d0000 - 0x00007ff90b6c3000 	C:\WINDOWS\System32\SHCORE.dll
0x00007ff90a800000 - 0x00007ff90a85e000 	C:\WINDOWS\System32\shlwapi.dll
0x00007ff908a70000 - 0x00007ff908a96000 	C:\WINDOWS\SYSTEM32\profapi.dll
0x00007ff8f6260000 - 0x00007ff8f6278000 	C:\Program Files\Java\jdk-20\bin\zip.dll
0x00007ff902710000 - 0x00007ff902723000 	C:\Program Files\Java\jdk-20\bin\net.dll
0x00007ff901760000 - 0x00007ff901897000 	C:\WINDOWS\SYSTEM32\WINHTTP.dll
0x00007ff907fc0000 - 0x00007ff908029000 	C:\WINDOWS\system32\mswsock.dll
0x00007ff9020b0000 - 0x00007ff9020c6000 	C:\Program Files\Java\jdk-20\bin\nio.dll
0x00007ff903d80000 - 0x00007ff903d9a000 	C:\Program Files\JetBrains\IntelliJ IDEA Community Edition 2023.2\bin\breakgen64.dll
0x00007ff902700000 - 0x00007ff902707000 	C:\Program Files\Java\jdk-20\bin\extnet.dll
0x00007ff905a30000 - 0x00007ff905a3a000 	C:\Program Files\Java\jdk-20\bin\management.dll
0x00007ff905a10000 - 0x00007ff905a1b000 	C:\Program Files\Java\jdk-20\bin\management_ext.dll
0x00007ff90b6d0000 - 0x00007ff90b6d8000 	C:\WINDOWS\System32\PSAPI.DLL

dbghelp: loaded successfully - version: 4.0.5 - missing functions: none
symbol engine: initialized successfully - sym options: 0x614 - pdb path: .;C:\Program Files\Java\jdk-20\bin;C:\WINDOWS\SYSTEM32;C:\WINDOWS\WinSxS\amd64_microsoft.windows.common-controls_6595b64144ccf1df_6.0.22621.2506_none_270c5ae97388e100;C:\Program Files\Java\jdk-20\bin\server;C:\Program Files\JetBrains\IntelliJ IDEA Community Edition 2023.2\bin

VM Arguments:
jvm_args: -javaagent:C:\Program Files\JetBrains\IntelliJ IDEA Community Edition 2023.2\lib\idea_rt.jar=64124:C:\Program Files\JetBrains\IntelliJ IDEA Community Edition 2023.2\bin -Dfile.encoding=UTF-8 -Dsun.stdout.encoding=UTF-8 -Dsun.stderr.encoding=UTF-8 
java_command: com.lcwd.electronic.store.ElectronicStoreApplication
java_class_path (initial): E:\code\Electronic-Store\target\classes;C:\Users\91931\.m2\repository\org\springframework\boot\spring-boot-starter-data-jpa\3.1.2\spring-boot-starter-data-jpa-3.1.2.jar;C:\Users\91931\.m2\repository\org\springframework\boot\spring-boot-starter-aop\3.1.2\spring-boot-starter-aop-3.1.2.jar;C:\Users\91931\.m2\repository\org\springframework\spring-aop\6.0.11\spring-aop-6.0.11.jar;C:\Users\91931\.m2\repository\org\aspectj\aspectjweaver\1.9.19\aspectjweaver-1.9.19.jar;C:\Users\91931\.m2\repository\org\springframework\boot\spring-boot-starter-jdbc\3.1.2\spring-boot-starter-jdbc-3.1.2.jar;C:\Users\91931\.m2\repository\com\zaxxer\HikariCP\5.0.1\HikariCP-5.0.1.jar;C:\Users\91931\.m2\repository\org\springframework\spring-jdbc\6.0.11\spring-jdbc-6.0.11.jar;C:\Users\91931\.m2\repository\org\springframework\data\spring-data-jpa\3.1.2\spring-data-jpa-3.1.2.jar;C:\Users\91931\.m2\repository\org\springframework\data\spring-data-commons\3.1.2\spring-data-commons-3.1.2.jar;C:\Users\91931\.m2\repository\org\springframework\spring-orm\6.0.11\spring-orm-6.0.11.jar;C:\Users\91931\.m2\repository\org\springframework\spring-context\6.0.11\spring-context-6.0.11.jar;C:\Users\91931\.m2\repository\org\springframework\spring-tx\6.0.11\spring-tx-6.0.11.jar;C:\Users\91931\.m2\repository\org\springframework\spring-beans\6.0.11\spring-beans-6.0.11.jar;C:\Users\91931\.m2\repository\jakarta\annotation\jakarta.annotation-api\2.1.1\jakarta.annotation-api-2.1.1.jar;C:\Users\91931\.m2\repository\org\slf4j\slf4j-api\2.0.7\slf4j-api-2.0.7.jar;C:\Users\91931\.m2\repository\org\springframework\spring-aspects\6.0.11\spring-aspects-6.0.11.jar;C:\Users\91931\.m2\repository\org\springframework\boot\spring-boot-starter-web\3.1.2\spring-boot-starter-web-3.1.2.jar;C:\Users\91931\.m2\repository\org\springframework\boot\spring-boot-starter\3.1.2\spring-boot-starter-3.1.2.jar;C:\Users\91931\.m2\repository\org\springframework\boot\spring-boot-starter-logging\3.1.2\spring-boot-starter-logging-3.1.2.jar;C:\Users\91931\.m2\repository\ch\qos\logback\logback-classic\1.4.8\logback-classic-1.4.8.jar;C:\Users\91931\.m2\repository\ch\qos\logback\logback-core\1.4.8\logback-core-1.4.8.jar;C:\Users\91931\.m2\repository\org\apache\logging\log4j\log4j-to-slf4j\2.20.0\log4j-to-slf4j-2.20.0.jar;C:\Users\91931\.m2\repository\org\apache\logging\log4j\log4j-api\2.20.0\log4j-api-2.20.0.jar;C:\Users\91931\.m2\repository\org\slf4j\jul-to-slf4j\2.0.7\jul-to-slf4j-2.0.7.jar;C:\Users\91931\.m2\repository\org\yaml\snakeyaml\1.33\snakeyaml-1.33.jar;C:\Users\91931\.m2\repository\org\springframework\boot\spring-boot-starter-json\3.1.2\spring-boot-starter-json-3.1.2.jar;C:\Users\91931\.m2\repository\com\fasterxml\jackson\core\jackson-databind\2.15.2\jackson-databind-2.15.2.jar;C:\Users\91931\.m2\repository\com\fasterxml\jackson\core\jackson-annotations\2.15.2\jackson-annotations-2.15.2.jar;C:\Users\91931\.m2\repository\com\fasterxml\jackson\core\jackson-core\2.15.2\jackson-core-2.15.2.jar;C:\Users\91931\.m2\repository\com\fasterxml\jackson\datatype\jackson-datatype-jdk8\2.15.2\jackson-datatype-jdk8-2.15.2.jar;C:\Users\91931\.m2\repository\com\fasterxml\jackson\datatype\jackson-datatype-jsr310\2.15.2\jackson-datatype-jsr310-2.15.2.jar;C:\Users\91931\.m2\repository\com\fasterxml\jackson\module\jackson-module-parameter-names\2.15.2\jackson-module-parameter-names-2.15.2.jar;C:\Users\91931\.m2\repository\org\springframework\boot\spring-boot-starter-tomcat\3.1.2\spring-boot-starter-tomcat-3.1.2.jar;C:\Users\91931\.m2\repository\org\apache\tomcat\embed\tomcat-embed-core\10.1.11\tomcat-embed-core-10.1.11.jar;C:\Users\91931\.m2\repository\org\apache\tomcat\embed\tomcat-embed-websocket\10.1.11\tomcat-embed-websocket-10.1.11.jar;C:\Users\91931\.m2\repository\org\springframework\spring-web\6.0.11\spring-web-6.0.11.jar;C:\Users\91931\.m2\repository\io\micrometer\micrometer-observation\1.11.2\micrometer-observation-1.11.2.jar;C:\Users\91931\.m2\repository\io\micrometer\micrometer-commons\1.11.2\micrometer-commons-1.11.2.jar;C:\Users\91931\.m2\repository\org\springframework\spring-webmvc\6.0.11\spring-webmvc-6.0.11.jar;C:\Users\91931\.m2\repository\org\springframework\spring-expression\6.0.11\spring-expression-6.0.11.jar;C:\Users\91931\.m2\repository\org\springframework\boot\spring-boot-devtools\3.1.2\spring-boot-devtools-3.1.2.jar;C:\Users\91931\.m2\repository\org\springframework\boot\spring-boot\3.1.2\spring-boot-3.1.2.jar;C:\Users\91931\.m2\repository\org\springframework\boot\spring-boot-autoconfigure\3.1.2\spring-boot-autoconfigure-3.1.2.jar;C:\Users\91931\.m2\repository\com\mysql\mysql-connector-j\8.0.33\mysql-connector-j-8.0.33.jar;C:\Users\91931\.m2\repository\org\projectlombok\lombok\1.18.30\lombok-1.18.30.jar;C:\Users\91931\.m2\repository\jakarta\xml\bind\jakarta.xml.bind-api\4.0.0\jakarta.xml.bind-api-4.0.0.jar;C:\Users\91931\.m2\repository\jakarta\activation\jakarta.activation-api\2.1.2\jakarta.activation-api-2.1.2.jar;C:\Users\91931\.m2\repository\org\springframework\spring-core\6.0.11\spring-core-6.0.11.jar;C:\Users\91931\.m2\repository\org\springframework\spring-jcl\6.0.11\spring-jcl-6.0.11.jar;C:\Users\91931\.m2\repository\com\h2database\h2\1.4.200\h2-1.4.200.jar;C:\Users\91931\.m2\repository\org\hibernate\orm\hibernate-core\6.2.6.Final\hibernate-core-6.2.6.Final.jar;C:\Users\91931\.m2\repository\jakarta\persistence\jakarta.persistence-api\3.1.0\jakarta.persistence-api-3.1.0.jar;C:\Users\91931\.m2\repository\jakarta\transaction\jakarta.transaction-api\2.0.1\jakarta.transaction-api-2.0.1.jar;C:\Users\91931\.m2\repository\org\jboss\logging\jboss-logging\3.5.3.Final\jboss-logging-3.5.3.Final.jar;C:\Users\91931\.m2\repository\org\hibernate\common\hibernate-commons-annotations\6.0.6.Final\hibernate-commons-annotations-6.0.6.Final.jar;C:\Users\91931\.m2\repository\io\smallrye\jandex\3.0.5\jandex-3.0.5.jar;C:\Users\91931\.m2\repository\com\fasterxml\classmate\1.5.1\classmate-1.5.1.jar;C:\Users\91931\.m2\repository\net\bytebuddy\byte-buddy\1.14.5\byte-buddy-1.14.5.jar;C:\Users\91931\.m2\repository\org\glassfish\jaxb\jaxb-runtime\4.0.3\jaxb-runtime-4.0.3.jar;C:\Users\91931\.m2\repository\org\glassfish\jaxb\jaxb-core\4.0.3\jaxb-core-4.0.3.jar;C:\Users\91931\.m2\repository\org\eclipse\angus\angus-activation\2.0.1\angus-activation-2.0.1.jar;C:\Users\91931\.m2\repository\org\glassfish\jaxb\txw2\4.0.3\txw2-4.0.3.jar;C:\Users\91931\.m2\repository\com\sun\istack\istack-commons-runtime\4.1.2\istack-commons-runtime-4.1.2.jar;C:\Users\91931\.m2\repository\jakarta\inject\jakarta.inject-api\2.0.1\jakarta.inject-api-2.0.1.jar;C:\Users\91931\.m2\repository\org\antlr\antlr4-runtime\4.10.1\antlr4-runtime-4.10.1.jar;C:\Users\91931\.m2\repository\org\modelmapper\modelmapper\3.0.0\modelmapper-3.0.0.jar;C:\Users\91931\.m2\repository\org\springframework\boot\spring-boot-starter-validation\3.1.2\spring-boot-starter-validation-3.1.2.jar;C:\Users\91931\.m2\repository\org\apache\tomcat\embed\tomcat-embed-el\10.1.11\tomcat-embed-el-10.1.11.jar;C:\Users\91931\.m2\repository\org\hibernate\validator\hibernate-validator\8.0.1.Final\hibernate-validator-8.0.1.Final.jar;C:\Users\91931\.m2\repository\jakarta\validation\jakarta.validation-api\3.0.2\jakarta.validation-api-3.0.2.jar
Launcher Type: SUN_STANDARD

[Global flags]
     intx CICompilerCount                          = 4                                         {product} {ergonomic}
     uint ConcGCThreads                            = 2                                         {product} {ergonomic}
     uint G1ConcRefinementThreads                  = 8                                         {product} {ergonomic}
   size_t G1HeapRegionSize                         = 1048576                                   {product} {ergonomic}
    uintx GCDrainStackTargetSize                   = 64                                        {product} {ergonomic}
   size_t InitialHeapSize                          = 134217728                                 {product} {ergonomic}
   size_t MarkStackSize                            = 4194304                                   {product} {ergonomic}
   size_t MaxHeapSize                              = 2116026368                                {product} {ergonomic}
   size_t MaxNewSize                               = 1268776960                                {product} {ergonomic}
   size_t MinHeapDeltaBytes                        = 1048576                                   {product} {ergonomic}
   size_t MinHeapSize                              = 8388608                                   {product} {ergonomic}
    uintx NonNMethodCodeHeapSize                   = 5839372                                {pd product} {ergonomic}
    uintx NonProfiledCodeHeapSize                  = 122909434                              {pd product} {ergonomic}
    uintx ProfiledCodeHeapSize                     = 122909434                              {pd product} {ergonomic}
    uintx ReservedCodeCacheSize                    = 251658240                              {pd product} {ergonomic}
     bool SegmentedCodeCache                       = true                                      {product} {ergonomic}
   size_t SoftMaxHeapSize                          = 2116026368                             {manageable} {ergonomic}
     bool UseCompressedClassPointers               = true                           {product lp64_product} {ergonomic}
     bool UseCompressedOops                        = true                           {product lp64_product} {ergonomic}
     bool UseG1GC                                  = true                                      {product} {ergonomic}
     bool UseLargePagesIndividualAllocation        = false                                  {pd product} {ergonomic}

Logging:
Log output configuration:
 #0: stdout all=warning uptime,level,tags foldmultilines=false
 #1: stderr all=off uptime,level,tags foldmultilines=false

Environment Variables:
JAVA_HOME=C:\Program Files\Java\jdk-11.0.10
PATH=C:\Python311\Scripts\;C:\Python311\;C:\Program Files\Common Files\Oracle\Java\javapath;C:\Program Files (x86)\Common Files\Oracle\Java\javapath;C:\Program Files\Java\jdk1.8.0_171\bin;C:\WINDOWS\system32;C:\WINDOWS;C:\WINDOWS\System32\Wbem;C:\WINDOWS\System32\WindowsPowerShell\v1.0\;C:\WINDOWS\System32\OpenSSH\;C:\Program Files\Microsoft SQL Server\Client SDK\ODBC\170\Tools\Binn\;C:\Program Files (x86)\Microsoft SQL Server\150\Tools\Binn\;C:\Program Files\Microsoft SQL Server\150\Tools\Binn\;C:\Program Files\Microsoft SQL Server\150\DTS\Binn\;C:\Maven\apache-maven-3.6.3\bin;C:\Program Files\nodejs\;C:\ProgramData\chocolatey\bin;C:\Program Files\Git\cmd;C:\Program Files\Java\jdk-20\bin;C:\Users\91931\AppData\Local\Microsoft\WindowsApps;C:\Users\91931\AppData\Local\Programs\Microsoft VS Code\bin;C:\Users\91931\AppData\Local\GitHubDesktop\bin;C:\Users\91931\AppData\Roaming\npm;
USERNAME=91931
OS=Windows_NT
PROCESSOR_IDENTIFIER=Intel64 Family 6 Model 142 Stepping 11, GenuineIntel
TMP=C:\Users\91931\AppData\Local\Temp
TEMP=C:\Users\91931\AppData\Local\Temp




---------------  S Y S T E M  ---------------

OS:
 Windows 11 , 64 bit Build 22621 (10.0.22621.2506)
OS uptime: 0 days 15:24 hours

CPU: total 8 (initial active 8) (4 cores per cpu, 2 threads per core) family 6 model 142 stepping 11 microcode 0xde, cx8, cmov, fxsr, ht, mmx, 3dnowpref, sse, sse2, sse3, ssse3, sse4.1, sse4.2, popcnt, lzcnt, tsc, tscinvbit, avx, avx2, aes, erms, clmul, bmi1, bmi2, adx, fma, vzeroupper, clflush, clflushopt, rdtscp, f16c

Memory: 4k page, system-wide physical 8070M (452M free)
TotalPageFile size 15070M (AvailPageFile size 0M)
current process WorkingSet (physical memory assigned to process): 113M, peak: 113M
current process commit charge ("private bytes"): 242M, peak: 243M

vm_info: Java HotSpot(TM) 64-Bit Server VM (20.0.2+9-78) for windows-amd64 JRE (20.0.2+9-78), built on 2023-06-14T10:08:48Z by "mach5one" with MS VC++ 17.1 (VS2022)

END.
